[INFO] Starting execution.
[INFO] Downloading package list from PyPI ...
[ERROR] (x) This package does not have downloadable releases.
[INFO] (x-apps-modules) This package is up to date.
[INFO] (x-ray) This package is up to date.
[INFO] (x-x) This package is up to date.
[INFO] (x10-any) This package is up to date.
[INFO] (x100daemon) This package is up to date.
[INFO] (x100http) This package is up to date.
[INFO] (x100idgen) This package is up to date.
[INFO] (x11-hash) This package is up to date.
[INFO] (x256) This package is up to date.
[INFO] (x2x) This package is up to date.
[INFO] (x2y) This package is up to date.
[INFO] (x509) This package is up to date.
[INFO] (x6tunnel) This package is up to date.
[INFO] (x84) This package is up to date.
[INFO] (x86cpu) This package is up to date.
[INFO] (xaal.bugone) This package is up to date.
[INFO] (xaal.rfswitch) This package is up to date.
[INFO] (xacto) This package is up to date.
[INFO] (xadmin) This package is up to date.
[INFO] (xadrpy) This package is up to date.
[INFO] (xafsmass) This package is up to date.
[ERROR] (xail) This package does not have downloadable releases.
[INFO] (xal) This package is up to date.
[INFO] (xalc) This package is up to date.
[INFO] (xam) This package is up to date.
[INFO] (xamcheck-utils) This package is up to date.
[INFO] (xaml) This package is up to date.
[INFO] (xanadu) This package is up to date.
[INFO] (xanalogica.tumbler) This package is up to date.
[INFO] (xandikos) This package is up to date.
[INFO] (xanespy) This package is up to date.
[INFO] (xapian-haystack) This package is up to date.
[INFO] (xapiand) This package is up to date.
[INFO] (xapo-sdk) This package is up to date.
[INFO] (xappy) This package is up to date.
[ERROR] (xapwrap) This package does not have downloadable releases.
[ERROR] (xaql) This package does not have downloadable releases.
[INFO] (xarn-asodb) This package is up to date.
[INFO] (xarray) This package is up to date.
[INFO] (xart) This package is up to date.
[INFO] (xarticle) This package is up to date.
[ERROR] (xas) This package does not have downloadable releases.
[INFO] (xatk) This package is up to date.
[INFO] (xattr) This package is up to date.
[INFO] (xausky) This package is up to date.
[INFO] (xavier) This package is up to date.
[INFO] (xaxtsuxo) This package is up to date.
[ERROR] (xb) This package does not have downloadable releases.
[INFO] (xbahn) This package is up to date.
[INFO] (xbcf) This package is up to date.
[INFO] (xbcfg) This package is up to date.
[INFO] (xbee) This package is up to date.
[INFO] (xbee-helper) This package is up to date.
[INFO] (xbem) This package is up to date.
[INFO] (xblock) This package is up to date.
[INFO] (xblock-image-modal) This package is up to date.
[INFO] (xblock-openedx) This package is up to date.
[INFO] (xblock-openedx-utils) This package is up to date.
[ERROR] (xblock-sdk) This package does not have downloadable releases.
[INFO] (xbmc-client) This package is up to date.
[INFO] (xbmc-json) This package is up to date.
[INFO] (xbmcswift2) This package is up to date.
[INFO] (xbob.buildout) This package is up to date.
[INFO] (xbob.daq) This package is up to date.
[INFO] (xbob.db.arface) This package is up to date.
[INFO] (xbob.db.atnt) This package is up to date.
[INFO] (xbob.db.atvskeystroke) This package is up to date.
[INFO] (xbob.db.banca) This package is up to date.
[INFO] (xbob.db.biosecure) This package is up to date.
[INFO] (xbob.db.biosecurid.face) This package is up to date.
[INFO] (xbob.db.casia-fasd) This package is up to date.
[INFO] (xbob.db.casme2) This package is up to date.
[INFO] (xbob.db.caspeal) This package is up to date.
[INFO] (xbob.db.faceverif-fl) This package is up to date.
[ERROR] (xbob.db.fir) Could not get a response from API for this package. See below for details.
Traceback (most recent call last):
  File "/usr/local/lib/python3.5/dist-packages/pypicontents/api/pypi.py", line 264, in get_pkgdata
    timeout=10).read()
  File "/usr/lib/python3.5/urllib/request.py", line 163, in urlopen
    return opener.open(url, data, timeout)
  File "/usr/lib/python3.5/urllib/request.py", line 472, in open
    response = meth(req, response)
  File "/usr/lib/python3.5/urllib/request.py", line 582, in http_response
    'http', request, response, code, msg, hdrs)
  File "/usr/lib/python3.5/urllib/request.py", line 510, in error
    return self._call_chain(*args)
  File "/usr/lib/python3.5/urllib/request.py", line 444, in _call_chain
    result = func(*args)
  File "/usr/lib/python3.5/urllib/request.py", line 590, in http_error_default
    raise HTTPError(req.full_url, code, msg, hdrs, fp)
urllib.error.HTTPError: HTTP Error 404: Not Found

[INFO] (xbob.db.frgc) This package is up to date.
[INFO] (xbob.db.gbu) This package is up to date.
[INFO] (xbob.db.lfw) This package is up to date.
[INFO] (xbob.db.lfwidentification) This package is up to date.
[INFO] (xbob.db.livdet2013) This package is up to date.
[INFO] (xbob.db.maskattack) This package is up to date.
[INFO] (xbob.db.mnist) This package is up to date.
[INFO] (xbob.db.mobio) This package is up to date.
[INFO] (xbob.db.multipie) This package is up to date.
[INFO] (xbob.db.nist-sre12) This package is up to date.
[INFO] (xbob.db.nuaa) This package is up to date.
[INFO] (xbob.db.replay) This package is up to date.
[INFO] (xbob.db.scface) This package is up to date.
[INFO] (xbob.db.utfvp) This package is up to date.
[ERROR] (xbob.db.vera) This package does not have downloadable releases.
[INFO] (xbob.db.verification.filelist) This package is up to date.
[INFO] (xbob.db.verification.utils) This package is up to date.
[INFO] (xbob.db.voxforge) This package is up to date.
[INFO] (xbob.db.wine) This package is up to date.
[INFO] (xbob.db.xm2vts) This package is up to date.
[INFO] (xbob.example.faceverify) This package is up to date.
[INFO] (xbob.example.lda) This package is up to date.
[INFO] (xbob.extension) This package is up to date.
[INFO] (xbob.fingervein) This package is up to date.
[INFO] (xbob.flandmark) This package is up to date.
[INFO] (xbob.gender.bimodal) This package is up to date.
[INFO] (xbob.measure.bootstraps) This package is up to date.
[INFO] (xbob.measure.idmeasure) This package is up to date.
[INFO] (xbob.mlp.lbfgs) This package is up to date.
[INFO] (xbob.optflow.liu) This package is up to date.
[INFO] (xbob.paper.biosig2014) This package is up to date.
[INFO] (xbob.paper.btfs2013) This package is up to date.
[INFO] (xbob.paper.example) This package is up to date.
[INFO] (xbob.paper.jmlr2013) This package is up to date.
[INFO] (xbob.paper.tpami2013) This package is up to date.
[INFO] (xbob.sox) This package is up to date.
[INFO] (xbob.thesis.elshafey2014) This package is up to date.
[ERROR] (xboomx) This package does not have downloadable releases.
[INFO] (xbox) This package is up to date.
[INFO] (xboxapi) This package is up to date.
[INFO] (xbundle) This package is up to date.
[INFO] (xbus) This package is up to date.
[INFO] (xbus.broker) This package is up to date.
[INFO] (xbus.file-emitter) This package is up to date.
[INFO] (xbus.monitor) This package is up to date.
[INFO] (xbvc) This package is up to date.
[INFO] (xcache) This package is up to date.
[INFO] (xcal-raman) This package is up to date.
[INFO] (xcal3d) This package is up to date.
[INFO] (xcanvas) This package is up to date.
[INFO] (xcat) This package is up to date.
[INFO] (xcbl) This package is up to date.
[INFO] (xccdf) This package is up to date.
[INFO] (xcessiv) This package is up to date.
[INFO] (xcffib) This package is up to date.
[INFO] (xcfsyslogger) This package is up to date.
[INFO] (xclarity-client) This package is up to date.
[INFO] (xclipboard) This package is up to date.
[INFO] (xcmd) This package is up to date.
[INFO] (xcms) This package is up to date.
[INFO] (xcode-releasemaker) This package is up to date.
[INFO] (xcom2modsync) This package is up to date.
[ERROR] (xcp) This package does not have downloadable releases.
[INFO] (xcrawler) This package is up to date.
[INFO] (xcs) This package is up to date.
[INFO] (xcsoar) This package is up to date.
[ERROR] (xcsoartools) Could not get a response from API for this package. See below for details.
Traceback (most recent call last):
  File "/usr/local/lib/python3.5/dist-packages/pypicontents/api/pypi.py", line 264, in get_pkgdata
    timeout=10).read()
  File "/usr/lib/python3.5/urllib/request.py", line 163, in urlopen
    return opener.open(url, data, timeout)
  File "/usr/lib/python3.5/urllib/request.py", line 472, in open
    response = meth(req, response)
  File "/usr/lib/python3.5/urllib/request.py", line 582, in http_response
    'http', request, response, code, msg, hdrs)
  File "/usr/lib/python3.5/urllib/request.py", line 504, in error
    result = self._call_chain(*args)
  File "/usr/lib/python3.5/urllib/request.py", line 444, in _call_chain
    result = func(*args)
  File "/usr/lib/python3.5/urllib/request.py", line 696, in http_error_302
    return self.parent.open(new, timeout=req.timeout)
  File "/usr/lib/python3.5/urllib/request.py", line 472, in open
    response = meth(req, response)
  File "/usr/lib/python3.5/urllib/request.py", line 582, in http_response
    'http', request, response, code, msg, hdrs)
  File "/usr/lib/python3.5/urllib/request.py", line 510, in error
    return self._call_chain(*args)
  File "/usr/lib/python3.5/urllib/request.py", line 444, in _call_chain
    result = func(*args)
  File "/usr/lib/python3.5/urllib/request.py", line 590, in http_error_default
    raise HTTPError(req.full_url, code, msg, hdrs, fp)
urllib.error.HTTPError: HTTP Error 404: Not Found

[INFO] (xctemplateutils) This package is up to date.
[ERROR] (xctool) This package does not have downloadable releases.
[INFO] (xcute) This package is up to date.
[INFO] (xd-docker) This package is up to date.
[INFO] (xd-tool) This package is up to date.
[INFO] (xdaemonocle) This package is up to date.
[INFO] (xdata) This package is up to date.
[INFO] (xdb) This package is up to date.
[INFO] (xdcc-dl) This package is up to date.
[INFO] (xddos) This package is up to date.
[INFO] (xdebugtoolkit) This package is up to date.
[INFO] (xdelta3) This package is up to date.
[INFO] (xdg) This package is up to date.
[INFO] (xdgmenu) This package is up to date.
[INFO] (xdh-config) This package is up to date.
[INFO] (xdh-dice) This package is up to date.
[INFO] (xdict) This package is up to date.
[INFO] (xdiff) This package is up to date.
[INFO] (xdis) This package is up to date.
[INFO] (xdistutils) This package is up to date.
[INFO] (xdjango) This package is up to date.
[INFO] (xdocs) This package is up to date.
[INFO] (xdot) This package is up to date.
[INFO] (xdress) This package is up to date.
[INFO] (xdrive) This package is up to date.
[ERROR] (xdrlib2) This package does not have downloadable releases.
[INFO] (xdserver) This package is up to date.
[INFO] (xdspider) This package is up to date.
[INFO] (xdv) This package is up to date.
[INFO] (xdvtheme.inventions) This package is up to date.
[INFO] (xdvtheme.sparkling) This package is up to date.
[INFO] (xdwlib) This package is up to date.
[INFO] (xe) This package is up to date.
[ERROR] (xeemon) This package does not have downloadable releases.
[INFO] (xeger) This package is up to date.
[INFO] (xelpaste) This package is up to date.
[ERROR] (xenalib) This package does not have downloadable releases.
[INFO] (xenapi) This package is up to date.
[INFO] (xenapython) This package is up to date.
[INFO] (xenbackup) This package is up to date.
[INFO] (xenballoond) This package is up to date.
[ERROR] (xenia) This package does not have downloadable releases.
[INFO] (xeno) This package is up to date.
[INFO] (xenoglossia) This package is up to date.
[INFO] (xenomapper) This package is up to date.
[INFO] (xenon) This package is up to date.
[INFO] (xenon-player) This package is up to date.
[INFO] (xenon-tools) This package is up to date.
[INFO] (xenon1234) This package is up to date.
[INFO] (xenonmkv) This package is up to date.
[INFO] (xenosimager) This package is up to date.
[INFO] (xenrtapi) This package is up to date.
[INFO] (xenum) This package is up to date.
[INFO] (xenzen) This package is up to date.
[INFO] (xerial) This package is up to date.
[INFO] (xeroapi) This package is up to date.
[INFO] (xerox) This package is up to date.
[INFO] (xes) This package is up to date.
[INFO] (xetracker) This package is up to date.
[INFO] (xexpr) This package is up to date.
[INFO] (xextract) This package is up to date.
[INFO] (xf-nester) This package is up to date.
[INFO] (xfab) This package is up to date.
[ERROR] (xfacereclib.book.fraes2016) This package does not have downloadable releases.
[INFO] (xfacereclib.extension.csu) This package is up to date.
[INFO] (xfacereclib.paper.befit2012) This package is up to date.
[INFO] (xfacereclib.paper.iet2014) This package is up to date.
[INFO] (xfacereclib.paper.iet2015) This package is up to date.
[INFO] (xfail) This package is up to date.
[INFO] (xfer) This package is up to date.
[INFO] (xfers) This package is up to date.
[ERROR] (xfile) This package does not have downloadable releases.
[ERROR] (xfl) This package does not have downloadable releases.
[INFO] (xflash) This package is up to date.
[INFO] (xflat) This package is up to date.
[INFO] (xflow) This package is up to date.
[INFO] (xfnester) This package is up to date.
[INFO] (xfork) This package is up to date.
[INFO] (xframes) This package is up to date.
[INFO] (xfs) This package is up to date.
[INFO] (xfw) This package is up to date.
[INFO] (xgbfir) This package is up to date.
[INFO] (xgbmagic) This package is up to date.
[ERROR] (xgboost) This package does not have downloadable releases.
[INFO] (xgboostwithwarmstart) This package is up to date.
[INFO] (xgitberg) This package is up to date.
[ERROR] (xgitgitlab) This package does not have downloadable releases.
[INFO] (xgoogle) This package is up to date.
[INFO] (xheap) This package is up to date.
[INFO] (xhm) This package is up to date.
[INFO] (xhostplus.blog) This package is up to date.
[INFO] (xhostplus.gallery) This package is up to date.
[INFO] (xhostplus.intropage) This package is up to date.
[INFO] (xhostplus.picturefolder) This package is up to date.
[INFO] (xhostplus.social) This package is up to date.
[INFO] (xhostplus.textzoom) This package is up to date.
[INFO] (xhostplus.videojs) This package is up to date.
[ERROR] (xhotkeys) Could not get a response from API for this package. See below for details.
Traceback (most recent call last):
  File "/usr/local/lib/python3.5/dist-packages/pypicontents/api/pypi.py", line 264, in get_pkgdata
    timeout=10).read()
  File "/usr/lib/python3.5/urllib/request.py", line 163, in urlopen
    return opener.open(url, data, timeout)
  File "/usr/lib/python3.5/urllib/request.py", line 472, in open
    response = meth(req, response)
  File "/usr/lib/python3.5/urllib/request.py", line 582, in http_response
    'http', request, response, code, msg, hdrs)
  File "/usr/lib/python3.5/urllib/request.py", line 510, in error
    return self._call_chain(*args)
  File "/usr/lib/python3.5/urllib/request.py", line 444, in _call_chain
    result = func(*args)
  File "/usr/lib/python3.5/urllib/request.py", line 590, in http_error_default
    raise HTTPError(req.full_url, code, msg, hdrs, fp)
urllib.error.HTTPError: HTTP Error 404: Not Found

[INFO] (xhpy) This package is up to date.
[INFO] (xhtml2pdf) This package is up to date.
[ERROR] (xhtmlhook) This package does not have downloadable releases.
[ERROR] (xhttp) This package does not have downloadable releases.
[INFO] (xi) This package is up to date.
[INFO] (xiami) This package is up to date.
[INFO] (xiangcheck) This package is up to date.
[INFO] (xiangqi-setup) This package is up to date.
[INFO] (xianshi) This package is up to date.
[INFO] (xiaodnester) This package is up to date.
[INFO] (xiaofu) This package is up to date.
[INFO] (xiaofufu) This package is up to date.
[INFO] (xiaoli-nester) This package is up to date.
[INFO] (xiaowei) This package is up to date.
[INFO] (xiaoyanshitool) This package is up to date.
[INFO] (xiashan) This package is up to date.
[INFO] (xibless) This package is up to date.
[INFO] (xicam) This package is up to date.
[INFO] (xickle) This package is up to date.
[INFO] (xid) This package is up to date.
[INFO] (xideco) This package is up to date.
[INFO] (xigt) This package is up to date.
[INFO] (xillypy) This package is up to date.
[INFO] (ximenez) This package is up to date.
[INFO] (ximpia) This package is up to date.
[INFO] (xin-back) This package is up to date.
[INFO] (xing-plus) This package is up to date.
[INFO] (xinge-push) This package is up to date.
[ERROR] (xingenester) Could not get a response from API for this package. See below for details.
Traceback (most recent call last):
  File "/usr/local/lib/python3.5/dist-packages/pypicontents/api/pypi.py", line 264, in get_pkgdata
    timeout=10).read()
  File "/usr/lib/python3.5/urllib/request.py", line 163, in urlopen
    return opener.open(url, data, timeout)
  File "/usr/lib/python3.5/urllib/request.py", line 472, in open
    response = meth(req, response)
  File "/usr/lib/python3.5/urllib/request.py", line 582, in http_response
    'http', request, response, code, msg, hdrs)
  File "/usr/lib/python3.5/urllib/request.py", line 510, in error
    return self._call_chain(*args)
  File "/usr/lib/python3.5/urllib/request.py", line 444, in _call_chain
    result = func(*args)
  File "/usr/lib/python3.5/urllib/request.py", line 590, in http_error_default
    raise HTTPError(req.full_url, code, msg, hdrs, fp)
urllib.error.HTTPError: HTTP Error 404: Not Found

[INFO] (xinmokk) This package is up to date.
[INFO] (xinnester) This package is up to date.
[INFO] (xinput) This package is up to date.
[INFO] (xinutil) This package is up to date.
[INFO] (xiongxiong) This package is up to date.
[INFO] (xipy) This package is up to date.
[INFO] (xiren) This package is up to date.
[INFO] (xirvik-tools) This package is up to date.
[ERROR] (xiter) Could not get a response from API for this package. See below for details.
Traceback (most recent call last):
  File "/usr/local/lib/python3.5/dist-packages/pypicontents/api/pypi.py", line 264, in get_pkgdata
    timeout=10).read()
  File "/usr/lib/python3.5/urllib/request.py", line 163, in urlopen
    return opener.open(url, data, timeout)
  File "/usr/lib/python3.5/urllib/request.py", line 472, in open
    response = meth(req, response)
  File "/usr/lib/python3.5/urllib/request.py", line 582, in http_response
    'http', request, response, code, msg, hdrs)
  File "/usr/lib/python3.5/urllib/request.py", line 510, in error
    return self._call_chain(*args)
  File "/usr/lib/python3.5/urllib/request.py", line 444, in _call_chain
    result = func(*args)
  File "/usr/lib/python3.5/urllib/request.py", line 590, in http_error_default
    raise HTTPError(req.full_url, code, msg, hdrs, fp)
urllib.error.HTTPError: HTTP Error 404: Not Found

[INFO] (xively-mqtt) This package is up to date.
[INFO] (xively-python) This package is up to date.
[ERROR] (xivelymqtt) This package does not have downloadable releases.
[INFO] (xivo-client-sim) This package is up to date.
[INFO] (xivo-test-helpers) This package is up to date.
[INFO] (xivo-ws) This package is up to date.
[INFO] (xix-utils) This package is up to date.
[INFO] (xiyuhaochi) This package is up to date.
[INFO] (xjpath) This package is up to date.
[INFO] (xjson) This package is up to date.
[ERROR] (xkbcommon) This package does not have downloadable releases.
[INFO] (xkbgroup) This package is up to date.
[INFO] (xkcd) This package is up to date.
[INFO] (xkcd-dl) This package is up to date.
[INFO] (xkcd-get) This package is up to date.
[INFO] (xkcd-wallpaper) This package is up to date.
[INFO] (xkcdhermit) This package is up to date.
[INFO] (xkcdloadrbot) This package is up to date.
[INFO] (xkcdpass) This package is up to date.
[INFO] (xkcdpassword) This package is up to date.
[INFO] (xkcdrand) This package is up to date.
[INFO] (xkiller) This package is up to date.
[INFO] (xknx) This package is up to date.
[INFO] (xkpa) This package is up to date.
[ERROR] (xl) This package does not have downloadable releases.
[INFO] (xl-helper) This package is up to date.
[INFO] (xl-nester) This package is up to date.
[INFO] (xl2dict) This package is up to date.
[INFO] (xl2py) This package is up to date.
[INFO] (xlart) This package is up to date.
[INFO] (xlb-nester) This package is up to date.
[INFO] (xld) This package is up to date.
[INFO] (xldeploy-py) This package is up to date.
[ERROR] (xlibris) This package does not have downloadable releases.
[INFO] (xlmacros) This package is up to date.
[INFO] (xlmhg) This package is up to date.
[INFO] (xlocal) This package is up to date.
[INFO] (xlocale) This package is up to date.
[INFO] (xlogin) This package is up to date.
[ERROR] (xlpo) This package does not have downloadable releases.
[INFO] (xlpython) This package is up to date.
[INFO] (xlrd) This package is up to date.
[INFO] (xlrd-with-formulas) This package is up to date.
[ERROR] (xlrd3k) Could not get a response from API for this package. See below for details.
Traceback (most recent call last):
  File "/usr/local/lib/python3.5/dist-packages/pypicontents/api/pypi.py", line 264, in get_pkgdata
    timeout=10).read()
  File "/usr/lib/python3.5/urllib/request.py", line 163, in urlopen
    return opener.open(url, data, timeout)
  File "/usr/lib/python3.5/urllib/request.py", line 472, in open
    response = meth(req, response)
  File "/usr/lib/python3.5/urllib/request.py", line 582, in http_response
    'http', request, response, code, msg, hdrs)
  File "/usr/lib/python3.5/urllib/request.py", line 510, in error
    return self._call_chain(*args)
  File "/usr/lib/python3.5/urllib/request.py", line 444, in _call_chain
    result = func(*args)
  File "/usr/lib/python3.5/urllib/request.py", line 590, in http_error_default
    raise HTTPError(req.full_url, code, msg, hdrs, fp)
urllib.error.HTTPError: HTTP Error 404: Not Found

[INFO] (xls) This package is up to date.
[ERROR] (xls2csv) Could not extract data from this package. See below for details.
".0.4.py" extension not supported.
[INFO] (xls2db) This package is up to date.
[INFO] (xlsconv) This package is up to date.
[INFO] (xlscript) This package is up to date.
[INFO] (xlseries) This package is up to date.
[INFO] (xlserver) This package is up to date.
[INFO] (xlsimport) This package is up to date.
[INFO] (xlsrch) This package is up to date.
[ERROR] (xlsx) This package does not have downloadable releases.
[INFO] (xlsx-streaming) This package is up to date.
[INFO] (xlsx-to-handontable) This package is up to date.
[INFO] (xlsx2csv) This package is up to date.
[INFO] (xlsxcessive) This package is up to date.
[INFO] (xlsxcursor) This package is up to date.
[INFO] (xlsxdiff) This package is up to date.
[INFO] (xlsxdocument) This package is up to date.
[INFO] (xlsxwriter) This package is up to date.
[ERROR] (xlsxwriterchan) This package does not have downloadable releases.
[INFO] (xltable) This package is up to date.
[INFO] (xltools) This package is up to date.
[INFO] (xlutils) This package is up to date.
[INFO] (xlutils3) This package is up to date.
[INFO] (xlwings) This package is up to date.
[INFO] (xlwrap) This package is up to date.
[INFO] (xlwt) This package is up to date.
[INFO] (xlwt-future) This package is up to date.
[ERROR] (xlwt3k) Could not get a response from API for this package. See below for details.
Traceback (most recent call last):
  File "/usr/local/lib/python3.5/dist-packages/pypicontents/api/pypi.py", line 264, in get_pkgdata
    timeout=10).read()
  File "/usr/lib/python3.5/urllib/request.py", line 163, in urlopen
    return opener.open(url, data, timeout)
  File "/usr/lib/python3.5/urllib/request.py", line 472, in open
    response = meth(req, response)
  File "/usr/lib/python3.5/urllib/request.py", line 582, in http_response
    'http', request, response, code, msg, hdrs)
  File "/usr/lib/python3.5/urllib/request.py", line 510, in error
    return self._call_chain(*args)
  File "/usr/lib/python3.5/urllib/request.py", line 444, in _call_chain
    result = func(*args)
  File "/usr/lib/python3.5/urllib/request.py", line 590, in http_error_default
    raise HTTPError(req.full_url, code, msg, hdrs, fp)
urllib.error.HTTPError: HTTP Error 404: Not Found

[INFO] (xlxlxl181-nester) This package is up to date.
[INFO] (xm.booking) This package is up to date.
[INFO] (xm.charting) This package is up to date.
[INFO] (xm.globalissues) This package is up to date.
[INFO] (xm.hitcounter) This package is up to date.
[INFO] (xm.portlets) This package is up to date.
[INFO] (xm.theme) This package is up to date.
[INFO] (xm.tracker) This package is up to date.
[ERROR] (xman) This package does not have downloadable releases.
[ERROR] (xmarcoscrawler) This package does not have downloadable releases.
[INFO] (xmastree) This package is up to date.
[INFO] (xmatch) This package is up to date.
[ERROR] (xmd) This package does not have downloadable releases.
[INFO] (xmemx) This package is up to date.
[INFO] (xmgrace-parser) This package is up to date.
[INFO] (xmi2odoo) This package is up to date.
[INFO] (xmi2oerp) This package is up to date.
[INFO] (xmind2testlink) This package is up to date.
[INFO] (xmiparser) This package is up to date.
[INFO] (xmisc) This package is up to date.
[INFO] (xmitgcm) This package is up to date.
[INFO] (xml-archive-to-pdf) This package is up to date.
[INFO] (xml-browser) This package is up to date.
[INFO] (xml-cleaner) This package is up to date.
[INFO] (xml-compare) This package is up to date.
[INFO] (xml-diff) This package is up to date.
[INFO] (xml-marshaller) This package is up to date.
[INFO] (xml-models) This package is up to date.
[INFO] (xml-models-redux) This package is up to date.
[INFO] (xml-models2) This package is up to date.
[INFO] (xml-orm) This package is up to date.
[INFO] (xml-preferences) This package is up to date.
[ERROR] (xml-template) Could not extract data from this package. See below for details.
This package download URL does not point to a valid file: "http://klette.us/~klette/xml-template"
[INFO] (xml2csv) This package is up to date.
[INFO] (xml2data) This package is up to date.
[INFO] (xml2ddl) This package is up to date.
[INFO] (xml2dict) This package is up to date.
[INFO] (xml2dictnitrate) This package is up to date.
[INFO] (xml2json) This package is up to date.
[INFO] (xml2obj) This package is up to date.
[INFO] (xml2py) This package is up to date.
[INFO] (xml2rfc) This package is up to date.
[INFO] (xml2xlsx) This package is up to date.
[INFO] (xml4h) This package is up to date.
[INFO] (xmla) This package is up to date.
[INFO] (xmlarrangement-android) This package is up to date.
[INFO] (xmlbear) This package is up to date.
[INFO] (xmlbegone) This package is up to date.
[INFO] (xmlbuilder) This package is up to date.
[INFO] (xmlcheck) This package is up to date.
[INFO] (xmlcmd) This package is up to date.
[INFO] (xmlcomparator) This package is up to date.
[INFO] (xmlcompare) This package is up to date.
[INFO] (xmlconfig) This package is up to date.
[INFO] (xmldataset) This package is up to date.
[INFO] (xmldestroyer) This package is up to date.
[INFO] (xmldict) This package is up to date.
[INFO] (xmldict-translate) This package is up to date.
[INFO] (xmldiff) This package is up to date.
[INFO] (xmldiff-real) This package is up to date.
[INFO] (xmldirector.bookalope) This package is up to date.
[INFO] (xmldirector.crex) This package is up to date.
[INFO] (xmldirector.demo) This package is up to date.
[INFO] (xmldirector.dita) This package is up to date.
[INFO] (xmldirector.dropbox) This package is up to date.
[INFO] (xmldirector.facebook) This package is up to date.
[INFO] (xmldirector.plonecore) This package is up to date.
[INFO] (xmldirector.twitter) This package is up to date.
[INFO] (xmldsig) This package is up to date.
[INFO] (xmlegant) This package is up to date.
[ERROR] (xmlenc) This package does not have downloadable releases.
[INFO] (xmler) This package is up to date.
[ERROR] (xmlfetch) This package does not have downloadable releases.
[INFO] (xmlformatter) This package is up to date.
[INFO] (xmlify) This package is up to date.
[ERROR] (xmlist) This package does not have downloadable releases.
[INFO] (xmljson) This package is up to date.
[INFO] (xmllayout) This package is up to date.
[INFO] (xmlmodel) This package is up to date.
[ERROR] (xmlmp) Could not extract data from this package. See below for details.
This package download URL does not point to a valid file: "http://efault.net/npat/hacks/xmlmp/dist"
[INFO] (xmlobject) This package is up to date.
[INFO] (xmlobjects) This package is up to date.
[INFO] (xmlpolymerase) This package is up to date.
[INFO] (xmlprops) This package is up to date.
[INFO] (xmlpumpkin) This package is up to date.
[INFO] (xmlpylighter) This package is up to date.
[INFO] (xmlr) This package is up to date.
[ERROR] (xmlreader) Could not get a response from API for this package. See below for details.
Traceback (most recent call last):
  File "/usr/local/lib/python3.5/dist-packages/pypicontents/api/pypi.py", line 264, in get_pkgdata
    timeout=10).read()
  File "/usr/lib/python3.5/urllib/request.py", line 163, in urlopen
    return opener.open(url, data, timeout)
  File "/usr/lib/python3.5/urllib/request.py", line 472, in open
    response = meth(req, response)
  File "/usr/lib/python3.5/urllib/request.py", line 582, in http_response
    'http', request, response, code, msg, hdrs)
  File "/usr/lib/python3.5/urllib/request.py", line 504, in error
    result = self._call_chain(*args)
  File "/usr/lib/python3.5/urllib/request.py", line 444, in _call_chain
    result = func(*args)
  File "/usr/lib/python3.5/urllib/request.py", line 696, in http_error_302
    return self.parent.open(new, timeout=req.timeout)
  File "/usr/lib/python3.5/urllib/request.py", line 472, in open
    response = meth(req, response)
  File "/usr/lib/python3.5/urllib/request.py", line 582, in http_response
    'http', request, response, code, msg, hdrs)
  File "/usr/lib/python3.5/urllib/request.py", line 510, in error
    return self._call_chain(*args)
  File "/usr/lib/python3.5/urllib/request.py", line 444, in _call_chain
    result = func(*args)
  File "/usr/lib/python3.5/urllib/request.py", line 590, in http_error_default
    raise HTTPError(req.full_url, code, msg, hdrs, fp)
urllib.error.HTTPError: HTTP Error 404: Not Found

[INFO] (xmlrpc2) This package is up to date.
[INFO] (xmlrpcauth) This package is up to date.
[INFO] (xmlrpcdo) This package is up to date.
[ERROR] (xmlrpclib) Could not extract data from this package. See below for details.
This package download URL does not point to a valid file: "http://effbot.org/downloads/#xmlrpclib"
[INFO] (xmlrpclib-to) This package is up to date.
[INFO] (xmlrpclibex) This package is up to date.
[ERROR] (xmlrpcssl) This package does not have downloadable releases.
[INFO] (xmlrunner) This package is up to date.
[INFO] (xmlschema) This package is up to date.
[INFO] (xmlsec) This package is up to date.
[INFO] (xmlsec-aop) This package is up to date.
[INFO] (xmlsec-pgp) This package is up to date.
[ERROR] (xmlsecurity) This package does not have downloadable releases.
[ERROR] (xmlsimple) This package does not have downloadable releases.
[INFO] (xmlsquash) This package is up to date.
[INFO] (xmlstats-py) This package is up to date.
[INFO] (xmltag) This package is up to date.
[ERROR] (xmltestrunner) Could not extract data from this package. See below for details.
".py" extension not supported.
[INFO] (xmltodict) This package is up to date.
[ERROR] (xmltodictest) This package does not have downloadable releases.
[INFO] (xmltojson) This package is up to date.
[INFO] (xmltool) This package is up to date.
[ERROR] (xmltools) This package does not have downloadable releases.
[INFO] (xmltopy) This package is up to date.
[ERROR] (xmltramp) Could not extract data from this package. See below for details.
".py" extension not supported.
[INFO] (xmltramp2) This package is up to date.
[INFO] (xmltrans) This package is up to date.
[INFO] (xmltranslate) This package is up to date.
[ERROR] (xmltreewalker) Could not extract data from this package. See below for details.
"http://www.schmut.com/xmltreewalker-0.1.tar.gz" file could not be downloaded. See below for details.
Traceback (most recent call last):
  File "/usr/local/lib/python3.5/dist-packages/pypicontents/api/pypi.py", line 107, in download_tar
    f.write(urlopen(url=urlesc(pkgurl), timeout=10).read())
  File "/usr/lib/python3.5/urllib/request.py", line 163, in urlopen
    return opener.open(url, data, timeout)
  File "/usr/lib/python3.5/urllib/request.py", line 472, in open
    response = meth(req, response)
  File "/usr/lib/python3.5/urllib/request.py", line 582, in http_response
    'http', request, response, code, msg, hdrs)
  File "/usr/lib/python3.5/urllib/request.py", line 510, in error
    return self._call_chain(*args)
  File "/usr/lib/python3.5/urllib/request.py", line 444, in _call_chain
    result = func(*args)
  File "/usr/lib/python3.5/urllib/request.py", line 590, in http_error_default
    raise HTTPError(req.full_url, code, msg, hdrs, fp)
urllib.error.HTTPError: HTTP Error 404: Not Found

[INFO] (xmlunittest) This package is up to date.
[INFO] (xmlunittestbetter) This package is up to date.
[INFO] (xmlutils) This package is up to date.
[INFO] (xmlvirshparser) This package is up to date.
[INFO] (xmlwitch) This package is up to date.
[INFO] (xmm) This package is up to date.
[INFO] (xmmsclient) This package is up to date.
[ERROR] (xmmspy) This package does not have downloadable releases.
[INFO] (xmodels) This package is up to date.
[INFO] (xmodem) This package is up to date.
[INFO] (xmp-tool) This package is up to date.
[INFO] (xmpp-backends) This package is up to date.
[INFO] (xmpp-logging-handler) This package is up to date.
[INFO] (xmpp2) This package is up to date.
[INFO] (xmppcat) This package is up to date.
[INFO] (xmppgcm) This package is up to date.
[ERROR] (xmppony) Could not extract data from this package. See below for details.
This package download URL does not point to a valid file: "http://xmppony.last-exile.org/#download"
[INFO] (xmpppy) This package is up to date.
[INFO] (xmppwb) This package is up to date.
[ERROR] (xmppxmlrpc) Could not extract data from this package. See below for details.
".php" extension not supported.
[INFO] (xms-sdk) This package is up to date.
[INFO] (xmsg) This package is up to date.
[INFO] (xmsgs-tools) This package is up to date.
[INFO] (xmutant) This package is up to date.
[INFO] (xnat) This package is up to date.
[INFO] (xndzkteste) This package is up to date.
[INFO] (xnesterx) This package is up to date.
[INFO] (xnet) This package is up to date.
[INFO] (xnm) This package is up to date.
[INFO] (xnormal) This package is up to date.
[INFO] (xnova) Data has been updated for this package.
[INFO] (xnrpc) This package is up to date.
[INFO] (xnt) This package is up to date.
[INFO] (xntool) This package is up to date.
[INFO] (xnumpy) This package is up to date.
[INFO] (xo) This package is up to date.
[INFO] (xocto) This package is up to date.
[INFO] (xodb) This package is up to date.
[ERROR] (xodmr) This package does not have downloadable releases.
[INFO] (xoeuf) This package is up to date.
[INFO] (xolib) This package is up to date.
[INFO] (xolnowplaying) This package is up to date.
[INFO] (xolphin-api) This package is up to date.
[INFO] (xon) This package is up to date.
[INFO] (xonda) This package is up to date.
[INFO] (xonester) This package is up to date.
[INFO] (xonsh) This package is up to date.
[INFO] (xonsh-apt-tabcomplete) This package is up to date.
[INFO] (xonsh-autoxsh) This package is up to date.
[INFO] (xonsh-click-tabcomplete) This package is up to date.
[INFO] (xonsh-docker-tabcomplete) This package is up to date.
[INFO] (xonsh-kernel) This package is up to date.
[INFO] (xonsh-pacman-tabcomplete) This package is up to date.
[INFO] (xonsh-scrapy-tabcomplete) This package is up to date.
[INFO] (xonsh-vox-tabcomplete) This package is up to date.
[INFO] (xonshpiration) This package is up to date.
[INFO] (xontrib-avox) This package is up to date.
[INFO] (xontrib-dotenv) This package is up to date.
[INFO] (xontrib-fzf-widgets) This package is up to date.
[INFO] (xontrib-powerline) This package is up to date.
[INFO] (xontrib-prompt-ret-code) This package is up to date.
[INFO] (xontrib-prompt-vi-mode) This package is up to date.
[INFO] (xontrib-thefuck) This package is up to date.
[INFO] (xontrib-z) This package is up to date.
[INFO] (xooof.schema.dev) This package is up to date.
[INFO] (xooof.spectools) This package is up to date.
[INFO] (xooof.xmldispatcher) This package is up to date.
[INFO] (xooof.xmlstruct) This package is up to date.
[INFO] (xopen) This package is up to date.
[INFO] (xoppy) This package is up to date.
[ERROR] (xor-decode-hotrazor) This package does not have downloadable releases.
[INFO] (xor-string) This package is up to date.
[ERROR] (xorblast) This package does not have downloadable releases.
[ERROR] (xorcrypt) This package does not have downloadable releases.
[ERROR] (xorm) This package does not have downloadable releases.
[ERROR] (xortool) This package does not have downloadable releases.
[INFO] (xost) This package is up to date.
[INFO] (xotl.ql) This package is up to date.
[ERROR] (xotron) This package does not have downloadable releases.
[INFO] (xournal-converters) This package is up to date.
[INFO] (xoutil) This package is up to date.
[INFO] (xoxzo.cloudpy) This package is up to date.
[INFO] (xp) This package is up to date.
[INFO] (xpaste) This package is up to date.
[ERROR] (xpath) This package does not have downloadable releases.
[INFO] (xpath-py) This package is up to date.
[ERROR] (xpathrecord) This package does not have downloadable releases.
[INFO] (xpathwebdriver) This package is up to date.
[INFO] (xpaw) This package is up to date.
[INFO] (xpcs) This package is up to date.
[INFO] (xpecgen) This package is up to date.
[INFO] (xpect) This package is up to date.
[INFO] (xpermutations) This package is up to date.
[INFO] (xphyle) This package is up to date.
[INFO] (xpibee) This package is up to date.
[INFO] (xpidl) This package is up to date.
[INFO] (xpin) This package is up to date.
[INFO] (xpinyin) This package is up to date.
[ERROR] (xplat) This package does not have downloadable releases.
[INFO] (xplay) This package is up to date.
[INFO] (xplenty) This package is up to date.
[INFO] (xpm) This package is up to date.
[INFO] (xport) This package is up to date.
[INFO] (xpose-generator) This package is up to date.
[INFO] (xppkg) This package is up to date.
[INFO] (xpra) This package is up to date.
[INFO] (xprintidle) This package is up to date.
[INFO] (xprofile) This package is up to date.
[ERROR] (xpto) Could not get a response from API for this package. See below for details.
Traceback (most recent call last):
  File "/usr/local/lib/python3.5/dist-packages/pypicontents/api/pypi.py", line 264, in get_pkgdata
    timeout=10).read()
  File "/usr/lib/python3.5/urllib/request.py", line 163, in urlopen
    return opener.open(url, data, timeout)
  File "/usr/lib/python3.5/urllib/request.py", line 472, in open
    response = meth(req, response)
  File "/usr/lib/python3.5/urllib/request.py", line 582, in http_response
    'http', request, response, code, msg, hdrs)
  File "/usr/lib/python3.5/urllib/request.py", line 510, in error
    return self._call_chain(*args)
  File "/usr/lib/python3.5/urllib/request.py", line 444, in _call_chain
    result = func(*args)
  File "/usr/lib/python3.5/urllib/request.py", line 590, in http_error_default
    raise HTTPError(req.full_url, code, msg, hdrs, fp)
urllib.error.HTTPError: HTTP Error 404: Not Found

[ERROR] (xpyb) Could not extract data from this package. See below for details.
This package download URL does not point to a valid file: "http://xcb.freedesktop.org/dist/"
[INFO] (xpyenv) This package is up to date.
[INFO] (xpyth) This package is up to date.
[INFO] (xpython) This package is up to date.
[INFO] (xpz-first) This package is up to date.
[INFO] (xqt) This package is up to date.
[INFO] (xquant) This package is up to date.
[INFO] (xray) This package is up to date.
[INFO] (xraylarch) This package is up to date.
[INFO] (xrayutilities) This package is up to date.
[INFO] (xrcon) This package is up to date.
[INFO] (xrcwidgets) This package is up to date.
[INFO] (xrd) This package is up to date.
[INFO] (xrdmon) This package is up to date.
[INFO] (xrdtools) This package is up to date.
[INFO] (xrecord) This package is up to date.
[INFO] (xremotebot) This package is up to date.
[INFO] (xrenner) This package is up to date.
[INFO] (xrff2csv) This package is up to date.
[INFO] (xrit) This package is up to date.
[INFO] (xrootdfs) This package is up to date.
[INFO] (xrootdpyfs) This package is up to date.
[INFO] (xrpi-test-12.10.16) This package is up to date.
[INFO] (xrt) This package is up to date.
[INFO] (xrunner) This package is up to date.
[ERROR] (xs) This package does not have downloadable releases.
[INFO] (xs-authserver) This package is up to date.
[INFO] (xs1-api-client) This package is up to date.
[INFO] (xsanio-server) This package is up to date.
[INFO] (xsconnect) This package is up to date.
[INFO] (xscrypto) This package is up to date.
[ERROR] (xsdb) This package does not have downloadable releases.
[INFO] (xsec) This package is up to date.
[INFO] (xsendfile) This package is up to date.
[INFO] (xsendfile-middleware) This package is up to date.
[INFO] (xserverpy) This package is up to date.
[INFO] (xsf-nester) This package is up to date.
[INFO] (xsforms) This package is up to date.
[INFO] (xsge) This package is up to date.
[INFO] (xsge-gui) This package is up to date.
[INFO] (xsge-lighting) This package is up to date.
[INFO] (xsge-particle) This package is up to date.
[INFO] (xsge-path) This package is up to date.
[INFO] (xsge-physics) This package is up to date.
[INFO] (xsge-tmx) This package is up to date.
[INFO] (xsiftx) This package is up to date.
[INFO] (xslack) This package is up to date.
[INFO] (xslclearer) This package is up to date.
[INFO] (xslcoverage) This package is up to date.
[INFO] (xsltemplates) This package is up to date.
[INFO] (xsltools) This package is up to date.
[INFO] (xsms) This package is up to date.
[INFO] (xsmtplib) This package is up to date.
[INFO] (xsnippet-cli) This package is up to date.
[INFO] (xsome) This package is up to date.
[INFO] (xsorted) This package is up to date.
[INFO] (xspear.btas2015) This package is up to date.
[INFO] (xspear.fast-plda) This package is up to date.
[INFO] (xspecfeeder) This package is up to date.
[ERROR] (xspider.coop) Could not get a response from API for this package. See below for details.
Traceback (most recent call last):
  File "/usr/local/lib/python3.5/dist-packages/pypicontents/api/pypi.py", line 264, in get_pkgdata
    timeout=10).read()
  File "/usr/lib/python3.5/urllib/request.py", line 163, in urlopen
    return opener.open(url, data, timeout)
  File "/usr/lib/python3.5/urllib/request.py", line 472, in open
    response = meth(req, response)
  File "/usr/lib/python3.5/urllib/request.py", line 582, in http_response
    'http', request, response, code, msg, hdrs)
  File "/usr/lib/python3.5/urllib/request.py", line 510, in error
    return self._call_chain(*args)
  File "/usr/lib/python3.5/urllib/request.py", line 444, in _call_chain
    result = func(*args)
  File "/usr/lib/python3.5/urllib/request.py", line 590, in http_error_default
    raise HTTPError(req.full_url, code, msg, hdrs, fp)
urllib.error.HTTPError: HTTP Error 404: Not Found

[INFO] (xss-catcher) This package is up to date.
[INFO] (xssd) This package is up to date.
[ERROR] (xssfu) This package does not have downloadable releases.
[INFO] (xssh) This package is up to date.
[INFO] (xstat) This package is up to date.
[INFO] (xstatic) This package is up to date.
[INFO] (xstatic-adminlte) This package is up to date.
[INFO] (xstatic-angular) This package is up to date.
[INFO] (xstatic-angular-animate) This package is up to date.
[INFO] (xstatic-angular-bootstrap) This package is up to date.
[INFO] (xstatic-angular-cookies) This package is up to date.
[INFO] (xstatic-angular-fileupload) This package is up to date.
[INFO] (xstatic-angular-gettext) This package is up to date.
[INFO] (xstatic-angular-irdragndrop) This package is up to date.
[INFO] (xstatic-angular-lrdragndrop) This package is up to date.
[INFO] (xstatic-angular-mock) This package is up to date.
[INFO] (xstatic-angular-nvd3) This package is up to date.
[INFO] (xstatic-angular-sanitize) This package is up to date.
[INFO] (xstatic-angular-schema-form) This package is up to date.
[INFO] (xstatic-angular-schema-form-bootstrap) This package is up to date.
[INFO] (xstatic-angular-ui) This package is up to date.
[INFO] (xstatic-angular-ui-router) This package is up to date.
[INFO] (xstatic-anywikidraw) This package is up to date.
[INFO] (xstatic-autosize) This package is up to date.
[INFO] (xstatic-bootbox) This package is up to date.
[INFO] (xstatic-bootstrap) This package is up to date.
[INFO] (xstatic-bootstrap-datepicker) This package is up to date.
[INFO] (xstatic-bootstrap-scss) This package is up to date.
[ERROR] (xstatic-bootstrapoverflownavs) This package does not have downloadable releases.
[INFO] (xstatic-bootstraptags) This package is up to date.
[INFO] (xstatic-bootstraptagsinput) This package is up to date.
[INFO] (xstatic-bootswatch) This package is up to date.
[INFO] (xstatic-browser-update) This package is up to date.
[INFO] (xstatic-chart.js) This package is up to date.
[INFO] (xstatic-chartnew.js) This package is up to date.
[INFO] (xstatic-chosen) This package is up to date.
[INFO] (xstatic-ckeditor) This package is up to date.
[INFO] (xstatic-d3) This package is up to date.
[INFO] (xstatic-d32) This package is up to date.
[INFO] (xstatic-datatables) This package is up to date.
[INFO] (xstatic-extjs) This package is up to date.
[INFO] (xstatic-font-awesome) This package is up to date.
[INFO] (xstatic-fullcalendar) This package is up to date.
[INFO] (xstatic-hogan) This package is up to date.
[INFO] (xstatic-html5shiv) This package is up to date.
[INFO] (xstatic-jasmine) This package is up to date.
[INFO] (xstatic-jquery) This package is up to date.
[INFO] (xstatic-jquery-file-upload) This package is up to date.
[INFO] (xstatic-jquery-migrate) This package is up to date.
[INFO] (xstatic-jquery-ui) This package is up to date.
[INFO] (xstatic-jquery.bootstrap.wizard) This package is up to date.
[INFO] (xstatic-jquery.quicksearch) This package is up to date.
[INFO] (xstatic-jquery.tablesorter) This package is up to date.
[INFO] (xstatic-jreject) This package is up to date.
[INFO] (xstatic-jsencrypt) This package is up to date.
[INFO] (xstatic-json-js) This package is up to date.
[INFO] (xstatic-leaflet) This package is up to date.
[INFO] (xstatic-less) This package is up to date.
[INFO] (xstatic-lodash) This package is up to date.
[INFO] (xstatic-magic-search) This package is up to date.
[INFO] (xstatic-markitup) This package is up to date.
[INFO] (xstatic-mathjax) This package is up to date.
[INFO] (xstatic-mdi) This package is up to date.
[INFO] (xstatic-moment) This package is up to date.
[INFO] (xstatic-multidownload) This package is up to date.
[INFO] (xstatic-nvd3) This package is up to date.
[INFO] (xstatic-objectpath) This package is up to date.
[INFO] (xstatic-opensans) This package is up to date.
[INFO] (xstatic-patternfly) This package is up to date.
[INFO] (xstatic-patternfly-bootstrap-treeview) This package is up to date.
[INFO] (xstatic-pygments) This package is up to date.
[INFO] (xstatic-qunit) This package is up to date.
[INFO] (xstatic-react) This package is up to date.
[INFO] (xstatic-release) This package is up to date.
[INFO] (xstatic-requirejs) This package is up to date.
[INFO] (xstatic-rickshaw) This package is up to date.
[INFO] (xstatic-roboto-fontface) This package is up to date.
[INFO] (xstatic-select2) This package is up to date.
[INFO] (xstatic-smart-table) This package is up to date.
[INFO] (xstatic-socialshareprivacy) This package is up to date.
[INFO] (xstatic-spin) This package is up to date.
[INFO] (xstatic-svg-edit-moin) This package is up to date.
[INFO] (xstatic-svgweb) This package is up to date.
[INFO] (xstatic-tablesorter-mottie) This package is up to date.
[INFO] (xstatic-term.js) This package is up to date.
[INFO] (xstatic-tv4) This package is up to date.
[INFO] (xstatic-twikidraw-moin) This package is up to date.
[INFO] (xstatic-underscore) This package is up to date.
[INFO] (xstools) This package is up to date.
[ERROR] (xsv) This package does not have downloadable releases.
[INFO] (xsvlib) This package is up to date.
[INFO] (xswizard) This package is up to date.
[INFO] (xt) This package is up to date.
[INFO] (xtab) This package is up to date.
[INFO] (xtas) This package is up to date.
[INFO] (xtd) This package is up to date.
[INFO] (xtea) This package is up to date.
[INFO] (xtea3) This package is up to date.
[ERROR] (xtemplate4python) This package does not have downloadable releases.
[ERROR] (xtensor) This package does not have downloadable releases.
[ERROR] (xtensor-python) This package does not have downloadable releases.
[INFO] (xtermcolor) This package is up to date.
[INFO] (xtest) This package is up to date.
[INFO] (xtify) This package is up to date.
[INFO] (xtls) This package is up to date.
[INFO] (xtools) This package is up to date.
[INFO] (xtoy) This package is up to date.
[INFO] (xtrace) This package is up to date.
[INFO] (xtraceback) This package is up to date.
[INFO] (xtralien) This package is up to date.
[INFO] (xtree) This package is up to date.
[INFO] (xu-jing-print-nested-list) This package is up to date.
[INFO] (xubotest) This package is up to date.
[INFO] (xudd) This package is up to date.
[INFO] (xuderong) This package is up to date.
[INFO] (xudo) This package is up to date.
[INFO] (xueshanlinghu) This package is up to date.
[INFO] (xuino) This package is up to date.
[INFO] (xujian) This package is up to date.
[INFO] (xuner) This package is up to date.
[INFO] (xunique) This package is up to date.
[INFO] (xunit-wrapper) This package is up to date.
[INFO] (xunit2testrail) This package is up to date.
[INFO] (xunitgen) This package is up to date.
[INFO] (xunitmerge) This package is up to date.
[INFO] (xunitparser) This package is up to date.
[INFO] (xunlei) This package is up to date.
[INFO] (xunleipy) This package is up to date.
[INFO] (xunleishare) This package is up to date.
[INFO] (xupdate-processor) This package is up to date.
[INFO] (xuran) This package is up to date.
[INFO] (xuru.recipe.android) This package is up to date.
[INFO] (xust1119) This package is up to date.
[INFO] (xutils) This package is up to date.
[ERROR] (xuwenjie) This package does not have downloadable releases.
[ERROR] (xuzhaolin-nester) This package does not have downloadable releases.
[INFO] (xvarnish-python) This package is up to date.
[ERROR] (xvebaoku) This package does not have downloadable releases.
[INFO] (xvfbwrapper) This package is up to date.
[INFO] (xvistaprof) This package is up to date.
[INFO] (xwe-nester) This package is up to date.
[INFO] (xweb) This package is up to date.
[INFO] (xwinkey) This package is up to date.
[INFO] (xworkflows) This package is up to date.
[INFO] (xwot-dsl) This package is up to date.
[INFO] (xwot-py) This package is up to date.
[INFO] (xwot-yadp) This package is up to date.
[INFO] (xwotmodeltranslator) This package is up to date.
[ERROR] (xxdiff-scripts) Could not extract data from this package. See below for details.
This package download URL does not point to a valid file: "http://bitbucket.org/blais/xxdiff"
[ERROR] (xxgamma) This package does not have downloadable releases.
[INFO] (xxh) This package is up to date.
[INFO] (xxhash) This package is up to date.
[ERROR] (xxhsum) This package does not have downloadable releases.
[INFO] (xxpaper) This package is up to date.
[INFO] (xxtea) This package is up to date.
[INFO] (xxtea-py) This package is up to date.
[INFO] (xxtea-python) This package is up to date.
[INFO] (xxxreport) This package is up to date.
[INFO] (xxxswf) This package is up to date.
[ERROR] (xy) This package does not have downloadable releases.
[ERROR] (xy-nester) This package does not have downloadable releases.
[INFO] (xyaml) This package is up to date.
[INFO] (xychan) This package is up to date.
[INFO] (xyclass) This package is up to date.
[INFO] (xykutils) This package is up to date.
[INFO] (xylib-py) This package is up to date.
[INFO] (xyllibrary) This package is up to date.
[INFO] (xylose) This package is up to date.
[INFO] (xym) This package is up to date.
[INFO] (xymath) This package is up to date.
[INFO] (xymon) This package is up to date.
[ERROR] (xymon-clas) This package does not have downloadable releases.
[ERROR] (xymon-class) This package does not have downloadable releases.
[INFO] (xypath) This package is up to date.
[ERROR] (xython) This package does not have downloadable releases.
[ERROR] (xyz) This package does not have downloadable releases.
[INFO] (xyz2rast) This package is up to date.
[ERROR] (xyzcmd) This package does not have downloadable releases.
[INFO] (xzeroo-nester) This package is up to date.
[INFO] (xzip) This package is up to date.
[INFO] (xzqs-01) This package is up to date.
[INFO] 
[INFO] 
[INFO] Total packages: 818
[INFO]     Packages processed: 818
[INFO]         Packages updated: 1
[INFO]         Packages up-to-date: 725
[INFO]         Packages without response: 10
[INFO]         Packages without urls: 0
[INFO]         Packages without downloads: 71
[INFO]         Packages with data errors: 11
[INFO]     Packages not processed: 0
[INFO] 
[INFO] 
[INFO] Ending execution.
