[INFO] Starting execution.
[INFO] Downloading package list from PyPI ...
[ERROR] (z) This package does not have downloadable releases.
[INFO] (z-base-36) This package is up to date.
[INFO] (z-base-62) This package is up to date.
[INFO] (z-ml-utils) This package is up to date.
[INFO] (z-number) This package is up to date.
[INFO] (z2pack) This package is up to date.
[INFO] (z3) This package is up to date.
[INFO] (z3-solver) This package is up to date.
[INFO] (z3c.amf) This package is up to date.
[INFO] (z3c.appconfig) This package is up to date.
[INFO] (z3c.authenticator) This package is up to date.
[INFO] (z3c.authviewlet) This package is up to date.
[INFO] (z3c.autoinclude) This package is up to date.
[INFO] (z3c.baseregistry) This package is up to date.
[INFO] (z3c.batching) This package is up to date.
[INFO] (z3c.bcrypt) This package is up to date.
[INFO] (z3c.blobfile) This package is up to date.
[INFO] (z3c.boiler) This package is up to date.
[INFO] (z3c.boston) This package is up to date.
[INFO] (z3c.breadcrumb) This package is up to date.
[INFO] (z3c.builder.core) This package is up to date.
[INFO] (z3c.caching) This package is up to date.
[INFO] (z3c.celery) This package is up to date.
[INFO] (z3c.checkversions) This package is up to date.
[INFO] (z3c.conditionalviews) This package is up to date.
[INFO] (z3c.configurator) This package is up to date.
[INFO] (z3c.contents) This package is up to date.
[INFO] (z3c.coverage) This package is up to date.
[INFO] (z3c.csvvocabulary) This package is up to date.
[INFO] (z3c.currency) This package is up to date.
[INFO] (z3c.datagenerator) This package is up to date.
[INFO] (z3c.dav) This package is up to date.
[INFO] (z3c.davapp.zopeappfile) This package is up to date.
[INFO] (z3c.davapp.zopefile) This package is up to date.
[INFO] (z3c.davapp.zopelocking) This package is up to date.
[INFO] (z3c.deadlockdebugger) This package is up to date.
[INFO] (z3c.dependencychecker) This package is up to date.
[INFO] (z3c.discriminator) This package is up to date.
[INFO] (z3c.dobbin) This package is up to date.
[INFO] (z3c.etestbrowser) This package is up to date.
[INFO] (z3c.etree) This package is up to date.
[INFO] (z3c.evalexception) This package is up to date.
[INFO] (z3c.extfile) This package is up to date.
[INFO] (z3c.feature.core) This package is up to date.
[INFO] (z3c.feature.zope) This package is up to date.
[INFO] (z3c.filetype) This package is up to date.
[INFO] (z3c.flashmessage) This package is up to date.
[INFO] (z3c.form) This package is up to date.
[INFO] (z3c.formdemo) This package is up to date.
[INFO] (z3c.formjs) This package is up to date.
[INFO] (z3c.formjsdemo) This package is up to date.
[INFO] (z3c.formui) This package is up to date.
[INFO] (z3c.formwidget.bootstrap-datepicker) This package is up to date.
[INFO] (z3c.formwidget.ckeditor) This package is up to date.
[INFO] (z3c.formwidget.optgroup) This package is up to date.
[INFO] (z3c.formwidget.query) This package is up to date.
[INFO] (z3c.formwidget.unit) This package is up to date.
[INFO] (z3c.gibberish) This package is up to date.
[INFO] (z3c.hashedresource) This package is up to date.
[INFO] (z3c.i18n) This package is up to date.
[INFO] (z3c.image) This package is up to date.
[INFO] (z3c.indexer) This package is up to date.
[INFO] (z3c.iplocation) This package is up to date.
[INFO] (z3c.jbot) This package is up to date.
[INFO] (z3c.json) This package is up to date.
[INFO] (z3c.jsonrpc) This package is up to date.
[INFO] (z3c.jsonrpcproxy) This package is up to date.
[INFO] (z3c.jsontree) This package is up to date.
[INFO] (z3c.language.negotiator) This package is up to date.
[INFO] (z3c.language.session) This package is up to date.
[INFO] (z3c.language.switch) This package is up to date.
[INFO] (z3c.layer) This package is up to date.
[INFO] (z3c.layer.minimal) This package is up to date.
[INFO] (z3c.layer.pagelet) This package is up to date.
[INFO] (z3c.layer.ready2go) This package is up to date.
[INFO] (z3c.layer.trusted) This package is up to date.
[INFO] (z3c.layout) This package is up to date.
[INFO] (z3c.listjs) This package is up to date.
[INFO] (z3c.locales) This package is up to date.
[INFO] (z3c.macro) This package is up to date.
[INFO] (z3c.macroviewlet) This package is up to date.
[INFO] (z3c.memhunt.objgraph) This package is up to date.
[INFO] (z3c.menu) This package is up to date.
[INFO] (z3c.menu.ready2go) This package is up to date.
[INFO] (z3c.menu.simple) This package is up to date.
[INFO] (z3c.metrics) This package is up to date.
[INFO] (z3c.mountpoint) This package is up to date.
[INFO] (z3c.multifieldindex) This package is up to date.
[INFO] (z3c.noop) This package is up to date.
[INFO] (z3c.objectpolicy) This package is up to date.
[INFO] (z3c.objpath) This package is up to date.
[INFO] (z3c.offlinepack) This package is up to date.
[INFO] (z3c.optionstorage) This package is up to date.
[INFO] (z3c.pagelet) This package is up to date.
[INFO] (z3c.password) This package is up to date.
[INFO] (z3c.pdftemplate) This package is up to date.
[INFO] (z3c.persistentfactory) This package is up to date.
[INFO] (z3c.pluggabletemplates) This package is up to date.
[INFO] (z3c.preference) This package is up to date.
[INFO] (z3c.profiler) This package is up to date.
[INFO] (z3c.proxy) This package is up to date.
[INFO] (z3c.pt) This package is up to date.
[INFO] (z3c.pt.compat) This package is up to date.
[INFO] (z3c.ptcompat) This package is up to date.
[INFO] (z3c.pypimirror) This package is up to date.
[INFO] (z3c.quickentry) This package is up to date.
[INFO] (z3c.recipe.compattest) This package is up to date.
[INFO] (z3c.recipe.depgraph) This package is up to date.
[INFO] (z3c.recipe.dev) This package is up to date.
[INFO] (z3c.recipe.egg) This package is up to date.
[INFO] (z3c.recipe.eggbasket) This package is up to date.
[INFO] (z3c.recipe.epydoc) This package is up to date.
[INFO] (z3c.recipe.fakezope2eggs) This package is up to date.
[INFO] (z3c.recipe.filetemplate) This package is up to date.
[INFO] (z3c.recipe.i18n) This package is up to date.
[INFO] (z3c.recipe.ldap) This package is up to date.
[INFO] (z3c.recipe.mkdir) This package is up to date.
[INFO] (z3c.recipe.openoffice) This package is up to date.
[INFO] (z3c.recipe.paster) This package is up to date.
[INFO] (z3c.recipe.perlpackage) This package is up to date.
[INFO] (z3c.recipe.runscript) This package is up to date.
[INFO] (z3c.recipe.scripts) This package is up to date.
[INFO] (z3c.recipe.sphinxdoc) This package is up to date.
[INFO] (z3c.recipe.staticlxml) This package is up to date.
[INFO] (z3c.recipe.tag) This package is up to date.
[INFO] (z3c.recipe.template) This package is up to date.
[INFO] (z3c.recipe.usercrontab) This package is up to date.
[INFO] (z3c.recipe.winservice) This package is up to date.
[INFO] (z3c.referercredentials) This package is up to date.
[INFO] (z3c.relationfield) This package is up to date.
[INFO] (z3c.relationfieldui) This package is up to date.
[INFO] (z3c.repoexternals) This package is up to date.
[INFO] (z3c.requestlet) This package is up to date.
[INFO] (z3c.resource) This package is up to date.
[INFO] (z3c.resourcecollector) This package is up to date.
[INFO] (z3c.resourceinclude) This package is up to date.
[INFO] (z3c.rest) This package is up to date.
[INFO] (z3c.rml) This package is up to date.
[INFO] (z3c.rmldocument) This package is up to date.
[INFO] (z3c.rotterdam) This package is up to date.
[INFO] (z3c.saconfig) This package is up to date.
[INFO] (z3c.sampledata) This package is up to date.
[INFO] (z3c.schema) This package is up to date.
[INFO] (z3c.schema2xml) This package is up to date.
[INFO] (z3c.schemadiff) This package is up to date.
[INFO] (z3c.searcher) This package is up to date.
[INFO] (z3c.securitytool) This package is up to date.
[INFO] (z3c.setuptools-mercurial) This package is up to date.
[INFO] (z3c.sharedmimeinfo) This package is up to date.
[INFO] (z3c.skin.pagelet) This package is up to date.
[INFO] (z3c.soap) This package is up to date.
[INFO] (z3c.sqlalchemy) This package is up to date.
[INFO] (z3c.suds) This package is up to date.
[INFO] (z3c.table) This package is up to date.
[INFO] (z3c.tabular) This package is up to date.
[INFO] (z3c.taskqueue) This package is up to date.
[INFO] (z3c.template) This package is up to date.
[INFO] (z3c.testing) This package is up to date.
[INFO] (z3c.testsetup) This package is up to date.
[INFO] (z3c.testsummarizer) This package is up to date.
[INFO] (z3c.traverser) This package is up to date.
[INFO] (z3c.unconfigure) This package is up to date.
[INFO] (z3c.vcsync) This package is up to date.
[INFO] (z3c.versionedresource) This package is up to date.
[INFO] (z3c.viewlet) This package is up to date.
[INFO] (z3c.viewtemplate) This package is up to date.
[INFO] (z3c.webdriver) This package is up to date.
[INFO] (z3c.widget) This package is up to date.
[INFO] (z3c.widgets.flashupload) This package is up to date.
[INFO] (z3c.winpdb) This package is up to date.
[INFO] (z3c.wizard) This package is up to date.
[INFO] (z3c.xmlhttp) This package is up to date.
[INFO] (z3c.zalchemy) This package is up to date.
[INFO] (z3c.zcmlhook) This package is up to date.
[INFO] (z3c.zrtresource) This package is up to date.
[INFO] (z3gi) This package is up to date.
[INFO] (z3hello) This package is up to date.
[INFO] (z3locales) This package is up to date.
[INFO] (z3tinymce) This package is up to date.
[INFO] (z3wingdbg) This package is up to date.
[INFO] (z42) This package is up to date.
[INFO] (za-parliament-scrapers) This package is up to date.
[INFO] (zaagpro) This package is up to date.
[INFO] (zabbix-api) This package is up to date.
[INFO] (zabbix-api-client) This package is up to date.
[INFO] (zabbix-api-erigones) This package is up to date.
[ERROR] (zabbix-api-gnetsman) This package does not have downloadable releases.
[INFO] (zabbix-client) This package is up to date.
[INFO] (zabbix-exporter) This package is up to date.
[INFO] (zabbix-lld) This package is up to date.
[INFO] (zabbix-powerline-status) This package is up to date.
[INFO] (zabbix-tuner) This package is up to date.
[INFO] (zabbix2jira) This package is up to date.
[INFO] (zabbixapi) This package is up to date.
[INFO] (zabbixcli) This package is up to date.
[INFO] (zabbixctl) This package is up to date.
[INFO] (zabbixsender) This package is up to date.
[INFO] (zabbops) This package is up to date.
[INFO] (zaber-device) This package is up to date.
[INFO] (zaber.serial) This package is up to date.
[INFO] (zach) This package is up to date.
[INFO] (zachopy) This package is up to date.
[INFO] (zachs-data-dump) This package is up to date.
[INFO] (zachs-nester) This package is up to date.
[INFO] (zacnester) This package is up to date.
[ERROR] (zad2lukasz1928) This package does not have downloadable releases.
[ERROR] (zadarest) This package does not have downloadable releases.
[INFO] (zaglushka) This package is up to date.
[INFO] (zagoload) This package is up to date.
[INFO] (zaguan) This package is up to date.
[INFO] (zaguan-inspector) This package is up to date.
[ERROR] (zahpeeapi) This package does not have downloadable releases.
[INFO] (zaifapi) This package is up to date.
[INFO] (zaifbot) This package is up to date.
[INFO] (zaim) This package is up to date.
[INFO] (zaitsev) This package is up to date.
[ERROR] (zak) Could not extract data from this package. See below for details.
"" extension not supported.
[INFO] (zake) This package is up to date.
[INFO] (zakharov) This package is up to date.
[ERROR] (zakuro) This package does not have downloadable releases.
[INFO] (zalando) This package is up to date.
[INFO] (zalando-aws-cli) This package is up to date.
[INFO] (zalando-deploy-cli) This package is up to date.
[INFO] (zalando-kubectl) This package is up to date.
[INFO] (zalando-turnstile) This package is up to date.
[INFO] (zalandoclient) This package is up to date.
[ERROR] (zalgo) Could not extract data from this package. See below for details.
"" extension not supported.
[INFO] (zalgotext) This package is up to date.
[INFO] (zam.api) This package is up to date.
[INFO] (zam.locales) This package is up to date.
[INFO] (zam.skin) This package is up to date.
[INFO] (zambi) This package is up to date.
[ERROR] (zamboni) This package does not have downloadable releases.
[INFO] (zametki) This package is up to date.
[INFO] (zamplugin.authenticator) This package is up to date.
[INFO] (zamplugin.contents) This package is up to date.
[INFO] (zamplugin.control) This package is up to date.
[INFO] (zamplugin.error) This package is up to date.
[INFO] (zamplugin.navigation) This package is up to date.
[INFO] (zamplugin.sampledata) This package is up to date.
[INFO] (zamplugin.sitemanager) This package is up to date.
[INFO] (zamqp) This package is up to date.
[INFO] (zamtools-navigation) This package is up to date.
[INFO] (zamtools-news) This package is up to date.
[INFO] (zamtools-profiles) This package is up to date.
[INFO] (zanata2fedmsg) This package is up to date.
[INFO] (zander) This package is up to date.
[ERROR] (zange) This package does not have downloadable releases.
[INFO] (zanna) This package is up to date.
[INFO] (zanpakuto) This package is up to date.
[INFO] (zanshin) This package is up to date.
[INFO] (zantedeschia) This package is up to date.
[INFO] (zanthor) This package is up to date.
[INFO] (zap) This package is up to date.
[INFO] (zapcli) This package is up to date.
[ERROR] (zaphod) This package does not have downloadable releases.
[INFO] (zapi) This package is up to date.
[INFO] (zapian) This package is up to date.
[INFO] (zappa) This package is up to date.
[INFO] (zappa-file-widget) This package is up to date.
[INFO] (zappa-file-widget-mediabucket) This package is up to date.
[INFO] (zapps) This package is up to date.
[INFO] (zarkov) This package is up to date.
[INFO] (zarmatsi-core) This package is up to date.
[INFO] (zarmatsi-linode) This package is up to date.
[INFO] (zarnegar-converter) This package is up to date.
[INFO] (zarr) This package is up to date.
[INFO] (zask) This package is up to date.
[INFO] (zathletelistclass) This package is up to date.
[ERROR] (zato) Could not get a response from API for this package. See below for details.
Traceback (most recent call last):
  File "/usr/local/lib/python3.5/dist-packages/pypicontents/api/pypi.py", line 261, in get_pkgdata
    timeout=10).read()
  File "/usr/lib/python3.5/urllib/request.py", line 163, in urlopen
    return opener.open(url, data, timeout)
  File "/usr/lib/python3.5/urllib/request.py", line 472, in open
    response = meth(req, response)
  File "/usr/lib/python3.5/urllib/request.py", line 582, in http_response
    'http', request, response, code, msg, hdrs)
  File "/usr/lib/python3.5/urllib/request.py", line 510, in error
    return self._call_chain(*args)
  File "/usr/lib/python3.5/urllib/request.py", line 444, in _call_chain
    result = func(*args)
  File "/usr/lib/python3.5/urllib/request.py", line 590, in http_error_default
    raise HTTPError(req.full_url, code, msg, hdrs, fp)
urllib.error.HTTPError: HTTP Error 404: Not Found

[INFO] (zato-apimox) This package is up to date.
[INFO] (zato-apitest) This package is up to date.
[INFO] (zato-client) This package is up to date.
[INFO] (zato-common) This package is up to date.
[INFO] (zato-enclog) This package is up to date.
[INFO] (zato-invoke-retry) This package is up to date.
[INFO] (zato-redis-paginator) This package is up to date.
[INFO] (zato-vault-client) This package is up to date.
[INFO] (zato-websocket-client) This package is up to date.
[INFO] (zavialov) This package is up to date.
[INFO] (zazu) This package is up to date.
[INFO] (zbar) This package is up to date.
[INFO] (zbar-py) This package is up to date.
[INFO] (zbarlight) This package is up to date.
[INFO] (zbase32) This package is up to date.
[INFO] (zbase62) This package is up to date.
[INFO] (zbg) This package is up to date.
[INFO] (zbot) This package is up to date.
[INFO] (zbox) This package is up to date.
[INFO] (zbox-wiki) This package is up to date.
[INFO] (zbredis) This package is up to date.
[ERROR] (zbridge) This package does not have downloadable releases.
[INFO] (zbsmsa) This package is up to date.
[INFO] (zbus) This package is up to date.
[INFO] (zbx-dashboard) This package is up to date.
[INFO] (zbx-statsd) This package is up to date.
[INFO] (zbx2slack) This package is up to date.
[INFO] (zbxsend) This package is up to date.
[INFO] (zc-common) This package is up to date.
[INFO] (zc-events) This package is up to date.
[INFO] (zc-zookeeper-static) This package is up to date.
[INFO] (zc.ajaxform) This package is up to date.
[INFO] (zc.async) This package is up to date.
[INFO] (zc.authorizedotnet) This package is up to date.
[INFO] (zc.beforestorage) This package is up to date.
[INFO] (zc.blist) This package is up to date.
[INFO] (zc.botokeyring) This package is up to date.
[INFO] (zc.buildout) This package is up to date.
[INFO] (zc.buildoutsftp) This package is up to date.
[INFO] (zc.cacheheaders) This package is up to date.
[INFO] (zc.catalog) This package is up to date.
[INFO] (zc.catalogqueue) This package is up to date.
[INFO] (zc.comment) This package is up to date.
[INFO] (zc.configuration) This package is up to date.
[INFO] (zc.copy) This package is up to date.
[INFO] (zc.creditcard) This package is up to date.
[INFO] (zc.customdoctests) This package is up to date.
[INFO] (zc.datetimewidget) This package is up to date.
[INFO] (zc.demostorage2) This package is up to date.
[INFO] (zc.dict) This package is up to date.
[INFO] (zc.displayname) This package is up to date.
[INFO] (zc.dojoform) This package is up to date.
[INFO] (zc.extrinsicreference) This package is up to date.
[INFO] (zc.filestorage) This package is up to date.
[INFO] (zc.form) This package is up to date.
[INFO] (zc.freeze) This package is up to date.
[INFO] (zc.generationalset) This package is up to date.
[INFO] (zc.htmlchecker) This package is up to date.
[INFO] (zc.i18n) This package is up to date.
[INFO] (zc.icp) This package is up to date.
[INFO] (zc.intid) This package is up to date.
[INFO] (zc.isithanging) This package is up to date.
[INFO] (zc.iso8601) This package is up to date.
[INFO] (zc.lazylist) This package is up to date.
[INFO] (zc.lockfile) This package is up to date.
[INFO] (zc.loggermonitor) This package is up to date.
[INFO] (zc.mappingobject) This package is up to date.
[INFO] (zc.metarecipe) This package is up to date.
[INFO] (zc.monitor) This package is up to date.
[INFO] (zc.monitorcache) This package is up to date.
[INFO] (zc.monitorlogstats) This package is up to date.
[INFO] (zc.monitorpdb) This package is up to date.
[INFO] (zc.ngi) This package is up to date.
[INFO] (zc.objectlog) This package is up to date.
[INFO] (zc.openlayers) This package is up to date.
[INFO] (zc.parse-addr) This package is up to date.
[INFO] (zc.queue) This package is up to date.
[INFO] (zc.recipe.cmmi) This package is up to date.
[INFO] (zc.recipe.deployment) This package is up to date.
[INFO] (zc.recipe.egg) This package is up to date.
[INFO] (zc.recipe.filestorage) This package is up to date.
[INFO] (zc.recipe.icu) This package is up to date.
[INFO] (zc.recipe.macro) This package is up to date.
[INFO] (zc.recipe.rhrc) This package is up to date.
[INFO] (zc.recipe.script) This package is up to date.
[INFO] (zc.recipe.testrunner) This package is up to date.
[INFO] (zc.recipe.wrapper) This package is up to date.
[INFO] (zc.recipe.zope3checkout) This package is up to date.
[INFO] (zc.recipe.zope3instance) This package is up to date.
[INFO] (zc.relation) This package is up to date.
[INFO] (zc.relationship) This package is up to date.
[INFO] (zc.reloadmonitor) This package is up to date.
[INFO] (zc.resourcelibrary) This package is up to date.
[INFO] (zc.resumelb) This package is up to date.
[INFO] (zc.rst2) This package is up to date.
[INFO] (zc.s3uploadqueue) This package is up to date.
[INFO] (zc.sbo) This package is up to date.
[INFO] (zc.security) This package is up to date.
[INFO] (zc.selenium) This package is up to date.
[INFO] (zc.sentrywsgi) This package is up to date.
[INFO] (zc.shortcut) This package is up to date.
[INFO] (zc.signalhandler) This package is up to date.
[INFO] (zc.sourcefactory) This package is up to date.
[INFO] (zc.sourcerelease) This package is up to date.
[INFO] (zc.sqs) This package is up to date.
[INFO] (zc.sshtunnel) This package is up to date.
[INFO] (zc.ssl) This package is up to date.
[INFO] (zc.table) This package is up to date.
[INFO] (zc.testbrowser) This package is up to date.
[INFO] (zc.thread) This package is up to date.
[INFO] (zc.time) This package is up to date.
[INFO] (zc.twist) This package is up to date.
[INFO] (zc.vault) This package is up to date.
[INFO] (zc.wsgidriver) This package is up to date.
[INFO] (zc.wsgirunner) This package is up to date.
[ERROR] (zc.wsgisessions) This package does not have downloadable releases.
[INFO] (zc.z3monitor) This package is up to date.
[INFO] (zc.zdaemonrecipe) This package is up to date.
[INFO] (zc.zk) This package is up to date.
[INFO] (zc.zkzeo) This package is up to date.
[INFO] (zc.zkzopeserver) This package is up to date.
[INFO] (zc.zlibstorage) This package is up to date.
[INFO] (zc.zodbactivitylog) This package is up to date.
[INFO] (zc.zodbdgc) This package is up to date.
[INFO] (zc.zodbrecipes) This package is up to date.
[INFO] (zc.zodbwsgi) This package is up to date.
[INFO] (zc.zookeeper-deploy-buildout) This package is up to date.
[INFO] (zc.zookeeperrecipes) This package is up to date.
[INFO] (zc.zope3recipes) This package is up to date.
[INFO] (zc.zrs) This package is up to date.
[INFO] (zc.zservertracelog) This package is up to date.
[INFO] (zca-snippets) This package is up to date.
[INFO] (zcc) This package is up to date.
[INFO] (zchainer) This package is up to date.
[ERROR] (zci) This package does not have downloadable releases.
[INFO] (zclient) This package is up to date.
[INFO] (zcm) This package is up to date.
[INFO] (zcms) This package is up to date.
[INFO] (zconfig) This package is up to date.
[INFO] (zconfig-watchedfile) This package is up to date.
[INFO] (zcons) This package is up to date.
[INFO] (zcontact) This package is up to date.
[ERROR] (zcontroller) This package does not have downloadable releases.
[INFO] (zcp) This package is up to date.
[ERROR] (zcred) This package does not have downloadable releases.
[INFO] (zcy-test) This package is up to date.
[INFO] (zdaemon) This package is up to date.
[INFO] (zdairi) This package is up to date.
[INFO] (zdb) This package is up to date.
[INFO] (zdbc) This package is up to date.
[INFO] (zdd) This package is up to date.
[INFO] (zdesk) This package is up to date.
[INFO] (zdeskcfg) This package is up to date.
[INFO] (zdfm) This package is up to date.
[INFO] (zdgrab) This package is up to date.
[INFO] (zdhtmlxscheduler) This package is up to date.
[INFO] (zdict) This package is up to date.
[INFO] (zdir) This package is up to date.
[INFO] (zdj) This package is up to date.
[INFO] (zdns) This package is up to date.
[ERROR] (zdq-fortest) This package does not have downloadable releases.
[INFO] (zdq-test) This package is up to date.
[INFO] (zds-member) This package is up to date.
[INFO] (zdsindicator) This package is up to date.
[INFO] (zdup) This package is up to date.
[INFO] (ze) This package is up to date.
[INFO] (ze-the-scraper) This package is up to date.
[INFO] (zeam.component) This package is up to date.
[INFO] (zeam.form.autofields) This package is up to date.
[INFO] (zeam.form.base) This package is up to date.
[INFO] (zeam.form.composed) This package is up to date.
[INFO] (zeam.form.layout) This package is up to date.
[INFO] (zeam.form.plone) This package is up to date.
[INFO] (zeam.form.rdb) This package is up to date.
[INFO] (zeam.form.silva) This package is up to date.
[INFO] (zeam.form.table) This package is up to date.
[INFO] (zeam.form.viewlet) This package is up to date.
[INFO] (zeam.form.ztk) This package is up to date.
[INFO] (zeam.jsontemplate) This package is up to date.
[INFO] (zeam.utils.batch) This package is up to date.
[INFO] (zebra) This package is up to date.
[INFO] (zebrapl) This package is up to date.
[INFO] (zebu) This package is up to date.
[INFO] (zed) This package is up to date.
[ERROR] (zed-nester1) This package does not have downloadable releases.
[INFO] (zedonk) This package is up to date.
[INFO] (zeek) This package is up to date.
[INFO] (zeep) This package is up to date.
[ERROR] (zeep.sms) Could not extract data from this package. See below for details.
".sms" extension not supported.
[ERROR] (zeffee) Could not get a response from API for this package. See below for details.
Traceback (most recent call last):
  File "/usr/local/lib/python3.5/dist-packages/pypicontents/api/pypi.py", line 261, in get_pkgdata
    timeout=10).read()
  File "/usr/lib/python3.5/urllib/request.py", line 163, in urlopen
    return opener.open(url, data, timeout)
  File "/usr/lib/python3.5/urllib/request.py", line 472, in open
    response = meth(req, response)
  File "/usr/lib/python3.5/urllib/request.py", line 582, in http_response
    'http', request, response, code, msg, hdrs)
  File "/usr/lib/python3.5/urllib/request.py", line 510, in error
    return self._call_chain(*args)
  File "/usr/lib/python3.5/urllib/request.py", line 444, in _call_chain
    result = func(*args)
  File "/usr/lib/python3.5/urllib/request.py", line 590, in http_error_default
    raise HTTPError(req.full_url, code, msg, hdrs, fp)
urllib.error.HTTPError: HTTP Error 404: Not Found

[ERROR] (zeit) This package does not have downloadable releases.
[INFO] (zeke) This package is up to date.
[INFO] (zekrpack-reader) This package is up to date.
[INFO] (zelenin) This package is up to date.
[INFO] (zemaxglass) This package is up to date.
[INFO] (zembed) This package is up to date.
[INFO] (zems) This package is up to date.
[INFO] (zen) This package is up to date.
[INFO] (zen-document-parser) This package is up to date.
[INFO] (zen-lib) This package is up to date.
[INFO] (zen-nester) This package is up to date.
[INFO] (zen-sj-nester) This package is up to date.
[INFO] (zenbot) This package is up to date.
[INFO] (zenbu) This package is up to date.
[INFO] (zencheck) This package is up to date.
[INFO] (zencoder) This package is up to date.
[INFO] (zenconf) This package is up to date.
[INFO] (zencore) This package is up to date.
[INFO] (zencore-httpserver) This package is up to date.
[INFO] (zencore-utils) This package is up to date.
[INFO] (zencore-zabbix) This package is up to date.
[INFO] (zendesk) This package is up to date.
[INFO] (zendesk-api) This package is up to date.
[INFO] (zendesk-django-auth) This package is up to date.
[INFO] (zendesk-help-center-backer) This package is up to date.
[INFO] (zendesk-integration) This package is up to date.
[INFO] (zendeskclient) This package is up to date.
[INFO] (zendeskhc) This package is up to date.
[ERROR] (zenefits-event-logger) Could not get a response from API for this package. See below for details.
Traceback (most recent call last):
  File "/usr/local/lib/python3.5/dist-packages/pypicontents/api/pypi.py", line 261, in get_pkgdata
    timeout=10).read()
  File "/usr/lib/python3.5/urllib/request.py", line 163, in urlopen
    return opener.open(url, data, timeout)
  File "/usr/lib/python3.5/urllib/request.py", line 472, in open
    response = meth(req, response)
  File "/usr/lib/python3.5/urllib/request.py", line 582, in http_response
    'http', request, response, code, msg, hdrs)
  File "/usr/lib/python3.5/urllib/request.py", line 510, in error
    return self._call_chain(*args)
  File "/usr/lib/python3.5/urllib/request.py", line 444, in _call_chain
    result = func(*args)
  File "/usr/lib/python3.5/urllib/request.py", line 590, in http_error_default
    raise HTTPError(req.full_url, code, msg, hdrs, fp)
urllib.error.HTTPError: HTTP Error 404: Not Found

[INFO] (zenfeed) This package is up to date.
[INFO] (zenfilter) This package is up to date.
[INFO] (zengge) This package is up to date.
[INFO] (zengin-code) This package is up to date.
[INFO] (zengine) This package is up to date.
[INFO] (zenhan) This package is up to date.
[INFO] (zenhest) This package is up to date.
[INFO] (zenircbot-api) This package is up to date.
[INFO] (zenityshell) This package is up to date.
[INFO] (zenlog) This package is up to date.
[INFO] (zenmai) This package is up to date.
[INFO] (zennla) This package is up to date.
[INFO] (zenodio) This package is up to date.
[ERROR] (zenodo) This package does not have downloadable releases.
[INFO] (zenodo-accessrequests) This package is up to date.
[INFO] (zenoss) This package is up to date.
[INFO] (zenoss-fork) This package is up to date.
[INFO] (zenoss-hipchat) This package is up to date.
[INFO] (zenoss-plugins) This package is up to date.
[INFO] (zenoss-snmp-module) This package is up to date.
[INFO] (zenoss.toolbox) This package is up to date.
[INFO] (zenpacks.lbn.base) This package is up to date.
[INFO] (zenpacks.lbn.ldapmonitor) This package is up to date.
[INFO] (zenpacks.lbn.zopemonitor) This package is up to date.
[INFO] (zenpacks.oie.kannelmonitor) This package is up to date.
[INFO] (zenpad) This package is up to date.
[INFO] (zenpy) This package is up to date.
[INFO] (zenqueue) This package is up to date.
[INFO] (zensend) This package is up to date.
[INFO] (zentropi) This package is up to date.
[INFO] (zenwarch) This package is up to date.
[INFO] (zeo) This package is up to date.
[INFO] (zeo-connector) This package is up to date.
[INFO] (zeo-connector-defaults) This package is up to date.
[ERROR] (zeo-winservice) This package does not have downloadable releases.
[INFO] (zeomega.recipe.mxodbcconnect) This package is up to date.
[INFO] (zeonapi) This package is up to date.
[INFO] (zeorawdata) This package is up to date.
[INFO] (zeph) This package is up to date.
[INFO] (zephserver) This package is up to date.
[ERROR] (zephyr) This package does not have downloadable releases.
[INFO] (zephyr-seis) This package is up to date.
[INFO] (zequals) This package is up to date.
[INFO] (zerg) This package is up to date.
[INFO] (zerigodns) This package is up to date.
[ERROR] (zero) This package does not have downloadable releases.
[INFO] (zero-buffer) This package is up to date.
[INFO] (zero-common) This package is up to date.
[ERROR] (zero-downtime-deploy) This package does not have downloadable releases.
[INFO] (zero-socialauth) This package is up to date.
[INFO] (zero-thumbnails) This package is up to date.
[INFO] (zero-users) This package is up to date.
[INFO] (zerobin) This package is up to date.
[INFO] (zerobug) This package is up to date.
[INFO] (zeroc-ice) This package is up to date.
[INFO] (zeroc-icecertutils) This package is up to date.
[INFO] (zeroc-icehashpassword) This package is up to date.
[INFO] (zerocater) This package is up to date.
[INFO] (zeroconf) This package is up to date.
[INFO] (zeroconf3) This package is up to date.
[INFO] (zerodb) This package is up to date.
[INFO] (zerodb-server) This package is up to date.
[INFO] (zerodbext.catalog) This package is up to date.
[INFO] (zerodoc) This package is up to date.
[INFO] (zerogroup) This package is up to date.
[INFO] (zerokspot.recipe.distutils) This package is up to date.
[INFO] (zerokspot.recipe.git) This package is up to date.
[INFO] (zeroless) This package is up to date.
[INFO] (zeroless-tools) This package is up to date.
[INFO] (zerolog) This package is up to date.
[INFO] (zeronimo) This package is up to date.
[INFO] (zeropos) This package is up to date.
[INFO] (zerorpc) This package is up to date.
[INFO] (zerorpc-statsd) This package is up to date.
[ERROR] (zeros) This package does not have downloadable releases.
[INFO] (zerotest) This package is up to date.
[INFO] (zerotier) This package is up to date.
[INFO] (zerotk.clikit) This package is up to date.
[INFO] (zerotk.easyfs) This package is up to date.
[INFO] (zerotk.jenkins-job-builder) This package is up to date.
[INFO] (zerotk.jenkins-job-builder-pipeline) This package is up to date.
[INFO] (zerotk.reraiseit) This package is up to date.
[INFO] (zerotk.virtualenv-api) This package is up to date.
[INFO] (zerotk.xml-factory) This package is up to date.
[INFO] (zerotk.zops) This package is up to date.
[INFO] (zerovm-sphinx-theme) This package is up to date.
[ERROR] (zerqu) This package does not have downloadable releases.
[ERROR] (zes3t) Could not extract data from this package. See below for details.
"" extension not supported.
[ERROR] (zess-chapter3) This package does not have downloadable releases.
[INFO] (zess-chapter5) This package is up to date.
[INFO] (zess-chapter6) This package is up to date.
[INFO] (zess-chapter7) This package is up to date.
[INFO] (zess-nester) This package is up to date.
[INFO] (zest.cachetuning) This package is up to date.
[INFO] (zest.commentcleanup) This package is up to date.
[INFO] (zest.emailhider) This package is up to date.
[INFO] (zest.ploneglossaryhighlight) This package is up to date.
[INFO] (zest.pocompile) This package is up to date.
[INFO] (zest.recipe.mysql) This package is up to date.
[INFO] (zest.releaser) This package is up to date.
[INFO] (zest.social) This package is up to date.
[INFO] (zest.specialpaste) This package is up to date.
[INFO] (zest.stabilizer) This package is up to date.
[INFO] (zester) This package is up to date.
[INFO] (zestyparser) This package is up to date.
[INFO] (zeta) This package is up to date.
[INFO] (zetalibrary) This package is up to date.
[INFO] (zettwerk.clickmap) This package is up to date.
[INFO] (zettwerk.fullcalendar) This package is up to date.
[INFO] (zettwerk.i18nduder) This package is up to date.
[INFO] (zettwerk.mailtemplates) This package is up to date.
[INFO] (zettwerk.mobile) This package is up to date.
[INFO] (zettwerk.mobiletheming) This package is up to date.
[INFO] (zettwerk.ui) This package is up to date.
[INFO] (zettwerk.users) This package is up to date.
[INFO] (zetup) This package is up to date.
[INFO] (zeus) This package is up to date.
[INFO] (zeus-lab804) This package is up to date.
[INFO] (zexceptions) This package is up to date.
[INFO] (zezfio) This package is up to date.
[INFO] (zfec) This package is up to date.
[INFO] (zflix) This package is up to date.
[INFO] (zflow) This package is up to date.
[INFO] (zforms) This package is up to date.
[INFO] (zfs-backup) This package is up to date.
[INFO] (zfs-tools) This package is up to date.
[INFO] (zfs-utils-osx) This package is up to date.
[INFO] (zgeo.atom) This package is up to date.
[INFO] (zgeo.geographer) This package is up to date.
[INFO] (zgeo.kml) This package is up to date.
[INFO] (zgeo.plone.atom) This package is up to date.
[INFO] (zgeo.plone.geographer) This package is up to date.
[INFO] (zgeo.plone.kml) This package is up to date.
[INFO] (zgeo.recipe.openlayers) This package is up to date.
[INFO] (zgeo.spatialindex) This package is up to date.
[INFO] (zgeo.wfs) This package is up to date.
[INFO] (zget) This package is up to date.
[INFO] (zgitignore) This package is up to date.
[INFO] (zgl) This package is up to date.
[INFO] (zgres) This package is up to date.
[INFO] (zh) This package is up to date.
[INFO] (zh-doclint) This package is up to date.
[INFO] (zh-nester) This package is up to date.
[INFO] (zh-recover) This package is up to date.
[INFO] (zh-segment) This package is up to date.
[INFO] (zhang) This package is up to date.
[INFO] (zhang-test) This package is up to date.
[INFO] (zhang4122738) This package is up to date.
[INFO] (zhangbinnester) This package is up to date.
[INFO] (zhangchao) This package is up to date.
[INFO] (zhangte) This package is up to date.
[ERROR] (zhangte-test) Could not get a response from API for this package. See below for details.
Traceback (most recent call last):
  File "/usr/local/lib/python3.5/dist-packages/pypicontents/api/pypi.py", line 261, in get_pkgdata
    timeout=10).read()
  File "/usr/lib/python3.5/urllib/request.py", line 163, in urlopen
    return opener.open(url, data, timeout)
  File "/usr/lib/python3.5/urllib/request.py", line 472, in open
    response = meth(req, response)
  File "/usr/lib/python3.5/urllib/request.py", line 582, in http_response
    'http', request, response, code, msg, hdrs)
  File "/usr/lib/python3.5/urllib/request.py", line 504, in error
    result = self._call_chain(*args)
  File "/usr/lib/python3.5/urllib/request.py", line 444, in _call_chain
    result = func(*args)
  File "/usr/lib/python3.5/urllib/request.py", line 696, in http_error_302
    return self.parent.open(new, timeout=req.timeout)
  File "/usr/lib/python3.5/urllib/request.py", line 472, in open
    response = meth(req, response)
  File "/usr/lib/python3.5/urllib/request.py", line 582, in http_response
    'http', request, response, code, msg, hdrs)
  File "/usr/lib/python3.5/urllib/request.py", line 510, in error
    return self._call_chain(*args)
  File "/usr/lib/python3.5/urllib/request.py", line 444, in _call_chain
    result = func(*args)
  File "/usr/lib/python3.5/urllib/request.py", line 590, in http_error_default
    raise HTTPError(req.full_url, code, msg, hdrs, fp)
urllib.error.HTTPError: HTTP Error 404: Not Found

[INFO] (zhangwlgq) This package is up to date.
[INFO] (zhangxulong) This package is up to date.
[ERROR] (zhangyong87524) This package does not have downloadable releases.
[INFO] (zhangyuyan) This package is up to date.
[ERROR] (zhao-test) This package does not have downloadable releases.
[ERROR] (zhaotiezhuang) This package does not have downloadable releases.
[INFO] (zhaowenlei) This package is up to date.
[INFO] (zhaoyangtest) This package is up to date.
[INFO] (zharov) This package is up to date.
[INFO] (zhconv) This package is up to date.
[INFO] (zhdanov) This package is up to date.
[INFO] (zheyang) This package is up to date.
[INFO] (zhihu-oauth) This package is up to date.
[INFO] (zhihu-py3) This package is up to date.
[INFO] (zhihuapi) This package is up to date.
[INFO] (zhilin) This package is up to date.
[INFO] (zhimabot) This package is up to date.
[INFO] (zhitools) This package is up to date.
[INFO] (zhj-top) This package is up to date.
[INFO] (zhk) This package is up to date.
[INFO] (zhlint) This package is up to date.
[INFO] (zhmcclient) This package is up to date.
[INFO] (zhon) This package is up to date.
[INFO] (zhongguolib) This package is up to date.
[INFO] (zhou-nester) This package is up to date.
[INFO] (zhpy) This package is up to date.
[ERROR] (zhpy3) Could not extract data from this package. See below for details.
"" extension not supported.
[INFO] (zhtest) This package is up to date.
[ERROR] (zhtw-print) This package does not have downloadable releases.
[INFO] (zhu-nester) This package is up to date.
[INFO] (zhue) This package is up to date.
[INFO] (zhukov) This package is up to date.
[INFO] (zhupengfei.eleme) This package is up to date.
[INFO] (zhuravlev) This package is up to date.
[ERROR] (zhushixinqqq) This package does not have downloadable releases.
[INFO] (zhuzuwei-nester) This package is up to date.
[INFO] (zhyuoct-nester) This package is up to date.
[INFO] (zhznester) This package is up to date.
[INFO] (zibrato) This package is up to date.
[INFO] (zicbee) This package is up to date.
[INFO] (zicbee-gst) This package is up to date.
[INFO] (zicbee-lib) This package is up to date.
[INFO] (zicbee-mplayer) This package is up to date.
[INFO] (zicbee-mpris) This package is up to date.
[INFO] (zicbee-vlc) This package is up to date.
[INFO] (zict) This package is up to date.
[INFO] (zif.gzipper) This package is up to date.
[INFO] (zif.headincludes) This package is up to date.
[INFO] (zif.jsmin) This package is up to date.
[INFO] (zif.jsonserver) This package is up to date.
[INFO] (zif.sedna) This package is up to date.
[INFO] (zif.xtemplate) This package is up to date.
[INFO] (ziggeo) This package is up to date.
[ERROR] (ziggurat) This package does not have downloadable releases.
[ERROR] (ziggurat-blueprint) This package does not have downloadable releases.
[ERROR] (ziggurat-form) This package does not have downloadable releases.
[INFO] (ziggurat-foundations) This package is up to date.
[INFO] (ziggy) This package is up to date.
[ERROR] (zigm) This package does not have downloadable releases.
[INFO] (zignal) This package is up to date.
[INFO] (zignor) This package is up to date.
[INFO] (zigzag) This package is up to date.
[INFO] (zihaopython) This package is up to date.
[INFO] (zihin-nester) This package is up to date.
[ERROR] (ziirish) This package does not have downloadable releases.
[INFO] (zikt) This package is up to date.
[INFO] (zilch) This package is up to date.
[INFO] (zilepackagetest) This package is up to date.
[INFO] (zilla) This package is up to date.
[INFO] (zillabyte) This package is up to date.
[INFO] (zillowpy) This package is up to date.
[INFO] (zima) This package is up to date.
[INFO] (zimin) This package is up to date.
[ERROR] (zimple) This package does not have downloadable releases.
[INFO] (zimplewiki) This package is up to date.
[INFO] (zimply) This package is up to date.
[INFO] (zimsoap) This package is up to date.
[INFO] (zimupy) This package is up to date.
[INFO] (zimuzu) This package is up to date.
[INFO] (zinc) This package is up to date.
[INFO] (zinebuildout) This package is up to date.
[INFO] (zing) This package is up to date.
[INFO] (zinggnnester) This package is up to date.
[INFO] (zini) This package is up to date.
[INFO] (zinnia-drupal) This package is up to date.
[INFO] (zinnia-spam-checker-akismet) This package is up to date.
[INFO] (zinnia-spam-checker-mollom) This package is up to date.
[INFO] (zinnia-theme-bootstrap) This package is up to date.
[INFO] (zinnia-theme-foundation) This package is up to date.
[INFO] (zinnia-theme-html5) This package is up to date.
[INFO] (zinnia-threaded-comments) This package is up to date.
[INFO] (zinnia-to-puput) This package is up to date.
[INFO] (zinnia-twitter) This package is up to date.
[INFO] (zinnia-url-shortener-bitly) This package is up to date.
[INFO] (zinnia-url-shortener-hashids) This package is up to date.
[INFO] (zinnia-wysiwyg-ckeditor) This package is up to date.
[INFO] (zinnia-wysiwyg-markitup) This package is up to date.
[INFO] (zinnia-wysiwyg-tinymce) This package is up to date.
[INFO] (zinnia-wysiwyg-wymeditor) This package is up to date.
[INFO] (zinovev) This package is up to date.
[INFO] (zinspect) This package is up to date.
[INFO] (zint) This package is up to date.
[INFO] (zio) This package is up to date.
[INFO] (zion) This package is up to date.
[INFO] (zip) This package is up to date.
[INFO] (zip-code-radius) This package is up to date.
[INFO] (zip-open) This package is up to date.
[ERROR] (zip-tax) This package does not have downloadable releases.
[INFO] (zipa) This package is up to date.
[INFO] (zipaccess) This package is up to date.
[ERROR] (zipath) This package does not have downloadable releases.
[INFO] (zipch) This package is up to date.
[INFO] (zipcode) This package is up to date.
[INFO] (zipcodeignoresamethread) This package is up to date.
[INFO] (zipcodetw) This package is up to date.
[INFO] (zipdbm) This package is up to date.
[INFO] (zipdep.py) This package is up to date.
[INFO] (zipdump) This package is up to date.
[INFO] (zipe) This package is up to date.
[ERROR] (zipeggs) Could not extract data from this package. See below for details.

[INFO] (zipfeeder) This package is up to date.
[INFO] (zipfelchappe) This package is up to date.
[INFO] (zipfile2) This package is up to date.
[INFO] (zipfile36) This package is up to date.
[INFO] (zipfreeinfo) This package is up to date.
[INFO] (zipgun) This package is up to date.
[INFO] (ziphmm) This package is up to date.
[INFO] (zipimportx) This package is up to date.
[INFO] (zipkin) This package is up to date.
[INFO] (zipkin-query) This package is up to date.
[INFO] (zipline) This package is up to date.
[INFO] (zipline-cn-databundle) This package is up to date.
[INFO] (zipline-poloniex) This package is up to date.
[INFO] (zipls) This package is up to date.
[INFO] (zipnish) This package is up to date.
[ERROR] (zippath) This package does not have downloadable releases.
[INFO] (zipper) This package is up to date.
[INFO] (zippie) This package is up to date.
[INFO] (zippy) This package is up to date.
[INFO] (zippydoc) This package is up to date.
[INFO] (zipsnfolders) This package is up to date.
[INFO] (zipstream) This package is up to date.
[INFO] (ziptastic-python) This package is up to date.
[INFO] (ziptests) This package is up to date.
[INFO] (ziptools) This package is up to date.
[ERROR] (ziptz) This package does not have downloadable releases.
[INFO] (zirc) This package is up to date.
[INFO] (zirkon) This package is up to date.
[INFO] (zirpu-utils) This package is up to date.
[INFO] (zither) This package is up to date.
[INFO] (zjy-fabu) This package is up to date.
[INFO] (zk-athletelist) This package is up to date.
[INFO] (zk-flock) This package is up to date.
[INFO] (zk-monitor) This package is up to date.
[INFO] (zk-nester) This package is up to date.
[INFO] (zk-shell) This package is up to date.
[INFO] (zk-watcher) This package is up to date.
[INFO] (zkaffold) This package is up to date.
[INFO] (zkcelery) This package is up to date.
[INFO] (zkclient) This package is up to date.
[INFO] (zkcluster) This package is up to date.
[INFO] (zkie) This package is up to date.
[INFO] (zklib) This package is up to date.
[INFO] (zklock) This package is up to date.
[INFO] (zkpython) This package is up to date.
[INFO] (zktools) This package is up to date.
[INFO] (zktraffic) This package is up to date.
[INFO] (zku) This package is up to date.
[INFO] (zlib-wrapper) This package is up to date.
[INFO] (zlist) This package is up to date.
[INFO] (zlobin) This package is up to date.
[INFO] (zlog) This package is up to date.
[INFO] (zm) This package is up to date.
[INFO] (zmarketo) This package is up to date.
[INFO] (zmcat) This package is up to date.
[INFO] (zmcon) This package is up to date.
[INFO] (zmicroservices) This package is up to date.
[INFO] (zml) This package is up to date.
[INFO] (zmon-cli) This package is up to date.
[INFO] (zmon-worker) This package is up to date.
[INFO] (zmq) This package is up to date.
[INFO] (zmq-helpers) This package is up to date.
[INFO] (zmq-object-exchanger) This package is up to date.
[INFO] (zmq-plugin) This package is up to date.
[INFO] (zmq-rpc) This package is up to date.
[INFO] (zmqc) This package is up to date.
[INFO] (zmqdecorators) This package is up to date.
[INFO] (zmqdump) This package is up to date.
[INFO] (zmqf) This package is up to date.
[INFO] (zmqfan) This package is up to date.
[INFO] (zmqfirewall) This package is up to date.
[INFO] (zmqmin) This package is up to date.
[INFO] (zmqnumpy) This package is up to date.
[INFO] (zmqpy) This package is up to date.
[ERROR] (zmqrpc) This package does not have downloadable releases.
[INFO] (zms3) This package is up to date.
[INFO] (zms3.deployment) This package is up to date.
[INFO] (zmwangx) This package is up to date.
[INFO] (zmzmdr) This package is up to date.
[INFO] (znanija) This package is up to date.
[ERROR] (znc-web-logs) This package does not have downloadable releases.
[ERROR] (znck) Could not extract data from this package. See below for details.
"https://codeload.github.com/znck/machine-learning/legacy.tar.gz/znck-0.1.1.tar.gz" file couldnt be downloaded. See below for details.
Traceback (most recent call last):
  File "/usr/local/lib/python3.5/dist-packages/pypicontents/api/pypi.py", line 106, in download_tar
    f.write(urlopen(url=urlesc(pkgurl), timeout=10).read())
  File "/usr/lib/python3.5/urllib/request.py", line 163, in urlopen
    return opener.open(url, data, timeout)
  File "/usr/lib/python3.5/urllib/request.py", line 472, in open
    response = meth(req, response)
  File "/usr/lib/python3.5/urllib/request.py", line 582, in http_response
    'http', request, response, code, msg, hdrs)
  File "/usr/lib/python3.5/urllib/request.py", line 510, in error
    return self._call_chain(*args)
  File "/usr/lib/python3.5/urllib/request.py", line 444, in _call_chain
    result = func(*args)
  File "/usr/lib/python3.5/urllib/request.py", line 590, in http_error_default
    raise HTTPError(req.full_url, code, msg, hdrs, fp)
urllib.error.HTTPError: HTTP Error 404: Not Found

[ERROR] (znester) This package does not have downloadable releases.
[INFO] (zoauth) This package is up to date.
[INFO] (zodb) This package is up to date.
[INFO] (zodb.py3migrate) This package is up to date.
[INFO] (zodb3) This package is up to date.
[INFO] (zodbbrowser) This package is up to date.
[INFO] (zodbcode) This package is up to date.
[INFO] (zodbpickle) This package is up to date.
[INFO] (zodbshootout) This package is up to date.
[INFO] (zodbtools) This package is up to date.
[INFO] (zodbupdate) This package is up to date.
[INFO] (zodbupgrade) This package is up to date.
[INFO] (zodburi) This package is up to date.
[INFO] (zodiac) This package is up to date.
[INFO] (zodiac-sign) This package is up to date.
[INFO] (zodict) This package is up to date.
[INFO] (zoe) This package is up to date.
[INFO] (zoe-analytics) This package is up to date.
[INFO] (zoe-py) This package is up to date.
[ERROR] (zoefirst) This package does not have downloadable releases.
[INFO] (zoembed) This package is up to date.
[ERROR] (zoepg) Could not extract data from this package. See below for details.
".php?group_id=110483" extension not supported.
[INFO] (zoey-nester) This package is up to date.
[INFO] (zohoapi) This package is up to date.
[INFO] (zohoautomate) This package is up to date.
[INFO] (zohodocs) This package is up to date.
[INFO] (zoid) This package is up to date.
[INFO] (zoidberg) This package is up to date.
[INFO] (zoink-sftp) This package is up to date.
[INFO] (zojax.mr.gae) This package is up to date.
[INFO] (zokket) This package is up to date.
[INFO] (zolenmeyer) This package is up to date.
[INFO] (zolotarev) This package is up to date.
[INFO] (zolotov) This package is up to date.
[INFO] (zombase) This package is up to date.
[INFO] (zombie) This package is up to date.
[INFO] (zombie-translator) This package is up to date.
[INFO] (zombieadventure) This package is up to date.
[INFO] (zombieagent) This package is up to date.
[INFO] (zone) This package is up to date.
[INFO] (zone-file) This package is up to date.
[INFO] (zone2gandi) This package is up to date.
[INFO] (zone53) This package is up to date.
[INFO] (zonebot) This package is up to date.
[INFO] (zonecheck) This package is up to date.
[INFO] (zonecreate) This package is up to date.
[INFO] (zonefile) This package is up to date.
[INFO] (zoner) This package is up to date.
[INFO] (zoo) This package is up to date.
[INFO] (zoo-cmd) This package is up to date.
[INFO] (zoobus) This package is up to date.
[INFO] (zoochory) This package is up to date.
[INFO] (zoocli) This package is up to date.
[INFO] (zoodle) This package is up to date.
[INFO] (zookeeper-monitor) This package is up to date.
[INFO] (zookeeper-watcher) This package is up to date.
[INFO] (zoolander) This package is up to date.
[INFO] (zoom) This package is up to date.
[INFO] (zoom-shortener) This package is up to date.
[INFO] (zoomascii) This package is up to date.
[ERROR] (zoomeye) This package does not have downloadable releases.
[ERROR] (zoomeye-python) This package does not have downloadable releases.
[INFO] (zoomeye-sdk) This package is up to date.
[INFO] (zoomlinkmap) This package is up to date.
[INFO] (zoomus) This package is up to date.
[INFO] (zoonado) This package is up to date.
[INFO] (zooniverse-dump) This package is up to date.
[ERROR] (zoonomia) This package does not have downloadable releases.
[INFO] (zoop) This package is up to date.
[INFO] (zoopla) This package is up to date.
[INFO] (zoopt) This package is up to date.
[INFO] (zoort) This package is up to date.
[INFO] (zoosync) This package is up to date.
[INFO] (zooz-python) This package is up to date.
[ERROR] (zopache.pagetemplate) This package does not have downloadable releases.
[INFO] (zopache.pythonscript) This package is up to date.
[INFO] (zopaclient) This package is up to date.
[ERROR] (zope) This package does not have downloadable releases.
[INFO] (zope-fixtures) This package is up to date.
[INFO] (zope-lrr-analyzer) This package is up to date.
[INFO] (zope.annotation) This package is up to date.
[INFO] (zope.apidoc) This package is up to date.
[INFO] (zope.app.annotation) This package is up to date.
[INFO] (zope.app.apidoc) This package is up to date.
[INFO] (zope.app.applicationcontrol) This package is up to date.
[INFO] (zope.app.appsetup) This package is up to date.
[INFO] (zope.app.authentication) This package is up to date.
[INFO] (zope.app.basicskin) This package is up to date.
[INFO] (zope.app.boston) This package is up to date.
[INFO] (zope.app.broken) This package is up to date.
[INFO] (zope.app.cache) This package is up to date.
[INFO] (zope.app.catalog) This package is up to date.
[INFO] (zope.app.component) This package is up to date.
[INFO] (zope.app.container) This package is up to date.
[INFO] (zope.app.content) This package is up to date.
[INFO] (zope.app.dav) This package is up to date.
[INFO] (zope.app.debug) This package is up to date.
[INFO] (zope.app.debugskin) This package is up to date.
[INFO] (zope.app.dependable) This package is up to date.
[INFO] (zope.app.dtmlpage) This package is up to date.
[INFO] (zope.app.dublincore) This package is up to date.
[INFO] (zope.app.error) This package is up to date.
[INFO] (zope.app.exception) This package is up to date.
[INFO] (zope.app.externaleditor) This package is up to date.
[INFO] (zope.app.file) This package is up to date.
[INFO] (zope.app.folder) This package is up to date.
[INFO] (zope.app.form) This package is up to date.
[INFO] (zope.app.fssync) This package is up to date.
[INFO] (zope.app.ftp) This package is up to date.
[INFO] (zope.app.generations) This package is up to date.
[INFO] (zope.app.homefolder) This package is up to date.
[INFO] (zope.app.http) This package is up to date.
[INFO] (zope.app.i18n) This package is up to date.
[INFO] (zope.app.i18nfile) This package is up to date.
[INFO] (zope.app.interface) This package is up to date.
[INFO] (zope.app.interpreter) This package is up to date.
[INFO] (zope.app.intid) This package is up to date.
[INFO] (zope.app.keyreference) This package is up to date.
[INFO] (zope.app.layers) This package is up to date.
[INFO] (zope.app.locales) This package is up to date.
[INFO] (zope.app.localpermission) This package is up to date.
[INFO] (zope.app.locking) This package is up to date.
[INFO] (zope.app.module) This package is up to date.
[INFO] (zope.app.onlinehelp) This package is up to date.
[INFO] (zope.app.pagetemplate) This package is up to date.
[INFO] (zope.app.pluggableauth) This package is up to date.
[INFO] (zope.app.preference) This package is up to date.
[INFO] (zope.app.preview) This package is up to date.
[INFO] (zope.app.principalannotation) This package is up to date.
[INFO] (zope.app.publication) This package is up to date.
[INFO] (zope.app.publisher) This package is up to date.
[INFO] (zope.app.pythonpage) This package is up to date.
[INFO] (zope.app.renderer) This package is up to date.
[INFO] (zope.app.rotterdam) This package is up to date.
[INFO] (zope.app.schema) This package is up to date.
[INFO] (zope.app.security) This package is up to date.
[INFO] (zope.app.securitypolicy) This package is up to date.
[INFO] (zope.app.server) This package is up to date.
[INFO] (zope.app.session) This package is up to date.
[INFO] (zope.app.skins) This package is up to date.
[INFO] (zope.app.sqlexpr) This package is up to date.
[INFO] (zope.app.sqlscript) This package is up to date.
[INFO] (zope.app.testing) This package is up to date.
[INFO] (zope.app.traversing) This package is up to date.
[INFO] (zope.app.tree) This package is up to date.
[INFO] (zope.app.twisted) This package is up to date.
[INFO] (zope.app.undo) This package is up to date.
[INFO] (zope.app.versioncontrol) This package is up to date.
[INFO] (zope.app.wfmc) This package is up to date.
[INFO] (zope.app.workflow) This package is up to date.
[INFO] (zope.app.wsgi) This package is up to date.
[INFO] (zope.app.xmlrpcintrospection) This package is up to date.
[INFO] (zope.app.zapi) This package is up to date.
[INFO] (zope.app.zcmlfiles) This package is up to date.
[INFO] (zope.app.zopeappgenerations) This package is up to date.
[INFO] (zope.app.zptpage) This package is up to date.
[INFO] (zope.applicationcontrol) This package is up to date.
[INFO] (zope.authentication) This package is up to date.
[INFO] (zope.bforest) This package is up to date.
[INFO] (zope.broken) This package is up to date.
[INFO] (zope.browser) This package is up to date.
[INFO] (zope.browsermenu) This package is up to date.
[INFO] (zope.browserpage) This package is up to date.
[INFO] (zope.browserresource) This package is up to date.
[INFO] (zope.cachedescriptors) This package is up to date.
[INFO] (zope.catalog) This package is up to date.
[INFO] (zope.component) This package is up to date.
[INFO] (zope.componentvocabulary) This package is up to date.
[INFO] (zope.configuration) This package is up to date.
[INFO] (zope.container) This package is up to date.
[INFO] (zope.contentprovider) This package is up to date.
[INFO] (zope.contenttype) This package is up to date.
[INFO] (zope.cooties) This package is up to date.
[INFO] (zope.copy) This package is up to date.
[INFO] (zope.copypastemove) This package is up to date.
[INFO] (zope.datetime) This package is up to date.
[INFO] (zope.decorator) This package is up to date.
[INFO] (zope.deferredimport) This package is up to date.
[INFO] (zope.dependencytool) This package is up to date.
[INFO] (zope.deprecation) This package is up to date.
[INFO] (zope.documenttemplate) This package is up to date.
[INFO] (zope.dottedname) This package is up to date.
[INFO] (zope.dublincore) This package is up to date.
[INFO] (zope.error) This package is up to date.
[INFO] (zope.errorview) This package is up to date.
[INFO] (zope.event) This package is up to date.
[INFO] (zope.exceptions) This package is up to date.
[INFO] (zope.fanstatic) This package is up to date.
[INFO] (zope.file) This package is up to date.
[INFO] (zope.filerepresentation) This package is up to date.
[INFO] (zope.fixers) This package is up to date.
[INFO] (zope.formlib) This package is up to date.
[INFO] (zope.fssync) This package is up to date.
[INFO] (zope.generations) This package is up to date.
[INFO] (zope.globalrequest) This package is up to date.
[INFO] (zope.hookable) This package is up to date.
[INFO] (zope.html) This package is up to date.
[INFO] (zope.httpform) This package is up to date.
[INFO] (zope.httpformdate) This package is up to date.
[INFO] (zope.i18n) This package is up to date.
[INFO] (zope.i18nmessageid) This package is up to date.
[INFO] (zope.index) This package is up to date.
[INFO] (zope.interface) This package is up to date.
[INFO] (zope.intid) This package is up to date.
[INFO] (zope.introspector) This package is up to date.
[INFO] (zope.introspectorui) This package is up to date.
[INFO] (zope.keyreference) This package is up to date.
[INFO] (zope.kgs) This package is up to date.
[INFO] (zope.lifecycleevent) This package is up to date.
[INFO] (zope.location) This package is up to date.
[INFO] (zope.locking) This package is up to date.
[INFO] (zope.login) This package is up to date.
[INFO] (zope.mimetype) This package is up to date.
[INFO] (zope.minmax) This package is up to date.
[INFO] (zope.mkzeoinstance) This package is up to date.
[INFO] (zope.modulealias) This package is up to date.
[INFO] (zope.optionalextension) This package is up to date.
[INFO] (zope.outputchecker) This package is up to date.
[INFO] (zope.pagetemplate) This package is up to date.
[INFO] (zope.password) This package is up to date.
[INFO] (zope.paste) This package is up to date.
[INFO] (zope.pluggableauth) This package is up to date.
[INFO] (zope.preference) This package is up to date.
[INFO] (zope.principalannotation) This package is up to date.
[INFO] (zope.principalregistry) This package is up to date.
[INFO] (zope.processlifetime) This package is up to date.
[INFO] (zope.proxy) This package is up to date.
[INFO] (zope.psycopgda) This package is up to date.
[INFO] (zope.ptresource) This package is up to date.
[INFO] (zope.publisher) This package is up to date.
[INFO] (zope.pypisupport) This package is up to date.
[INFO] (zope.pytest) This package is up to date.
[INFO] (zope.ramcache) This package is up to date.
[INFO] (zope.rdb) This package is up to date.
[ERROR] (zope.release) This package does not have downloadable releases.
[INFO] (zope.renderer) This package is up to date.
[INFO] (zope.schema) This package is up to date.
[INFO] (zope.schemaevent) This package is up to date.
[INFO] (zope.security) This package is up to date.
[INFO] (zope.securitypolicy) This package is up to date.
[INFO] (zope.sendmail) This package is up to date.
[INFO] (zope.sequencesort) This package is up to date.
[INFO] (zope.server) This package is up to date.
[INFO] (zope.session) This package is up to date.
[INFO] (zope.site) This package is up to date.
[INFO] (zope.size) This package is up to date.
[INFO] (zope.sqlalchemy) This package is up to date.
[INFO] (zope.structuredtext) This package is up to date.
[INFO] (zope.tal) This package is up to date.
[INFO] (zope.tales) This package is up to date.
[INFO] (zope.testbrowser) This package is up to date.
[INFO] (zope.testing) This package is up to date.
[INFO] (zope.testrecorder) This package is up to date.
[INFO] (zope.testrunner) This package is up to date.
[INFO] (zope.thread) This package is up to date.
[INFO] (zope.traversing) This package is up to date.
[INFO] (zope.ucol) This package is up to date.
[INFO] (zope.untrustedpython) This package is up to date.
[INFO] (zope.viewlet) This package is up to date.
[INFO] (zope.vocabularyregistry) This package is up to date.
[INFO] (zope.weakset) This package is up to date.
[INFO] (zope.wfmc) This package is up to date.
[ERROR] (zope.xmlpickle) This package does not have downloadable releases.
[INFO] (zope.z2release) This package is up to date.
[INFO] (zope2) This package is up to date.
[INFO] (zope2-bootstrap) This package is up to date.
[INFO] (zope2.sessioncookie) This package is up to date.
[INFO] (zope2.zodbbrowser) This package is up to date.
[INFO] (zope2instance) This package is up to date.
[ERROR] (zope3app) This package does not have downloadable releases.
[INFO] (zopehealthwatcher) This package is up to date.
[ERROR] (zopeinterface) Could not get a response from API for this package. See below for details.
Traceback (most recent call last):
  File "/usr/local/lib/python3.5/dist-packages/pypicontents/api/pypi.py", line 261, in get_pkgdata
    timeout=10).read()
  File "/usr/lib/python3.5/urllib/request.py", line 163, in urlopen
    return opener.open(url, data, timeout)
  File "/usr/lib/python3.5/urllib/request.py", line 472, in open
    response = meth(req, response)
  File "/usr/lib/python3.5/urllib/request.py", line 582, in http_response
    'http', request, response, code, msg, hdrs)
  File "/usr/lib/python3.5/urllib/request.py", line 504, in error
    result = self._call_chain(*args)
  File "/usr/lib/python3.5/urllib/request.py", line 444, in _call_chain
    result = func(*args)
  File "/usr/lib/python3.5/urllib/request.py", line 696, in http_error_302
    return self.parent.open(new, timeout=req.timeout)
  File "/usr/lib/python3.5/urllib/request.py", line 472, in open
    response = meth(req, response)
  File "/usr/lib/python3.5/urllib/request.py", line 582, in http_response
    'http', request, response, code, msg, hdrs)
  File "/usr/lib/python3.5/urllib/request.py", line 510, in error
    return self._call_chain(*args)
  File "/usr/lib/python3.5/urllib/request.py", line 444, in _call_chain
    result = func(*args)
  File "/usr/lib/python3.5/urllib/request.py", line 590, in http_error_default
    raise HTTPError(req.full_url, code, msg, hdrs, fp)
urllib.error.HTTPError: HTTP Error 404: Not Found

[INFO] (zopemetadatamaker) This package is up to date.
[INFO] (zopen.frs) This package is up to date.
[INFO] (zopeproject) This package is up to date.
[INFO] (zopeskel) This package is up to date.
[INFO] (zopeskel.browserlayer) This package is up to date.
[INFO] (zopeskel.dexterity) This package is up to date.
[INFO] (zopeskel.diazochildtheme) This package is up to date.
[INFO] (zopeskel.diazotheme) This package is up to date.
[INFO] (zopeskel.doctools) This package is up to date.
[INFO] (zopeskel.niteoweb) This package is up to date.
[INFO] (zopeskel.unis) This package is up to date.
[INFO] (zopeundo) This package is up to date.
[ERROR] (zopex3) This package does not have downloadable releases.
[INFO] (zopfli) This package is up to date.
[INFO] (zopkio) This package is up to date.
[INFO] (zops) This package is up to date.
[INFO] (zops.code-standards) This package is up to date.
[INFO] (zops.jenkins-jobs) This package is up to date.
[INFO] (zops.requirements-directory) This package is up to date.
[INFO] (zops.virtualenv) This package is up to date.
[INFO] (zopy) This package is up to date.
[INFO] (zopyx-gridfs) This package is up to date.
[INFO] (zopyx.authoring) This package is up to date.
[INFO] (zopyx.convert) This package is up to date.
[INFO] (zopyx.convert2) This package is up to date.
[INFO] (zopyx.ecardsng) This package is up to date.
[INFO] (zopyx.ep2011) This package is up to date.
[INFO] (zopyx.existdb) This package is up to date.
[INFO] (zopyx.ipsumplone) This package is up to date.
[INFO] (zopyx.multieventcalendar) This package is up to date.
[INFO] (zopyx.parallel-svn-externals-updater) This package is up to date.
[INFO] (zopyx.plone.cassandra) This package is up to date.
[INFO] (zopyx.plone.hyphenator) This package is up to date.
[INFO] (zopyx.plone.migration) This package is up to date.
[INFO] (zopyx.plone.persistentlogger) This package is up to date.
[INFO] (zopyx.plone.smashdocs) This package is up to date.
[INFO] (zopyx.pysiriproxy) This package is up to date.
[INFO] (zopyx.sharepoint) This package is up to date.
[INFO] (zopyx.slimp) This package is up to date.
[INFO] (zopyx.smartprintng.client) This package is up to date.
[INFO] (zopyx.smartprintng.core) This package is up to date.
[INFO] (zopyx.smartprintng.lite) This package is up to date.
[INFO] (zopyx.smartprintng.plone) This package is up to date.
[INFO] (zopyx.smartprintng.psd) This package is up to date.
[INFO] (zopyx.smartprintng.server) This package is up to date.
[INFO] (zopyx.smashdocs) This package is up to date.
[INFO] (zopyx.textindexng3) This package is up to date.
[INFO] (zopyx.tinymceplugins.imgmap) This package is up to date.
[INFO] (zopyx.tinymceplugins.tinyautosave) This package is up to date.
[INFO] (zopyx.together) This package is up to date.
[INFO] (zopyx.trashfinder) This package is up to date.
[INFO] (zopyx.txng3.core) This package is up to date.
[INFO] (zopyx.txng3.ext) This package is up to date.
[ERROR] (zopyx.versioning) This package does not have downloadable releases.
[ERROR] (zopyx.webpage) This package does not have downloadable releases.
[INFO] (zorg) This package is up to date.
[INFO] (zorg-edison) This package is up to date.
[INFO] (zorg-emic) This package is up to date.
[INFO] (zorg-firmata) This package is up to date.
[INFO] (zorg-gpio) This package is up to date.
[INFO] (zorg-grove) This package is up to date.
[INFO] (zorg-network-camera) This package is up to date.
[INFO] (zorg-seeed) This package is up to date.
[INFO] (zorin) This package is up to date.
[INFO] (zorker) This package is up to date.
[INFO] (zorky) This package is up to date.
[INFO] (zorm) This package is up to date.
[INFO] (zoro) This package is up to date.
[INFO] (zorro) This package is up to date.
[INFO] (zorroautomator) This package is up to date.
[INFO] (zosftplib) This package is up to date.
[INFO] (zot) This package is up to date.
[INFO] (zot4rst) This package is up to date.
[INFO] (zotero-cli) This package is up to date.
[INFO] (zotmer) This package is up to date.
[INFO] (zotonicclient) This package is up to date.
[INFO] (zotov) This package is up to date.
[ERROR] (zouaho-nester) This package does not have downloadable releases.
[INFO] (zouhao-nester) This package is up to date.
[INFO] (zounds) This package is up to date.
[INFO] (zourite) This package is up to date.
[INFO] (zozol) This package is up to date.
[INFO] (zp) This package is up to date.
[INFO] (zperfmetrics) This package is up to date.
[INFO] (zpgdb) This package is up to date.
[INFO] (zpkg) This package is up to date.
[INFO] (zpl2) This package is up to date.
[INFO] (zplgen) This package is up to date.
[INFO] (zplgrf) This package is up to date.
[INFO] (zplot) This package is up to date.
[INFO] (zpm) This package is up to date.
[INFO] (zpoolparty) This package is up to date.
[INFO] (zppan) This package is up to date.
[ERROR] (zppy) This package does not have downloadable releases.
[INFO] (zpretty) This package is up to date.
[INFO] (zprocess) This package is up to date.
[INFO] (zprogressbar) This package is up to date.
[INFO] (zpsycopgda) This package is up to date.
[INFO] (zptkit) This package is up to date.
[INFO] (zptlint) This package is up to date.
[ERROR] (zptpage) Could not extract data from this package. See below for details.
"" extension not supported.
[INFO] (zpublishereventsbackport) This package is up to date.
[INFO] (zpy) This package is up to date.
[INFO] (zpyshell) This package is up to date.
[INFO] (zq) This package is up to date.
[ERROR] (zquant) This package does not have downloadable releases.
[INFO] (zquery) This package is up to date.
[INFO] (zrpc) This package is up to date.
[INFO] (zs) This package is up to date.
[INFO] (zs.bibtex) This package is up to date.
[INFO] (zs.rstaddons) This package is up to date.
[INFO] (zs23-menu-fetch) This package is up to date.
[INFO] (zs2decode) This package is up to date.
[INFO] (zschema) This package is up to date.
[INFO] (zsearch-definitions) This package is up to date.
[ERROR] (zseqfile) This package does not have downloadable releases.
[ERROR] (zser) This package does not have downloadable releases.
[INFO] (zserver) This package is up to date.
[ERROR] (zsession) This package does not have downloadable releases.
[INFO] (zsh-directory-history) This package is up to date.
[INFO] (zsh1fortest) This package is up to date.
[INFO] (zsi) This package is up to date.
[INFO] (zsi-lxml) This package is up to date.
[INFO] (zsl) This package is up to date.
[INFO] (zsl-client) This package is up to date.
[INFO] (zson) This package is up to date.
[INFO] (zss) This package is up to date.
[INFO] (zssget) This package is up to date.
[INFO] (zst) This package is up to date.
[INFO] (zstandard) This package is up to date.
[INFO] (zstat) This package is up to date.
[ERROR] (zstd) This package does not have downloadable releases.
[INFO] (zstream) This package is up to date.
[INFO] (ztc) This package is up to date.
[INFO] (ztfy.alchemy) This package is up to date.
[INFO] (ztfy.appskin) This package is up to date.
[INFO] (ztfy.base) This package is up to date.
[INFO] (ztfy.baseskin) This package is up to date.
[INFO] (ztfy.beaker) This package is up to date.
[INFO] (ztfy.blog) This package is up to date.
[INFO] (ztfy.bootstrap) This package is up to date.
[INFO] (ztfy.cache) This package is up to date.
[INFO] (ztfy.captcha) This package is up to date.
[INFO] (ztfy.comment) This package is up to date.
[INFO] (ztfy.extfile) This package is up to date.
[INFO] (ztfy.file) This package is up to date.
[INFO] (ztfy.gallery) This package is up to date.
[INFO] (ztfy.geoportal) This package is up to date.
[INFO] (ztfy.hplskin) This package is up to date.
[INFO] (ztfy.i18n) This package is up to date.
[INFO] (ztfy.imgtags) This package is up to date.
[INFO] (ztfy.jqueryui) This package is up to date.
[INFO] (ztfy.ldap) This package is up to date.
[INFO] (ztfy.lock) This package is up to date.
[INFO] (ztfy.mail) This package is up to date.
[INFO] (ztfy.media) This package is up to date.
[INFO] (ztfy.monitor) This package is up to date.
[INFO] (ztfy.myams) This package is up to date.
[INFO] (ztfy.scheduler) This package is up to date.
[INFO] (ztfy.security) This package is up to date.
[INFO] (ztfy.sendit) This package is up to date.
[INFO] (ztfy.sequence) This package is up to date.
[INFO] (ztfy.skin) This package is up to date.
[INFO] (ztfy.thesaurus) This package is up to date.
[INFO] (ztfy.utils) This package is up to date.
[INFO] (ztfy.webapp) This package is up to date.
[INFO] (ztfy.workflow) This package is up to date.
[INFO] (ztfy.zmi) This package is up to date.
[INFO] (ztfy.zmq) This package is up to date.
[INFO] (ztilde) This package is up to date.
[INFO] (ztpserver) This package is up to date.
[INFO] (ztq-console) This package is up to date.
[INFO] (ztq-core) This package is up to date.
[INFO] (ztq-worker) This package is up to date.
[INFO] (ztreamy) This package is up to date.
[INFO] (ztv) This package is up to date.
[INFO] (zubkov) This package is up to date.
[INFO] (zubov) This package is up to date.
[ERROR] (zubytesetuptool) This package does not have downloadable releases.
[INFO] (zuckup) This package is up to date.
[INFO] (zuev) This package is up to date.
[INFO] (zugexianshi) This package is up to date.
[INFO] (zuice) This package is up to date.
[INFO] (zulip) This package is up to date.
[INFO] (zulipbot) This package is up to date.
[INFO] (zulu) This package is up to date.
[INFO] (zumanji) This package is up to date.
[INFO] (zums) This package is up to date.
[ERROR] (zun-ui) This package does not have downloadable releases.
[INFO] (zunzuncito) This package is up to date.
[INFO] (zuolar-nester) This package is up to date.
[INFO] (zuora) This package is up to date.
[INFO] (zuora-client) This package is up to date.
[INFO] (zuoraquery) This package is up to date.
[INFO] (zurb-foundation) This package is up to date.
[INFO] (zutils) This package is up to date.
[INFO] (zuul) This package is up to date.
[INFO] (zuul-get) This package is up to date.
[INFO] (zuup) This package is up to date.
[INFO] (zverev) This package is up to date.
[INFO] (zviagintsev) This package is up to date.
[ERROR] (zw-nester) This package does not have downloadable releases.
[INFO] (zw.jsmath) This package is up to date.
[INFO] (zw.mail.incoming) This package is up to date.
[INFO] (zw.schema) This package is up to date.
[INFO] (zw.widget) This package is up to date.
[INFO] (zwatershed) This package is up to date.
[INFO] (zwc) This package is up to date.
[INFO] (zwdlib) This package is up to date.
[INFO] (zweb) This package is up to date.
[ERROR] (zwei) This package does not have downloadable releases.
[ERROR] (zweicogs) This package does not have downloadable releases.
[INFO] (zweig) This package is up to date.
[INFO] (zwholder) This package is up to date.
[ERROR] (zwiki) This package does not have downloadable releases.
[INFO] (zwoasi) This package is up to date.
[INFO] (zx1995-nester) This package is up to date.
[INFO] (zxbasic) This package is up to date.
[INFO] (zxcvbn) This package is up to date.
[INFO] (zxcvbn-dutch) This package is up to date.
[INFO] (zxcvbn-py3) This package is up to date.
[INFO] (zxcvbn-python) This package is up to date.
[INFO] (zxcvbncpp) This package is up to date.
[INFO] (zxdnester) This package is up to date.
[INFO] (zxinglight) This package is up to date.
[ERROR] (zxotest) This package does not have downloadable releases.
[INFO] (zxtools) This package is up to date.
[INFO] (zy-nester) This package is up to date.
[INFO] (zy1221-nester) This package is up to date.
[INFO] (zyb-naster) This package is up to date.
[INFO] (zygomorphic) This package is up to date.
[INFO] (zygote) This package is up to date.
[INFO] (zyk-hfp-test1) This package is up to date.
[INFO] (zyklop) This package is up to date.
[INFO] (zykov) This package is up to date.
[INFO] (zyl-nester) This package is up to date.
[INFO] (zymbit) This package is up to date.
[INFO] (zymbit-connect) This package is up to date.
[INFO] (zymbit-trequests) This package is up to date.
[INFO] (zymkey) This package is up to date.
[ERROR] (zype) This package does not have downloadable releases.
[INFO] (zyutil) This package is up to date.
[INFO] (zyzz) This package is up to date.
[ERROR] (zz) This package does not have downloadable releases.
[INFO] (zz-nester) This package is up to date.
[INFO] (zzhmodule) This package is up to date.
[INFO] (zzhnester) This package is up to date.
[INFO] (zzr) This package is up to date.
[INFO] (zzyzx) This package is up to date.
[INFO] (zzz) This package is up to date.
[INFO] (zzzeeksphinx) This package is up to date.
[INFO] (zzzfs) This package is up to date.
[ERROR] (zzzzzzzzz) Could not get a response from API for this package. See below for details.
Traceback (most recent call last):
  File "/usr/local/lib/python3.5/dist-packages/pypicontents/api/pypi.py", line 261, in get_pkgdata
    timeout=10).read()
  File "/usr/lib/python3.5/urllib/request.py", line 163, in urlopen
    return opener.open(url, data, timeout)
  File "/usr/lib/python3.5/urllib/request.py", line 472, in open
    response = meth(req, response)
  File "/usr/lib/python3.5/urllib/request.py", line 582, in http_response
    'http', request, response, code, msg, hdrs)
  File "/usr/lib/python3.5/urllib/request.py", line 504, in error
    result = self._call_chain(*args)
  File "/usr/lib/python3.5/urllib/request.py", line 444, in _call_chain
    result = func(*args)
  File "/usr/lib/python3.5/urllib/request.py", line 696, in http_error_302
    return self.parent.open(new, timeout=req.timeout)
  File "/usr/lib/python3.5/urllib/request.py", line 472, in open
    response = meth(req, response)
  File "/usr/lib/python3.5/urllib/request.py", line 582, in http_response
    'http', request, response, code, msg, hdrs)
  File "/usr/lib/python3.5/urllib/request.py", line 510, in error
    return self._call_chain(*args)
  File "/usr/lib/python3.5/urllib/request.py", line 444, in _call_chain
    result = func(*args)
  File "/usr/lib/python3.5/urllib/request.py", line 590, in http_error_default
    raise HTTPError(req.full_url, code, msg, hdrs, fp)
urllib.error.HTTPError: HTTP Error 404: Not Found

[INFO] 
[INFO] 
[INFO] Total packages: 1368
[INFO]     Packages processed: 1368
[INFO]         Packages updated: 0
[INFO]         Packages up-to-date: 1282
[INFO]         Packages without response: 6
[INFO]         Packages without urls: 0
[INFO]         Packages without downloads: 71
[INFO]         Packages with data errors: 9
[INFO]     Packages not processed: 0
[INFO] 
[INFO] 
[INFO] Ending execution.
