[INFO] Starting execution.
[INFO] Downloading package list from PyPI ...
[INFO] (v) This package is up to date.
[INFO] (v-learn-nester) This package is up to date.
[INFO] (v-nester) This package is up to date.
[INFO] (v12) This package is up to date.
[INFO] (v1pysdk-unofficial) This package is up to date.
[INFO] (v1syncrt) This package is up to date.
[INFO] (v2) This package is up to date.
[INFO] (v2.theme) This package is up to date.
[INFO] (v20) This package is up to date.
[INFO] (v2ex-daily-mission) This package is up to date.
[ERROR] (v2f) This package does not have downloadable releases.
[INFO] (v3n0m) This package is up to date.
[INFO] (v4l2) This package is up to date.
[INFO] (v4l2capture) This package is up to date.
[ERROR] (v4py) This package does not have downloadable releases.
[INFO] (v7py) This package is up to date.
[INFO] (v8) This package is up to date.
[INFO] (v8-cffi) This package is up to date.
[INFO] (v8bot) This package is up to date.
[INFO] (v8eval) This package is up to date.
[INFO] (v8py) This package is up to date.
[ERROR] (vaalikone) This package does not have downloadable releases.
[INFO] (vac) This package is up to date.
[INFO] (vac-templater) This package is up to date.
[INFO] (vacation) This package is up to date.
[INFO] (vacca) This package is up to date.
[INFO] (vaccine) This package is up to date.
[INFO] (vacuum) This package is up to date.
[INFO] (vadersentiment) This package is up to date.
[INFO] (vadm) This package is up to date.
[INFO] (vaex) This package is up to date.
[INFO] (vagabond) This package is up to date.
[INFO] (vagalume) This package is up to date.
[ERROR] (vagoth) This package does not have downloadable releases.
[INFO] (vagquery) This package is up to date.
[INFO] (vagrant-environment) This package is up to date.
[INFO] (vagrant-metadata) This package is up to date.
[INFO] (vagrant-playbook) This package is up to date.
[INFO] (vagrant2json) This package is up to date.
[INFO] (vagrantor) This package is up to date.
[INFO] (vagrepo) This package is up to date.
[INFO] (vai) This package is up to date.
[INFO] (vais) This package is up to date.
[INFO] (vaitk) This package is up to date.
[ERROR] (vake) This package does not have downloadable releases.
[INFO] (vakhshour) This package is up to date.
[INFO] (vakkenranking) This package is up to date.
[INFO] (vaktuk) This package is up to date.
[INFO] (val) This package is up to date.
[INFO] (valarmath) This package is up to date.
[INFO] (valclust) This package is up to date.
[INFO] (valection) This package is up to date.
[INFO] (valedictory) This package is up to date.
[INFO] (valeera) This package is up to date.
[INFO] (valentine.contentportlets) This package is up to date.
[INFO] (valentine.imagescales) This package is up to date.
[INFO] (valentine.languagequery) This package is up to date.
[INFO] (valentine.linguaflow) This package is up to date.
[INFO] (valentine.multiparagraphfield) This package is up to date.
[INFO] (valentine.multiparagraphpage) This package is up to date.
[INFO] (valerius) This package is up to date.
[INFO] (valet) This package is up to date.
[ERROR] (valetion) This package does not have downloadable releases.
[ERROR] (valhal) This package does not have downloadable releases.
[INFO] (valhalla) This package is up to date.
[INFO] (valhallapy) This package is up to date.
[INFO] (valid) This package is up to date.
[INFO] (valid-edtf) This package is up to date.
[INFO] (valid-email) This package is up to date.
[INFO] (valid-model) This package is up to date.
[INFO] (valid-pymail) This package is up to date.
[INFO] (validada) This package is up to date.
[INFO] (validata) This package is up to date.
[INFO] (validate) This package is up to date.
[INFO] (validate-email) This package is up to date.
[INFO] (validate-email-address) This package is up to date.
[INFO] (validate-email-wt) This package is up to date.
[INFO] (validate-yaml) This package is up to date.
[INFO] (validater) This package is up to date.
[INFO] (validatesns) This package is up to date.
[INFO] (validation21) This package is up to date.
[ERROR] (validationlib) This package does not have downloadable releases.
[INFO] (validations) This package is up to date.
[INFO] (validatish) This package is up to date.
[INFO] (validator) This package is up to date.
[INFO] (validator.py) This package is up to date.
[INFO] (validators) This package is up to date.
[INFO] (valideer) This package is up to date.
[INFO] (validfilter) This package is up to date.
[INFO] (validict) This package is up to date.
[INFO] (validictory) This package is up to date.
[INFO] (validino) This package is up to date.
[INFO] (validity) This package is up to date.
[INFO] (validjson) This package is up to date.
[INFO] (validol2) This package is up to date.
[INFO] (validoot) This package is up to date.
[ERROR] (validpie) This package does not have downloadable releases.
[INFO] (validr) This package is up to date.
[INFO] (validyaml) This package is up to date.
[INFO] (valigator) This package is up to date.
[INFO] (valinor) This package is up to date.
[INFO] (valipede) This package is up to date.
[INFO] (valkit) This package is up to date.
[INFO] (valley) This package is up to date.
[INFO] (valleybackups) This package is up to date.
[INFO] (valleydata) Data has been updated for this package.
[INFO] (valohai-cli) This package is up to date.
[INFO] (valohai-yaml) This package is up to date.
[INFO] (vals) This package is up to date.
[INFO] (valstream) This package is up to date.
[INFO] (valtioneuvosto-scraper) This package is up to date.
[ERROR] (valuationframework) This package does not have downloadable releases.
[INFO] (value) This package is up to date.
[INFO] (value-object) This package is up to date.
[INFO] (value-objects) This package is up to date.
[INFO] (valueadded) This package is up to date.
[INFO] (valuedispatch) This package is up to date.
[INFO] (valuehorizon-companies) This package is up to date.
[INFO] (valuehorizon-countries) This package is up to date.
[INFO] (valuehorizon-forex) This package is up to date.
[INFO] (valuehorizon-people) This package is up to date.
[INFO] (valueobject) This package is up to date.
[INFO] (valve-monitor) This package is up to date.
[INFO] (valve-range-query) This package is up to date.
[INFO] (vam) This package is up to date.
[INFO] (vame-ir) This package is up to date.
[INFO] (vamp) This package is up to date.
[INFO] (vampire) This package is up to date.
[ERROR] (vampiremtest) This package does not have downloadable releases.
[INFO] (van-api) This package is up to date.
[INFO] (van.contactology) This package is up to date.
[INFO] (van.pg) This package is up to date.
[INFO] (van.potomo) This package is up to date.
[INFO] (van.pydeb) This package is up to date.
[INFO] (van.reposync) This package is up to date.
[INFO] (van.resumelb) This package is up to date.
[INFO] (van.static) This package is up to date.
[INFO] (van.testing) This package is up to date.
[INFO] (van.timeformat) This package is up to date.
[INFO] (vancare-fact) This package is up to date.
[INFO] (vanda) This package is up to date.
[INFO] (vander) This package is up to date.
[INFO] (vandermonde) This package is up to date.
[INFO] (vane) This package is up to date.
[INFO] (vanellope) This package is up to date.
[INFO] (vanguard) This package is up to date.
[INFO] (vanguardistas.buildoutsvn) This package is up to date.
[INFO] (vanguardistas.pydebdep) This package is up to date.
[INFO] (vanhozone) This package is up to date.
[INFO] (vania) This package is up to date.
[INFO] (vanilla) This package is up to date.
[INFO] (vanilla.bean) This package is up to date.
[INFO] (vanilla.consul) This package is up to date.
[INFO] (vanity) This package is up to date.
[INFO] (vannistell) This package is up to date.
[INFO] (vape) This package is up to date.
[INFO] (vaping) This package is up to date.
[INFO] (vaporize) This package is up to date.
[INFO] (vapory) This package is up to date.
[INFO] (vapourapps) This package is up to date.
[INFO] (vapprun) This package is up to date.
[INFO] (vapr) This package is up to date.
[INFO] (vaquero) This package is up to date.
[INFO] (var-dump) This package is up to date.
[ERROR] (var-dumpy) This package does not have downloadable releases.
[INFO] (varakumar1105-add-numbers) This package is up to date.
[INFO] (varapp-backend-py) This package is up to date.
[INFO] (varas) This package is up to date.
[INFO] (varcode) This package is up to date.
[INFO] (varevents) This package is up to date.
[INFO] (vargas) This package is up to date.
[INFO] (vari) This package is up to date.
[INFO] (varia) This package is up to date.
[INFO] (variadic) This package is up to date.
[INFO] (variance) This package is up to date.
[INFO] (variant-integrity) This package is up to date.
[INFO] (variant-tools) This package is up to date.
[ERROR] (variant2pubmed) This package does not have downloadable releases.
[INFO] (variantannotation) This package is up to date.
[INFO] (varify) This package is up to date.
[INFO] (varify-client) This package is up to date.
[INFO] (varint) This package is up to date.
[ERROR] (varints) This package does not have downloadable releases.
[INFO] (variousdisplaywidgets) This package is up to date.
[INFO] (varlens) This package is up to date.
[INFO] (varlet) This package is up to date.
[INFO] (varnish-admin-socket) This package is up to date.
[INFO] (varnish-bans-manager) This package is up to date.
[INFO] (varnishapi) This package is up to date.
[INFO] (varnishsentry) This package is up to date.
[INFO] (varp) This package is up to date.
[INFO] (varsity) This package is up to date.
[INFO] (varstar) This package is up to date.
[INFO] (varys) This package is up to date.
[INFO] (vas) This package is up to date.
[INFO] (vasctree) This package is up to date.
[INFO] (vase) This package is up to date.
[INFO] (vasilev) This package is up to date.
[INFO] (vasppy) This package is up to date.
[INFO] (vaspy) This package is up to date.
[INFO] (vassal-deployer) This package is up to date.
[ERROR] (vast) This package does not have downloadable releases.
[INFO] (vat) This package is up to date.
[INFO] (vat-moss) This package is up to date.
[INFO] (vatnumber) This package is up to date.
[INFO] (vatsag-nester) This package is up to date.
[INFO] (vatsim-sso) This package is up to date.
[INFO] (vault) This package is up to date.
[INFO] (vault-ca) This package is up to date.
[INFO] (vault-pki-extractor) This package is up to date.
[INFO] (vault-redirector) This package is up to date.
[INFO] (vaultcacli) This package is up to date.
[INFO] (vaultier) This package is up to date.
[INFO] (vaultlib) This package is up to date.
[INFO] (vaulty) This package is up to date.
[INFO] (vaurien) This package is up to date.
[INFO] (vaurienclient) This package is up to date.
[INFO] (vavilov) This package is up to date.
[INFO] (vaxrank) This package is up to date.
[ERROR] (vazaar) This package does not have downloadable releases.
[INFO] (vb-python) This package is up to date.
[ERROR] (vb2py) Could not extract data from this package. See below for details.
".htm" extension not supported.
[INFO] (vba-wrapper) This package is up to date.
[INFO] (vbait) This package is up to date.
[INFO] (vbbvg) This package is up to date.
[INFO] (vbcode) This package is up to date.
[ERROR] (vbdmount) Could not extract data from this package. See below for details.
".py" extension not supported.
[INFO] (vbeo.seantis.dir.events) This package is up to date.
[INFO] (vbhelloworld) This package is up to date.
[INFO] (vbihmm) This package is up to date.
[INFO] (vbmfa) This package is up to date.
[INFO] (vbox) This package is up to date.
[INFO] (vbox-sdk) This package is up to date.
[ERROR] (vboxapi) This package does not have downloadable releases.
[ERROR] (vboxen) This package does not have downloadable releases.
[ERROR] (vboxn) Could not extract data from this package. See below for details.
"http://pypi.python.org/packages/source/v/vboxn/vboxn-0.2.4.tar.gz" file could not be downloaded. See below for details.
Traceback (most recent call last):
  File "/usr/local/lib/python3.5/dist-packages/pypicontents/api/pypi.py", line 107, in download_tar
    f.write(urlopen(url=urlesc(pkgurl), timeout=10).read())
  File "/usr/lib/python3.5/urllib/request.py", line 163, in urlopen
    return opener.open(url, data, timeout)
  File "/usr/lib/python3.5/urllib/request.py", line 472, in open
    response = meth(req, response)
  File "/usr/lib/python3.5/urllib/request.py", line 582, in http_response
    'http', request, response, code, msg, hdrs)
  File "/usr/lib/python3.5/urllib/request.py", line 504, in error
    result = self._call_chain(*args)
  File "/usr/lib/python3.5/urllib/request.py", line 444, in _call_chain
    result = func(*args)
  File "/usr/lib/python3.5/urllib/request.py", line 696, in http_error_302
    return self.parent.open(new, timeout=req.timeout)
  File "/usr/lib/python3.5/urllib/request.py", line 472, in open
    response = meth(req, response)
  File "/usr/lib/python3.5/urllib/request.py", line 582, in http_response
    'http', request, response, code, msg, hdrs)
  File "/usr/lib/python3.5/urllib/request.py", line 510, in error
    return self._call_chain(*args)
  File "/usr/lib/python3.5/urllib/request.py", line 444, in _call_chain
    result = func(*args)
  File "/usr/lib/python3.5/urllib/request.py", line 590, in http_error_default
    raise HTTPError(req.full_url, code, msg, hdrs, fp)
urllib.error.HTTPError: HTTP Error 404: Not Found

[INFO] (vboxoverlord) This package is up to date.
[INFO] (vboxtrayico) This package is up to date.
[INFO] (vc-diss) This package is up to date.
[ERROR] (vc-diss-cruncher) This package does not have downloadable releases.
[ERROR] (vc0706serial) This package does not have downloadable releases.
[ERROR] (vc2xlsx) This package does not have downloadable releases.
[INFO] (vca-cli) This package is up to date.
[INFO] (vcab) This package is up to date.
[ERROR] (vcalsax) This package does not have downloadable releases.
[INFO] (vcapi) This package is up to date.
[INFO] (vcard) This package is up to date.
[INFO] (vcard-module) This package is up to date.
[INFO] (vcard-split) This package is up to date.
[INFO] (vcardgen) This package is up to date.
[INFO] (vcardreader) This package is up to date.
[INFO] (vcardtools) This package is up to date.
[INFO] (vcardz-data) This package is up to date.
[INFO] (vcash-hash) This package is up to date.
[INFO] (vcc) This package is up to date.
[INFO] (vcdb) This package is up to date.
[INFO] (vcdriver) This package is up to date.
[INFO] (vceffort) This package is up to date.
[INFO] (vcf-annotate-polyphen) This package is up to date.
[INFO] (vcf-kit) This package is up to date.
[INFO] (vcf-parser) This package is up to date.
[INFO] (vcf2clinvar) This package is up to date.
[INFO] (vcf2mutt) This package is up to date.
[INFO] (vcf2networks) This package is up to date.
[INFO] (vcfarray) This package is up to date.
[INFO] (vcfiterator) This package is up to date.
[INFO] (vcfnp) This package is up to date.
[INFO] (vcfped) This package is up to date.
[INFO] (vcfplt) This package is up to date.
[INFO] (vcfpy) This package is up to date.
[INFO] (vcftoolbox) This package is up to date.
[INFO] (vcfviewer) This package is up to date.
[INFO] (vcheck) This package is up to date.
[INFO] (vci) This package is up to date.
[INFO] (vckube) This package is up to date.
[INFO] (vcli) This package is up to date.
[INFO] (vcloudair) This package is up to date.
[INFO] (vcloudtools) This package is up to date.
[INFO] (vcompress) This package is up to date.
[INFO] (vconnector) This package is up to date.
[INFO] (vcontext) This package is up to date.
[INFO] (vcontrol) This package is up to date.
[INFO] (vcosc) This package is up to date.
[INFO] (vcp) This package is up to date.
[ERROR] (vcprompt) Could not get a response from API for this package. See below for details.
Traceback (most recent call last):
  File "/usr/local/lib/python3.5/dist-packages/pypicontents/api/pypi.py", line 264, in get_pkgdata
    timeout=10).read()
  File "/usr/lib/python3.5/urllib/request.py", line 163, in urlopen
    return opener.open(url, data, timeout)
  File "/usr/lib/python3.5/urllib/request.py", line 472, in open
    response = meth(req, response)
  File "/usr/lib/python3.5/urllib/request.py", line 582, in http_response
    'http', request, response, code, msg, hdrs)
  File "/usr/lib/python3.5/urllib/request.py", line 510, in error
    return self._call_chain(*args)
  File "/usr/lib/python3.5/urllib/request.py", line 444, in _call_chain
    result = func(*args)
  File "/usr/lib/python3.5/urllib/request.py", line 590, in http_error_default
    raise HTTPError(req.full_url, code, msg, hdrs, fp)
urllib.error.HTTPError: HTTP Error 404: Not Found

[INFO] (vcr) This package is up to date.
[INFO] (vcrpy) This package is up to date.
[ERROR] (vcrpy-facebook) Could not get a response from API for this package. See below for details.
Traceback (most recent call last):
  File "/usr/local/lib/python3.5/dist-packages/pypicontents/api/pypi.py", line 264, in get_pkgdata
    timeout=10).read()
  File "/usr/lib/python3.5/urllib/request.py", line 163, in urlopen
    return opener.open(url, data, timeout)
  File "/usr/lib/python3.5/urllib/request.py", line 472, in open
    response = meth(req, response)
  File "/usr/lib/python3.5/urllib/request.py", line 582, in http_response
    'http', request, response, code, msg, hdrs)
  File "/usr/lib/python3.5/urllib/request.py", line 510, in error
    return self._call_chain(*args)
  File "/usr/lib/python3.5/urllib/request.py", line 444, in _call_chain
    result = func(*args)
  File "/usr/lib/python3.5/urllib/request.py", line 590, in http_error_default
    raise HTTPError(req.full_url, code, msg, hdrs, fp)
urllib.error.HTTPError: HTTP Error 404: Not Found

[INFO] (vcrpy-unittest) This package is up to date.
[INFO] (vcs) This package is up to date.
[INFO] (vcs-extras) This package is up to date.
[INFO] (vcs-repo-mgr) This package is up to date.
[INFO] (vcs-ssh) This package is up to date.
[INFO] (vcs.latest) This package is up to date.
[INFO] (vcs2eric) This package is up to date.
[INFO] (vcsdeploy) This package is up to date.
[INFO] (vcsecret) This package is up to date.
[INFO] (vcspull) This package is up to date.
[INFO] (vcsrosetta) This package is up to date.
[INFO] (vcsserver) This package is up to date.
[ERROR] (vcssshd) This package does not have downloadable releases.
[INFO] (vcstodo) This package is up to date.
[INFO] (vcstool) This package is up to date.
[INFO] (vcstools) This package is up to date.
[INFO] (vcstools-latest) This package is up to date.
[INFO] (vctools) This package is up to date.
[INFO] (vcver) This package is up to date.
[INFO] (vcversioner) This package is up to date.
[ERROR] (vdb) This package does not have downloadable releases.
[INFO] (vdbscan) This package is up to date.
[INFO] (vdexcsv) This package is up to date.
[INFO] (vdf) This package is up to date.
[INFO] (vdf2json) This package is up to date.
[INFO] (vdfedit) This package is up to date.
[ERROR] (vdi-generator) This package does not have downloadable releases.
[INFO] (vdian) This package is up to date.
[INFO] (vdiff) This package is up to date.
[INFO] (vdirect-client) This package is up to date.
[INFO] (vdirsyncer) This package is up to date.
[INFO] (vdisk) This package is up to date.
[INFO] (vdist) This package is up to date.
[INFO] (vdj) This package is up to date.
[INFO] (vdm) This package is up to date.
[INFO] (vdovin) This package is up to date.
[INFO] (vdt.simpleaptrepo) This package is up to date.
[INFO] (vdt.version) This package is up to date.
[INFO] (vdt.versionplugin.buildout) This package is up to date.
[INFO] (vdt.versionplugin.debianize) This package is up to date.
[INFO] (vdt.versionplugin.default) This package is up to date.
[INFO] (vdt.versionplugin.fpm) This package is up to date.
[INFO] (vdt.versionplugin.gitchain) This package is up to date.
[INFO] (vdt.versionplugin.hotfix) This package is up to date.
[INFO] (vdt.versionplugin.puppetforge) This package is up to date.
[INFO] (vdt.versionplugin.puppetmodule) This package is up to date.
[INFO] (vdt.versionplugin.wheel) This package is up to date.
[INFO] (vdw) This package is up to date.
[INFO] (ve) This package is up to date.
[INFO] (veb) This package is up to date.
[INFO] (vebootstrap) This package is up to date.
[INFO] (vec-noise) This package is up to date.
[INFO] (vec2img) This package is up to date.
[INFO] (vecc) This package is up to date.
[INFO] (vecnet) This package is up to date.
[INFO] (vecnet.emod) This package is up to date.
[INFO] (vecnet.openmalaria) This package is up to date.
[INFO] (vecnet.simulation) This package is up to date.
[INFO] (vecnet.winhpc) This package is up to date.
[INFO] (vecpy) This package is up to date.
[INFO] (vecrec) This package is up to date.
[INFO] (vecstack) This package is up to date.
[INFO] (vectify) This package is up to date.
[INFO] (vectionary) This package is up to date.
[INFO] (vectools) This package is up to date.
[INFO] (vector) This package is up to date.
[INFO] (vector2d) This package is up to date.
[INFO] (vectorcalculator) This package is up to date.
[INFO] (vectordict) This package is up to date.
[INFO] (vectorformats) This package is up to date.
[INFO] (vectorizedsampleentropy) This package is up to date.
[INFO] (vectormath) This package is up to date.
[INFO] (vectorpack) This package is up to date.
[INFO] (vectors) This package is up to date.
[INFO] (vectors32) This package is up to date.
[INFO] (vectorspector) This package is up to date.
[INFO] (vectortile) This package is up to date.
[INFO] (vectortools) This package is up to date.
[INFO] (vectotools) This package is up to date.
[INFO] (vedis) This package is up to date.
[INFO] (vedit) This package is up to date.
[ERROR] (vedro) This package does not have downloadable releases.
[ERROR] (vee) This package does not have downloadable releases.
[INFO] (veer) This package is up to date.
[INFO] (vega) This package is up to date.
[INFO] (vegas) This package is up to date.
[INFO] (vegas-lattice) This package is up to date.
[ERROR] (vegemite) This package does not have downloadable releases.
[INFO] (veh) This package is up to date.
[ERROR] (veil) This package does not have downloadable releases.
[INFO] (velbot) This package is up to date.
[INFO] (velcro) This package is up to date.
[INFO] (veliberator) This package is up to date.
[INFO] (vellum) This package is up to date.
[ERROR] (velo) This package does not have downloadable releases.
[INFO] (velociwrapper) This package is up to date.
[ERROR] (velox) This package does not have downloadable releases.
[INFO] (velplot) This package is up to date.
[INFO] (velruse) This package is up to date.
[INFO] (velvet) This package is up to date.
[INFO] (ven) This package is up to date.
[INFO] (venc) This package is up to date.
[INFO] (vend) This package is up to date.
[ERROR] (vendito) This package does not have downloadable releases.
[INFO] (vendorize) This package is up to date.
[INFO] (vendpos) This package is up to date.
[ERROR] (veneer) This package does not have downloadable releases.
[INFO] (venkman) This package is up to date.
[INFO] (venmo) This package is up to date.
[INFO] (venn-places) This package is up to date.
[INFO] (venom) This package is up to date.
[INFO] (vent) This package is up to date.
[INFO] (ventriloquist) This package is up to date.
[INFO] (venture) This package is up to date.
[ERROR] (venturer) This package does not have downloadable releases.
[INFO] (venturocket) This package is up to date.
[INFO] (venus) This package is up to date.
[INFO] (venusian) This package is up to date.
[INFO] (venusianconfiguration) This package is up to date.
[INFO] (venusifork) This package is up to date.
[INFO] (venv-dependencies) This package is up to date.
[INFO] (venv-tools) This package is up to date.
[INFO] (venv-update) This package is up to date.
[INFO] (venvctrl) This package is up to date.
[INFO] (venvgetnodejs) This package is up to date.
[INFO] (venvgit2) This package is up to date.
[INFO] (venvm) This package is up to date.
[INFO] (venvstarter) This package is up to date.
[INFO] (vep-core) This package is up to date.
[ERROR] (veppy) This package does not have downloadable releases.
[INFO] (ver) This package is up to date.
[INFO] (vera) This package is up to date.
[INFO] (verace) This package is up to date.
[INFO] (verata) This package is up to date.
[INFO] (verbaendeliste-bundestag) This package is up to date.
[INFO] (verbalexpressions) This package is up to date.
[INFO] (verbose-octo-goggles) This package is up to date.
[INFO] (verboselib) This package is up to date.
[INFO] (verboselogs) This package is up to date.
[ERROR] (verbula) This package does not have downloadable releases.
[INFO] (verchew) This package is up to date.
[INFO] (verchy) This package is up to date.
[INFO] (verconchk) This package is up to date.
[INFO] (verdigris.mu-splat) This package is up to date.
[INFO] (vereshchagin) This package is up to date.
[INFO] (verge) This package is up to date.
[INFO] (verhaal) This package is up to date.
[INFO] (verhawk) This package is up to date.
[INFO] (vericred-client) This package is up to date.
[INFO] (veridu-python) This package is up to date.
[INFO] (verif) This package is up to date.
[INFO] (verifi) This package is up to date.
[ERROR] (verificala) Could not get a response from API for this package. See below for details.
Traceback (most recent call last):
  File "/usr/local/lib/python3.5/dist-packages/pypicontents/api/pypi.py", line 264, in get_pkgdata
    timeout=10).read()
  File "/usr/lib/python3.5/urllib/request.py", line 163, in urlopen
    return opener.open(url, data, timeout)
  File "/usr/lib/python3.5/urllib/request.py", line 472, in open
    response = meth(req, response)
  File "/usr/lib/python3.5/urllib/request.py", line 582, in http_response
    'http', request, response, code, msg, hdrs)
  File "/usr/lib/python3.5/urllib/request.py", line 510, in error
    return self._call_chain(*args)
  File "/usr/lib/python3.5/urllib/request.py", line 444, in _call_chain
    result = func(*args)
  File "/usr/lib/python3.5/urllib/request.py", line 590, in http_error_default
    raise HTTPError(req.full_url, code, msg, hdrs, fp)
urllib.error.HTTPError: HTTP Error 404: Not Found

[INFO] (verification-code) This package is up to date.
[INFO] (verify) This package is up to date.
[INFO] (verify-version-spec) This package is up to date.
[INFO] (verifyid) This package is up to date.
[INFO] (verifyreq) This package is up to date.
[INFO] (verilog-vcd) This package is up to date.
[INFO] (veriloggen) This package is up to date.
[INFO] (veriloglintbear) This package is up to date.
[INFO] (veriocheck) This package is up to date.
[INFO] (veripeditus) This package is up to date.
[INFO] (veriport-dashboard) This package is up to date.
[INFO] (veripress) This package is up to date.
[INFO] (veripy) This package is up to date.
[ERROR] (veripyx) Could not extract data from this package. See below for details.
".html" extension not supported.
[INFO] (veritable) This package is up to date.
[INFO] (veritas) This package is up to date.
[INFO] (veritranspay) This package is up to date.
[INFO] (verkkomaksut) This package is up to date.
[INFO] (verktyg) This package is up to date.
[INFO] (verktyg-server) This package is up to date.
[INFO] (verktyg-sqlalchemy) This package is up to date.
[INFO] (verlib) This package is up to date.
[INFO] (verman) This package is up to date.
[INFO] (vernam) This package is up to date.
[INFO] (vero) This package is up to date.
[INFO] (verobject) This package is up to date.
[INFO] (verparser) This package is up to date.
[INFO] (versa) This package is up to date.
[INFO] (verschemes) This package is up to date.
[INFO] (versile-python) This package is up to date.
[INFO] (versile-python3) This package is up to date.
[INFO] (versio) This package is up to date.
[INFO] (versio9) This package is up to date.
[INFO] (version) This package is up to date.
[INFO] (version-inc) This package is up to date.
[INFO] (version-information) This package is up to date.
[INFO] (version-manager) This package is up to date.
[INFO] (version-merger) This package is up to date.
[INFO] (version-probe) This package is up to date.
[INFO] (version-utils) This package is up to date.
[INFO] (versionah) This package is up to date.
[INFO] (versionalchemy) This package is up to date.
[INFO] (versionary) This package is up to date.
[INFO] (versionbump) This package is up to date.
[INFO] (versioneer) This package is up to date.
[INFO] (versioneer2) This package is up to date.
[INFO] (versioner) This package is up to date.
[INFO] (versioner-cli) This package is up to date.
[INFO] (versioneye-slack) This package is up to date.
[INFO] (versionfinder) This package is up to date.
[INFO] (versioning) This package is up to date.
[INFO] (versioning-fs) This package is up to date.
[INFO] (versionner) This package is up to date.
[INFO] (versionone-to-jira-reflector) This package is up to date.
[ERROR] (versionpick) This package does not have downloadable releases.
[INFO] (versions) This package is up to date.
[INFO] (versiontag) This package is up to date.
[INFO] (versiontools) This package is up to date.
[INFO] (versiontracker) This package is up to date.
[INFO] (versionup) This package is up to date.
[INFO] (versionutil) This package is up to date.
[INFO] (verst.pants.docker) This package is up to date.
[INFO] (verst.pants.s3cache) This package is up to date.
[INFO] (versuchung) This package is up to date.
[INFO] (vert) This package is up to date.
[INFO] (vertex) This package is up to date.
[INFO] (vertexarray) This package is up to date.
[INFO] (vertica-python) This package is up to date.
[INFO] (vertica-sqlalchemy) This package is up to date.
[INFO] (vertica-sqlalchemy-0.2) This package is up to date.
[INFO] (vertica-swift-backup) This package is up to date.
[INFO] (verticaltable) This package is up to date.
[INFO] (vertigo) This package is up to date.
[INFO] (verto) This package is up to date.
[ERROR] (vertoo) This package does not have downloadable releases.
[INFO] (vertx-eventbus) This package is up to date.
[INFO] (very-simplexml) This package is up to date.
[INFO] (veryfay) This package is up to date.
[ERROR] (verynicelibrary) This package does not have downloadable releases.
[INFO] (veryprettytable) This package is up to date.
[INFO] (verysimplestats) This package is up to date.
[INFO] (ves) This package is up to date.
[INFO] (veshniakov) This package is up to date.
[INFO] (vesna-alhauthproxy) This package is up to date.
[INFO] (vesna-alhtools) This package is up to date.
[INFO] (vesna-spectrumsensor) This package is up to date.
[INFO] (vespa) This package is up to date.
[INFO] (vespa-suite) This package is up to date.
[INFO] (vesper) This package is up to date.
[ERROR] (vessel) This package does not have downloadable releases.
[INFO] (vessel-scoring) This package is up to date.
[ERROR] (vesta) This package does not have downloadable releases.
[INFO] (vesta-integration-tests) This package is up to date.
[INFO] (vestarestpackage) This package is up to date.
[INFO] (vestaservice) This package is up to date.
[ERROR] (vestige) This package does not have downloadable releases.
[INFO] (veta-python-novaclient-ext) This package is up to date.
[INFO] (veteran) This package is up to date.
[INFO] (vetoes) This package is up to date.
[INFO] (veusz) This package is up to date.
[INFO] (vev) This package is up to date.
[INFO] (vevare) This package is up to date.
[INFO] (vex) This package is up to date.
[INFO] (vexaiml) This package is up to date.
[INFO] (vexbot) This package is up to date.
[INFO] (vexer) This package is up to date.
[INFO] (vexmessage) This package is up to date.
[INFO] (vexparser) This package is up to date.
[INFO] (vexshell) This package is up to date.
[INFO] (vexstorage) This package is up to date.
[INFO] (vext) This package is up to date.
[INFO] (vext.gi) This package is up to date.
[INFO] (vext.libtorrent) This package is up to date.
[ERROR] (vext.opencv) This package does not have downloadable releases.
[INFO] (vext.panda3d) This package is up to date.
[INFO] (vext.pygame) This package is up to date.
[INFO] (vext.pygtk) This package is up to date.
[INFO] (vext.pyqt4) This package is up to date.
[INFO] (vext.pyqt5) This package is up to date.
[INFO] (vext.vtk) This package is up to date.
[INFO] (vext.wx) This package is up to date.
[INFO] (vfclust) This package is up to date.
[INFO] (vfcode) This package is up to date.
[INFO] (vgmdb-wrapper) This package is up to date.
[INFO] (vgrepo) This package is up to date.
[INFO] (vhcreator) This package is up to date.
[INFO] (vhdllintbear) This package is up to date.
[INFO] (vhm-client) This package is up to date.
[INFO] (vhostino) This package is up to date.
[INFO] (vhostm) This package is up to date.
[INFO] (vhybridize) This package is up to date.
[INFO] (vi) This package is up to date.
[INFO] (vi-of-first-heard) This package is up to date.
[INFO] (vi3o) This package is up to date.
[INFO] (viacoin-scrypt) This package is up to date.
[INFO] (viadict) This package is up to date.
[INFO] (vial) This package is up to date.
[INFO] (vibe) This package is up to date.
[INFO] (vibe-analyser) This package is up to date.
[INFO] (vibe-recorder) This package is up to date.
[INFO] (viberbot) This package is up to date.
[INFO] (vibes) This package is up to date.
[ERROR] (vibgyor) This package does not have downloadable releases.
[ERROR] (vibootstrap) This package does not have downloadable releases.
[INFO] (vibrate) This package is up to date.
[INFO] (vibration-toolbox) This package is up to date.
[INFO] (vibrations) This package is up to date.
[INFO] (vic) This package is up to date.
[INFO] (vic-pyramid) This package is up to date.
[INFO] (vic-txzmq) This package is up to date.
[INFO] (vicar2png) This package is up to date.
[INFO] (vice.outbound) This package is up to date.
[INFO] (vice.plone.outbound) This package is up to date.
[INFO] (vice.zope2.outbound) This package is up to date.
[INFO] (viceroy) This package is up to date.
[INFO] (vici) This package is up to date.
[ERROR] (vicious) This package does not have downloadable releases.
[INFO] (vicopo) This package is up to date.
[INFO] (victor) This package is up to date.
[ERROR] (vid2gif) This package does not have downloadable releases.
[INFO] (vid2mp3) This package is up to date.
[INFO] (vida) This package is up to date.
[ERROR] (vidag) This package does not have downloadable releases.
[INFO] (vidal-api.py) This package is up to date.
[INFO] (vidcutter) This package is up to date.
[INFO] (video-brain) This package is up to date.
[INFO] (video-converter) This package is up to date.
[INFO] (video-utils) This package is up to date.
[INFO] (videoanalysis) This package is up to date.
[INFO] (videodigest) This package is up to date.
[INFO] (videodownloader) This package is up to date.
[INFO] (videogrep) This package is up to date.
[ERROR] (videolog) This package does not have downloadable releases.
[INFO] (videomaker) This package is up to date.
[INFO] (videopy) This package is up to date.
[INFO] (videoscene) This package is up to date.
[INFO] (videoscreen) This package is up to date.
[INFO] (videosequence) This package is up to date.
[INFO] (videoshot) This package is up to date.
[INFO] (vidhdr) This package is up to date.
[INFO] (vidi3d) This package is up to date.
[INFO] (vidmaster) This package is up to date.
[INFO] (vidme) This package is up to date.
[INFO] (vidme.py) This package is up to date.
[INFO] (vido) This package is up to date.
[INFO] (vidscraper) This package is up to date.
[ERROR] (viennagrid-python) This package does not have downloadable releases.
[INFO] (view) This package is up to date.
[INFO] (viewflow-extensions) This package is up to date.
[ERROR] (viewlet) This package does not have downloadable releases.
[INFO] (viewlist) This package is up to date.
[INFO] (viewlog) This package is up to date.
[INFO] (viewmodel) This package is up to date.
[INFO] (viewmydb) This package is up to date.
[INFO] (viewnudger) This package is up to date.
[INFO] (viewpoint) This package is up to date.
[ERROR] (vif-plug-hw-veb) This package does not have downloadable releases.
[ERROR] (viff) This package does not have downloadable releases.
[ERROR] (viffbench) This package does not have downloadable releases.
[INFO] (vigil) This package is up to date.
[ERROR] (vigilance) This package does not have downloadable releases.
[INFO] (vigimeteo) This package is up to date.
[INFO] (vignette) This package is up to date.
[INFO] (viivakoodi) This package is up to date.
[ERROR] (vijay) This package does not have downloadable releases.
[ERROR] (vijaydeep) Could not get a response from API for this package. See below for details.
Traceback (most recent call last):
  File "/usr/local/lib/python3.5/dist-packages/pypicontents/api/pypi.py", line 264, in get_pkgdata
    timeout=10).read()
  File "/usr/lib/python3.5/urllib/request.py", line 163, in urlopen
    return opener.open(url, data, timeout)
  File "/usr/lib/python3.5/urllib/request.py", line 472, in open
    response = meth(req, response)
  File "/usr/lib/python3.5/urllib/request.py", line 582, in http_response
    'http', request, response, code, msg, hdrs)
  File "/usr/lib/python3.5/urllib/request.py", line 510, in error
    return self._call_chain(*args)
  File "/usr/lib/python3.5/urllib/request.py", line 444, in _call_chain
    result = func(*args)
  File "/usr/lib/python3.5/urllib/request.py", line 590, in http_error_default
    raise HTTPError(req.full_url, code, msg, hdrs, fp)
urllib.error.HTTPError: HTTP Error 404: Not Found

[INFO] (viki) This package is up to date.
[INFO] (viki-fabric-helpers) This package is up to date.
[ERROR] (vikram-ojha) This package does not have downloadable releases.
[INFO] (vilas) This package is up to date.
[INFO] (vildvittra) This package is up to date.
[INFO] (vilib) This package is up to date.
[INFO] (villagereach) This package is up to date.
[INFO] (vim-bridge) This package is up to date.
[INFO] (vim-clutchify) This package is up to date.
[INFO] (vim-debug) This package is up to date.
[INFO] (vim-plugin-starter-kit) This package is up to date.
[INFO] (vim-power) This package is up to date.
[INFO] (vim-vint) This package is up to date.
[INFO] (vimap) This package is up to date.
[INFO] (vimball) This package is up to date.
[INFO] (vimddr) This package is up to date.
[ERROR] (vimdown) Could not extract data from this package. See below for details.
"https://github.com/downloads/jeffbuttars/tarball/master" file could not be downloaded. See below for details.
Traceback (most recent call last):
  File "/usr/local/lib/python3.5/dist-packages/pypicontents/api/pypi.py", line 107, in download_tar
    f.write(urlopen(url=urlesc(pkgurl), timeout=10).read())
  File "/usr/lib/python3.5/urllib/request.py", line 163, in urlopen
    return opener.open(url, data, timeout)
  File "/usr/lib/python3.5/urllib/request.py", line 472, in open
    response = meth(req, response)
  File "/usr/lib/python3.5/urllib/request.py", line 582, in http_response
    'http', request, response, code, msg, hdrs)
  File "/usr/lib/python3.5/urllib/request.py", line 510, in error
    return self._call_chain(*args)
  File "/usr/lib/python3.5/urllib/request.py", line 444, in _call_chain
    result = func(*args)
  File "/usr/lib/python3.5/urllib/request.py", line 590, in http_error_default
    raise HTTPError(req.full_url, code, msg, hdrs, fp)
urllib.error.HTTPError: HTTP Error 404: Not Found

[INFO] (vimeo) This package is up to date.
[INFO] (vimeo-dl) This package is up to date.
[INFO] (vimeo-utils) This package is up to date.
[INFO] (vimeo-wrapper) This package is up to date.
[ERROR] (vimes) This package does not have downloadable releases.
[INFO] (viminit) This package is up to date.
[INFO] (vimix) This package is up to date.
[INFO] (vimmock) This package is up to date.
[INFO] (vimp) This package is up to date.
[INFO] (vimpdb) This package is up to date.
[INFO] (vimpdbhook) This package is up to date.
[INFO] (vimpyre) This package is up to date.
[INFO] (vimrunner) This package is up to date.
[INFO] (vimwiki-tools) This package is up to date.
[INFO] (vin-decoder) This package is up to date.
[INFO] (vinayak123) This package is up to date.
[INFO] (vincent) This package is up to date.
[INFO] (vincent-dxk) This package is up to date.
[INFO] (vincent-qt) This package is up to date.
[INFO] (vincenty) This package is up to date.
[INFO] (vinda) This package is up to date.
[INFO] (vindi) This package is up to date.
[INFO] (vindinium) This package is up to date.
[INFO] (vine) This package is up to date.
[INFO] (vine-python) This package is up to date.
[INFO] (vineet-ssh) This package is up to date.
[INFO] (vinepy) This package is up to date.
[INFO] (vinergy) This package is up to date.
[INFO] (vingd) This package is up to date.
[INFO] (vinilista) This package is up to date.
[INFO] (vinisto) This package is up to date.
[INFO] (vinit) This package is up to date.
[INFO] (vinli-tornado-auth) This package is up to date.
[INFO] (vinlib) This package is up to date.
[INFO] (vinny) This package is up to date.
[ERROR] (vino) This package does not have downloadable releases.
[INFO] (vinod-python) This package is up to date.
[INFO] (vinogradov) This package is up to date.
[INFO] (vinokurov) This package is up to date.
[INFO] (vins) This package is up to date.
[INFO] (vint) This package is up to date.
[INFO] (vinta-django-templated-email) This package is up to date.
[ERROR] (vintage) This package does not have downloadable releases.
[INFO] (vintbear) This package is up to date.
[INFO] (vinyl) This package is up to date.
[ERROR] (vinylang) Could not extract data from this package. See below for details.
"https://github.com/pyrated/vinyl.git/tarball/master" file could not be downloaded. See below for details.
Traceback (most recent call last):
  File "/usr/local/lib/python3.5/dist-packages/pypicontents/api/pypi.py", line 107, in download_tar
    f.write(urlopen(url=urlesc(pkgurl), timeout=10).read())
  File "/usr/lib/python3.5/urllib/request.py", line 163, in urlopen
    return opener.open(url, data, timeout)
  File "/usr/lib/python3.5/urllib/request.py", line 472, in open
    response = meth(req, response)
  File "/usr/lib/python3.5/urllib/request.py", line 582, in http_response
    'http', request, response, code, msg, hdrs)
  File "/usr/lib/python3.5/urllib/request.py", line 510, in error
    return self._call_chain(*args)
  File "/usr/lib/python3.5/urllib/request.py", line 444, in _call_chain
    result = func(*args)
  File "/usr/lib/python3.5/urllib/request.py", line 590, in http_error_default
    raise HTTPError(req.full_url, code, msg, hdrs, fp)
urllib.error.HTTPError: HTTP Error 404: Not Found

[ERROR] (vinz) This package does not have downloadable releases.
[INFO] (violet) This package is up to date.
[ERROR] (violets) This package does not have downloadable releases.
[INFO] (vip) This package is up to date.
[INFO] (vipe) This package is up to date.
[INFO] (viper) This package is up to date.
[INFO] (viper-swift) This package is up to date.
[INFO] (viperpy) This package is up to date.
[INFO] (vipr-data) This package is up to date.
[INFO] (vipr-data-cli) This package is up to date.
[INFO] (vipy) This package is up to date.
[INFO] (vipython) This package is up to date.
[INFO] (viralata) This package is up to date.
[INFO] (viratoken) This package is up to date.
[ERROR] (vircd) This package does not have downloadable releases.
[INFO] (viren) This package is up to date.
[INFO] (vireo) This package is up to date.
[INFO] (virgil-crypto) This package is up to date.
[INFO] (virgil-sdk) This package is up to date.
[ERROR] (virgin) This package does not have downloadable releases.
[ERROR] (virgin-program) This package does not have downloadable releases.
[ERROR] (virgin1) This package does not have downloadable releases.
[INFO] (viridis) This package is up to date.
[INFO] (virl-utils) This package is up to date.
[INFO] (virlsdk) This package is up to date.
[INFO] (viron) This package is up to date.
[INFO] (virt-back) This package is up to date.
[ERROR] (virtdc) This package does not have downloadable releases.
[INFO] (virtenviro) This package is up to date.
[INFO] (virtfs) This package is up to date.
[INFO] (virtme) This package is up to date.
[INFO] (virtshell-commands) This package is up to date.
[INFO] (virtstrap) This package is up to date.
[INFO] (virtstrap-bundler-and-npm) This package is up to date.
[INFO] (virtstrap-core) This package is up to date.
[INFO] (virtstrap-custom-script) This package is up to date.
[INFO] (virtstrap-local) This package is up to date.
[INFO] (virtstrap-npm) This package is up to date.
[INFO] (virtstrap-ruby-bundler) This package is up to date.
[INFO] (virtstrap-sample-plugin) This package is up to date.
[INFO] (virtual) This package is up to date.
[INFO] (virtual-ipm) This package is up to date.
[INFO] (virtual-less) This package is up to date.
[INFO] (virtual-node) This package is up to date.
[ERROR] (virtual-screening) This package does not have downloadable releases.
[INFO] (virtual-storage-manager) This package is up to date.
[INFO] (virtual-touchpad) This package is up to date.
[INFO] (virtualbmc) This package is up to date.
[INFO] (virtualbox) This package is up to date.
[INFO] (virtualchain) This package is up to date.
[ERROR] (virtualdc) This package does not have downloadable releases.
[INFO] (virtualecologist) This package is up to date.
[INFO] (virtualenv) This package is up to date.
[INFO] (virtualenv-activator) This package is up to date.
[INFO] (virtualenv-api) This package is up to date.
[INFO] (virtualenv-bin) This package is up to date.
[INFO] (virtualenv-clone) This package is up to date.
[INFO] (virtualenv-commands) This package is up to date.
[INFO] (virtualenv-distribute) This package is up to date.
[INFO] (virtualenv-emacs) This package is up to date.
[INFO] (virtualenv-hax) This package is up to date.
[INFO] (virtualenv-here) This package is up to date.
[INFO] (virtualenv-mgr) This package is up to date.
[INFO] (virtualenv-multiver) This package is up to date.
[INFO] (virtualenv-relocate) This package is up to date.
[INFO] (virtualenv-rewrite) This package is up to date.
[INFO] (virtualenv-sh) This package is up to date.
[INFO] (virtualenv-tools) This package is up to date.
[ERROR] (virtualenv3) This package does not have downloadable releases.
[INFO] (virtualenvcontext) This package is up to date.
[INFO] (virtualenvify) This package is up to date.
[INFO] (virtualenvmanager) This package is up to date.
[INFO] (virtualenvondemand) This package is up to date.
[INFO] (virtualenvtools) This package is up to date.
[INFO] (virtualenvutils) This package is up to date.
[INFO] (virtualenvwrapper) This package is up to date.
[INFO] (virtualenvwrapper-codeintel) This package is up to date.
[INFO] (virtualenvwrapper-emacs-desktop) This package is up to date.
[INFO] (virtualenvwrapper-powershell) This package is up to date.
[INFO] (virtualenvwrapper-sublime) This package is up to date.
[INFO] (virtualenvwrapper-win) This package is up to date.
[INFO] (virtualenvwrapper.alex) This package is up to date.
[INFO] (virtualenvwrapper.basic) This package is up to date.
[INFO] (virtualenvwrapper.bitbucket) This package is up to date.
[INFO] (virtualenvwrapper.configvar) This package is up to date.
[INFO] (virtualenvwrapper.django) This package is up to date.
[INFO] (virtualenvwrapper.django-template) This package is up to date.
[INFO] (virtualenvwrapper.djangodeploy) This package is up to date.
[INFO] (virtualenvwrapper.gem) This package is up to date.
[INFO] (virtualenvwrapper.github) This package is up to date.
[INFO] (virtualenvwrapper.nekbot) This package is up to date.
[ERROR] (virtualenvwrapper.npm) This package does not have downloadable releases.
[INFO] (virtualenvwrapper.project) This package is up to date.
[INFO] (virtualenvwrapper.tmpenv) This package is up to date.
[INFO] (virtualenvwrapper.tryton) This package is up to date.
[INFO] (virtualfish) This package is up to date.
[INFO] (virtualhermit) This package is up to date.
[INFO] (virtualhost) This package is up to date.
[INFO] (virtualizorapi) This package is up to date.
[INFO] (virtualkeyring) This package is up to date.
[INFO] (virtuallinks) This package is up to date.
[INFO] (virtualmemprotect) This package is up to date.
[INFO] (virtualmethod) This package is up to date.
[INFO] (virtualmicrobes) This package is up to date.
[INFO] (virtualnv) This package is up to date.
[INFO] (virtualpdu) This package is up to date.
[INFO] (virtualtime) This package is up to date.
[INFO] (virtue) This package is up to date.
[INFO] (virtuoso) This package is up to date.
[INFO] (virtworld) This package is up to date.
[ERROR] (virus) This package does not have downloadable releases.
[INFO] (virus-beta) This package is up to date.
[INFO] (virustotal) This package is up to date.
[INFO] (virustotal-api) This package is up to date.
[INFO] (virustotal2) This package is up to date.
[INFO] (virustotalparser) This package is up to date.
[INFO] (vis-framework) This package is up to date.
[INFO] (vis-mol2-pack) This package is up to date.
[INFO] (vis-sample) This package is up to date.
[INFO] (visage) This package is up to date.
[INFO] (visaxrated) This package is up to date.
[INFO] (visci) This package is up to date.
[INFO] (viscm) This package is up to date.
[INFO] (visdebug) This package is up to date.
[INFO] (visdom) This package is up to date.
[INFO] (visearch) This package is up to date.
[INFO] (viset) This package is up to date.
[INFO] (vishap) This package is up to date.
[INFO] (vishnevskii) This package is up to date.
[INFO] (vishnu) This package is up to date.
[ERROR] (vishwali-package) This package does not have downloadable releases.
[INFO] (visibility-graph) This package is up to date.
[INFO] (visidata) This package is up to date.
[INFO] (visio2img) This package is up to date.
[INFO] (visio2pdf) This package is up to date.
[ERROR] (vision) This package does not have downloadable releases.
[ERROR] (vision-pipeline-runtime) This package does not have downloadable releases.
[INFO] (visionary) This package is up to date.
[INFO] (visionarypm) This package is up to date.
[INFO] (visioncpp) This package is up to date.
[INFO] (visionegg) This package is up to date.
[INFO] (visit) This package is up to date.
[INFO] (visitdir) This package is up to date.
[INFO] (visitor) This package is up to date.
[INFO] (visitor-mark-down) This package is up to date.
[INFO] (visitors) This package is up to date.
[INFO] (visjs2jupyter) This package is up to date.
[INFO] (visorlog) This package is up to date.
[INFO] (vispa) This package is up to date.
[INFO] (vispa-augeroffline) This package is up to date.
[INFO] (vispr) This package is up to date.
[INFO] (vispy) This package is up to date.
[INFO] (vistascraper) This package is up to date.
[INFO] (vistrails) This package is up to date.
[INFO] (visual) This package is up to date.
[INFO] (visual-hash) This package is up to date.
[INFO] (visual-logging) This package is up to date.
[INFO] (visualcaptcha) This package is up to date.
[INFO] (visualdeploy) This package is up to date.
[INFO] (visualisedictionary) This package is up to date.
[INFO] (visualize-logs) This package is up to date.
[INFO] (visualize-ml) This package is up to date.
[INFO] (visualops) This package is up to date.
[INFO] (visualportfolio) This package is up to date.
[INFO] (visualproxy) This package is up to date.
[INFO] (visualsnoop) This package is up to date.
[ERROR] (visualstudio) This package does not have downloadable releases.
[INFO] (visualtitle) This package is up to date.
[ERROR] (visupedia) This package does not have downloadable releases.
[INFO] (visvalingam) This package is up to date.
[INFO] (visvalingamwyatt) This package is up to date.
[INFO] (visvis) This package is up to date.
[INFO] (vit) This package is up to date.
[INFO] (vitables) This package is up to date.
[INFO] (vital-tools) This package is up to date.
[INFO] (vitalharsharm) This package is up to date.
[INFO] (vitalstyles) This package is up to date.
[INFO] (vitalus) This package is up to date.
[ERROR] (vitamin) This package does not have downloadable releases.
[INFO] (vitrage) This package is up to date.
[INFO] (vitrage-dashboard) This package is up to date.
[INFO] (vitriolic) This package is up to date.
[INFO] (viv-synapse) This package is up to date.
[INFO] (viv-utils) This package is up to date.
[ERROR] (viv-vertex) This package does not have downloadable releases.
[INFO] (vivaredis) This package is up to date.
[INFO] (vivek) This package is up to date.
[INFO] (vivialconnect) This package is up to date.
[ERROR] (vivienne) This package does not have downloadable releases.
[ERROR] (vivisect) This package does not have downloadable releases.
[INFO] (vivisect-vstruct-wb) This package is up to date.
[ERROR] (vivisect2) This package does not have downloadable releases.
[INFO] (vivo-rdflib-sparqlstore) This package is up to date.
[INFO] (vix) This package is up to date.
[INFO] (viz) This package is up to date.
[INFO] (vizarray) This package is up to date.
[ERROR] (vizbot) This package does not have downloadable releases.
[INFO] (vizdoom) This package is up to date.
[INFO] (vizhash) This package is up to date.
[INFO] (vizic) This package is up to date.
[INFO] (vizier) This package is up to date.
[INFO] (vizing) This package is up to date.
[INFO] (vizmdend) This package is up to date.
[INFO] (vizontele) Data has been updated for this package.
[INFO] (vizqes) This package is up to date.
[INFO] (viztricks) This package is up to date.
[INFO] (vizydrop-sdk) This package is up to date.
[INFO] (vj-hello) This package is up to date.
[INFO] (vjson) This package is up to date.
[INFO] (vjy-nester) This package is up to date.
[INFO] (vk) This package is up to date.
[INFO] (vk-api) This package is up to date.
[INFO] (vk-music) This package is up to date.
[INFO] (vk-requests) This package is up to date.
[INFO] (vk-wall-poster) This package is up to date.
[INFO] (vkapipy) This package is up to date.
[INFO] (vkappauth) This package is up to date.
[INFO] (vkbeautify) This package is up to date.
[ERROR] (vkbot) This package does not have downloadable releases.
[INFO] (vkbotlib) This package is up to date.
[INFO] (vkd) This package is up to date.
[ERROR] (vkexplorer) This package does not have downloadable releases.
[INFO] (vkl) This package is up to date.
[INFO] (vklancer) This package is up to date.
[INFO] (vkmusic) This package is up to date.
[INFO] (vkontakte) This package is up to date.
[INFO] (vkontakte2) This package is up to date.
[INFO] (vktop) This package is up to date.
[INFO] (vl) This package is up to date.
[INFO] (vlabtool) This package is up to date.
[INFO] (vladiate) This package is up to date.
[INFO] (vladimirov) This package is up to date.
[INFO] (vlasov) This package is up to date.
[INFO] (vlc-ctrl) This package is up to date.
[INFO] (vlc-helper) This package is up to date.
[INFO] (vlccast) This package is up to date.
[INFO] (vlcli) This package is up to date.
[INFO] (vlcp) This package is up to date.
[INFO] (vlcp-docker-plugin) This package is up to date.
[INFO] (vlcp-event-cython) This package is up to date.
[INFO] (vlcpssh) This package is up to date.
[INFO] (vlctvstation) This package is up to date.
[INFO] (vld) This package is up to date.
[INFO] (vlead) This package is up to date.
[INFO] (vlermv) This package is up to date.
[INFO] (vlfeat-ctypes) This package is up to date.
[INFO] (vlib) This package is up to date.
[INFO] (vlk-django-jsonfield) This package is up to date.
[INFO] (vlttng) This package is up to date.
[INFO] (vm5k) This package is up to date.
[INFO] (vmagent) This package is up to date.
[INFO] (vmakedk) This package is up to date.
[INFO] (vmap) This package is up to date.
[ERROR] (vmath) This package does not have downloadable releases.
[INFO] (vmbuilder) This package is up to date.
[INFO] (vmc) This package is up to date.
[INFO] (vmcloak) This package is up to date.
[ERROR] (vmcontroller) Could not get a response from API for this package. See below for details.
Traceback (most recent call last):
  File "/usr/local/lib/python3.5/dist-packages/pypicontents/api/pypi.py", line 264, in get_pkgdata
    timeout=10).read()
  File "/usr/lib/python3.5/urllib/request.py", line 163, in urlopen
    return opener.open(url, data, timeout)
  File "/usr/lib/python3.5/urllib/request.py", line 472, in open
    response = meth(req, response)
  File "/usr/lib/python3.5/urllib/request.py", line 582, in http_response
    'http', request, response, code, msg, hdrs)
  File "/usr/lib/python3.5/urllib/request.py", line 510, in error
    return self._call_chain(*args)
  File "/usr/lib/python3.5/urllib/request.py", line 444, in _call_chain
    result = func(*args)
  File "/usr/lib/python3.5/urllib/request.py", line 590, in http_error_default
    raise HTTPError(req.full_url, code, msg, hdrs, fp)
urllib.error.HTTPError: HTTP Error 404: Not Found

[INFO] (vmcontroller.common) This package is up to date.
[INFO] (vmcontroller.guest) This package is up to date.
[INFO] (vmcontroller.host) This package is up to date.
[ERROR] (vmd2json) This package does not have downloadable releases.
[INFO] (vmemclient) This package is up to date.
[INFO] (vmerlin) This package is up to date.
[INFO] (vmessage) This package is up to date.
[ERROR] (vmeta) This package does not have downloadable releases.
[INFO] (vmfactory) This package is up to date.
[INFO] (vmflib) This package is up to date.
[INFO] (vmfusion) This package is up to date.
[INFO] (vmfusion-cli) This package is up to date.
[INFO] (vmguestlib) This package is up to date.
[INFO] (vmhome) This package is up to date.
[INFO] (vminspect) This package is up to date.
[ERROR] (vmm.alerts) This package does not have downloadable releases.
[INFO] (vmmonprobe) This package is up to date.
[INFO] (vmo) This package is up to date.
[INFO] (vmock) This package is up to date.
[INFO] (vmonere) This package is up to date.
[INFO] (vmpooler-client) This package is up to date.
[INFO] (vmprof) This package is up to date.
[INFO] (vmprof-flamegraph) This package is up to date.
[ERROR] (vmpython) Could not extract data from this package. See below for details.
".py" extension not supported.
[INFO] (vmrun-wrapper) This package is up to date.
[INFO] (vmsutils) This package is up to date.
[ERROR] (vmtk) Could not extract data from this package. See below for details.
This package download URL does not point to a valid file: "http://pypi.python.org/pypi/vmtk"
[INFO] (vmtools) This package is up to date.
[INFO] (vmtp) This package is up to date.
[INFO] (vmupdate) This package is up to date.
[INFO] (vmutils) This package is up to date.
[INFO] (vmw.vco) This package is up to date.
[INFO] (vmw.zsi) This package is up to date.
[INFO] (vmware-backup) This package is up to date.
[INFO] (vmware-clones) This package is up to date.
[ERROR] (vmware-dvs) This package does not have downloadable releases.
[INFO] (vmware-nsx) This package is up to date.
[ERROR] (vmware-nsx-tempest) This package does not have downloadable releases.
[INFO] (vmware-nsxlib) This package is up to date.
[INFO] (vmware-vspc) This package is up to date.
[INFO] (vmwc) This package is up to date.
[INFO] (vn) This package is up to date.
[INFO] (vn-core-nlp) This package is up to date.
[INFO] (vn.oanda) This package is up to date.
[INFO] (vn.py) This package is up to date.
[INFO] (vnc2flv) This package is up to date.
[INFO] (vncauthproxy) This package is up to date.
[INFO] (vnccollab.common) This package is up to date.
[INFO] (vnccollab.content) This package is up to date.
[INFO] (vnccollab.portal) This package is up to date.
[INFO] (vnccollab.redmine) This package is up to date.
[INFO] (vnccollab.theme) This package is up to date.
[INFO] (vnccollab.zimbra) This package is up to date.
[INFO] (vncdotool) This package is up to date.
[INFO] (vnote) This package is up to date.
[INFO] (vnpy) This package is up to date.
[INFO] (vnstaty) This package is up to date.
[INFO] (vo) This package is up to date.
[INFO] (vo-fabutils) This package is up to date.
[ERROR] (voador) This package does not have downloadable releases.
[INFO] (vobj) This package is up to date.
[INFO] (vobject) This package is up to date.
[INFO] (voc) This package is up to date.
[INFO] (vocabulary) This package is up to date.
[INFO] (vocalsalad) This package is up to date.
[ERROR] (vocasta) This package does not have downloadable releases.
[INFO] (vocuzi) This package is up to date.
[INFO] (vod-metadata) This package is up to date.
[INFO] (vodafone-scraper) This package is up to date.
[ERROR] (vodc.solr) Could not extract data from this package. See below for details.
This package download URL does not point to a valid file: "http://oodt.jpl.nasa.gov/dist/vodc"
[ERROR] (vodcsite.policy) Could not extract data from this package. See below for details.
This package download URL does not point to a valid file: "http://oodt.jpl.nasa.gov/dist/vodcsite"
[ERROR] (vodcsite.theme) Could not extract data from this package. See below for details.
This package download URL does not point to a valid file: "http://oodt.jpl.nasa.gov/dist/vodcsite"
[INFO] (vodem-vodafone-k4607-z) This package is up to date.
[INFO] (vodka) This package is up to date.
[INFO] (vodka-xbahn) This package is up to date.
[INFO] (voevent-parse) This package is up to date.
[ERROR] (voeventdb) Could not get a response from API for this package. See below for details.
Traceback (most recent call last):
  File "/usr/local/lib/python3.5/dist-packages/pypicontents/api/pypi.py", line 264, in get_pkgdata
    timeout=10).read()
  File "/usr/lib/python3.5/urllib/request.py", line 163, in urlopen
    return opener.open(url, data, timeout)
  File "/usr/lib/python3.5/urllib/request.py", line 472, in open
    response = meth(req, response)
  File "/usr/lib/python3.5/urllib/request.py", line 582, in http_response
    'http', request, response, code, msg, hdrs)
  File "/usr/lib/python3.5/urllib/request.py", line 510, in error
    return self._call_chain(*args)
  File "/usr/lib/python3.5/urllib/request.py", line 444, in _call_chain
    result = func(*args)
  File "/usr/lib/python3.5/urllib/request.py", line 590, in http_error_default
    raise HTTPError(req.full_url, code, msg, hdrs, fp)
urllib.error.HTTPError: HTTP Error 404: Not Found

[INFO] (voeventdb.remote) This package is up to date.
[INFO] (voeventdb.server) This package is up to date.
[INFO] (vofs) This package is up to date.
[INFO] (vogeler) This package is up to date.
[INFO] (voice) This package is up to date.
[ERROR] (voicebase) This package does not have downloadable releases.
[INFO] (voicebox) This package is up to date.
[INFO] (voicecoding) This package is up to date.
[INFO] (voicecom) This package is up to date.
[INFO] (voicecom-sample) This package is up to date.
[INFO] (voiceinsights) This package is up to date.
[INFO] (voicelabs) This package is up to date.
[INFO] (voicelabs-assistant) This package is up to date.
[ERROR] (voicent) This package does not have downloadable releases.
[INFO] (voiceplay) This package is up to date.
[INFO] (voicerss-tts) This package is up to date.
[INFO] (voicetools) This package is up to date.
[INFO] (voicetotext) This package is up to date.
[INFO] (voicing) This package is up to date.
[INFO] (voidpp-tools) This package is up to date.
[INFO] (voidpp-web-tools) This package is up to date.
[INFO] (voidwalker) This package is up to date.
[INFO] (voipms) This package is up to date.
[INFO] (voitto) This package is up to date.
[INFO] (vokativ) This package is up to date.
[INFO] (vokram) This package is up to date.
[INFO] (vol) This package is up to date.
[INFO] (volapi) This package is up to date.
[INFO] (volatildap) This package is up to date.
[INFO] (volatile) This package is up to date.
[ERROR] (volatility) This package does not have downloadable releases.
[ERROR] (volatility2) This package does not have downloadable releases.
[ERROR] (volcano) This package does not have downloadable releases.
[INFO] (volcasample) This package is up to date.
[INFO] (volcorner) This package is up to date.
[INFO] (voldemort) This package is up to date.
[INFO] (volientduanlistprint) This package is up to date.
[INFO] (volkov) This package is up to date.
[INFO] (volleyup) This package is up to date.
[INFO] (vollib) This package is up to date.
[ERROR] (vollmond) This package does not have downloadable releases.
[INFO] (volodymyr) This package is up to date.
[INFO] (voloshin) This package is up to date.
[INFO] (volt) This package is up to date.
[INFO] (volta) This package is up to date.
[INFO] (voltron) This package is up to date.
[INFO] (voltron-web) This package is up to date.
[INFO] (volumeutil) This package is up to date.
[INFO] (volumio-buddy) This package is up to date.
[INFO] (voluptuous) This package is up to date.
[INFO] (volvooncall) This package is up to date.
[INFO] (vomailer) This package is up to date.
[INFO] (voms-auth-system-openstack) This package is up to date.
[ERROR] (von-mises-fisher) This package does not have downloadable releases.
[INFO] (vonda) This package is up to date.
[INFO] (vondrak) This package is up to date.
[ERROR] (vonk) This package does not have downloadable releases.
[INFO] (voodoo) This package is up to date.
[INFO] (voodoo-api) This package is up to date.
[INFO] (voodoo-cli) This package is up to date.
[INFO] (voodooconfig) This package is up to date.
[INFO] (vooid) This package is up to date.
[INFO] (voom) This package is up to date.
[INFO] (vootstrap) This package is up to date.
[ERROR] (vop) This package does not have downloadable releases.
[ERROR] (vor-cycling) This package does not have downloadable releases.
[INFO] (vor12) This package is up to date.
[INFO] (vorlauf) This package is up to date.
[INFO] (vorobev) This package is up to date.
[INFO] (voronin) This package is up to date.
[INFO] (voronkov) This package is up to date.
[INFO] (voronov) This package is up to date.
[INFO] (vorontsov) This package is up to date.
[INFO] (voropy) This package is up to date.
[ERROR] (vortaroj) This package does not have downloadable releases.
[INFO] (vortex) This package is up to date.
[INFO] (vortexpy) This package is up to date.
[INFO] (vos) This package is up to date.
[INFO] (vosh) This package is up to date.
[INFO] (vote) This package is up to date.
[INFO] (votedperceptron) This package is up to date.
[INFO] (votes) This package is up to date.
[INFO] (voucherify) This package is up to date.
[INFO] (voussoirkit) This package is up to date.
[INFO] (vowpal-porpoise) This package is up to date.
[INFO] (vowpalwabbit) This package is up to date.
[ERROR] (voxel) This package does not have downloadable releases.
[INFO] (voxgenerator) This package is up to date.
[INFO] (voxplex) This package is up to date.
[INFO] (voxpopuli) This package is up to date.
[INFO] (voyage) This package is up to date.
[INFO] (voyager-python) This package is up to date.
[INFO] (voyeur) This package is up to date.
[ERROR] (vozreader) This package does not have downloadable releases.
[INFO] (vp-nester) This package is up to date.
[INFO] (vp9dash) This package is up to date.
[INFO] (vparse) This package is up to date.
[INFO] (vpc.py) This package is up to date.
[INFO] (vpc.sh) This package is up to date.
[INFO] (vpk) This package is up to date.
[INFO] (vpltest) This package is up to date.
[INFO] (vpm) This package is up to date.
[INFO] (vpn-porthole) This package is up to date.
[INFO] (vpnauth) This package is up to date.
[INFO] (vpnc) This package is up to date.
[INFO] (vpnchooser) This package is up to date.
[INFO] (vpnester) This package is up to date.
[INFO] (vpnocchio) This package is up to date.
[INFO] (vpnotebook) This package is up to date.
[INFO] (vpoller) This package is up to date.
[INFO] (vpopulus-api) This package is up to date.
[INFO] (vpr-netfile-parser) This package is up to date.
[INFO] (vprof) This package is up to date.
[INFO] (vps-deploy) This package is up to date.
[INFO] (vps-online-keeper) This package is up to date.
[INFO] (vptree) This package is up to date.
[INFO] (vpy) This package is up to date.
[INFO] (vpython) This package is up to date.
[ERROR] (vq) This package does not have downloadable releases.
[INFO] (vr) This package is up to date.
[INFO] (vr.agent) This package is up to date.
[INFO] (vr.builder) This package is up to date.
[INFO] (vr.cli) This package is up to date.
[INFO] (vr.common) This package is up to date.
[INFO] (vr.events) This package is up to date.
[INFO] (vr.imager) This package is up to date.
[INFO] (vr.runners) This package is up to date.
[INFO] (vr.server) This package is up to date.
[ERROR] (vrealize-6-ansible) Could not get a response from API for this package. See below for details.
Traceback (most recent call last):
  File "/usr/local/lib/python3.5/dist-packages/pypicontents/api/pypi.py", line 264, in get_pkgdata
    timeout=10).read()
  File "/usr/lib/python3.5/urllib/request.py", line 163, in urlopen
    return opener.open(url, data, timeout)
  File "/usr/lib/python3.5/urllib/request.py", line 472, in open
    response = meth(req, response)
  File "/usr/lib/python3.5/urllib/request.py", line 582, in http_response
    'http', request, response, code, msg, hdrs)
  File "/usr/lib/python3.5/urllib/request.py", line 504, in error
    result = self._call_chain(*args)
  File "/usr/lib/python3.5/urllib/request.py", line 444, in _call_chain
    result = func(*args)
  File "/usr/lib/python3.5/urllib/request.py", line 696, in http_error_302
    return self.parent.open(new, timeout=req.timeout)
  File "/usr/lib/python3.5/urllib/request.py", line 472, in open
    response = meth(req, response)
  File "/usr/lib/python3.5/urllib/request.py", line 582, in http_response
    'http', request, response, code, msg, hdrs)
  File "/usr/lib/python3.5/urllib/request.py", line 510, in error
    return self._call_chain(*args)
  File "/usr/lib/python3.5/urllib/request.py", line 444, in _call_chain
    result = func(*args)
  File "/usr/lib/python3.5/urllib/request.py", line 590, in http_error_default
    raise HTTPError(req.full_url, code, msg, hdrs, fp)
urllib.error.HTTPError: HTTP Error 404: Not Found

[INFO] (vredis) This package is up to date.
[INFO] (vrep-api-python) This package is up to date.
[INFO] (vrijvan) This package is up to date.
[INFO] (vrmapi) This package is up to date.
[INFO] (vrtneopixel) This package is up to date.
[INFO] (vs.alias) This package is up to date.
[INFO] (vs.bootstrap.plonetheme) This package is up to date.
[INFO] (vs.bootstrap.tinymce) This package is up to date.
[INFO] (vs.contentnavigation) This package is up to date.
[INFO] (vs.contentpopup) This package is up to date.
[INFO] (vs.dashboardmanager) This package is up to date.
[INFO] (vs.event) This package is up to date.
[INFO] (vs.flexigridsearch) This package is up to date.
[INFO] (vs.genericsetup.ldap) This package is up to date.
[INFO] (vs.jquerybookmarks) This package is up to date.
[INFO] (vs.org) This package is up to date.
[INFO] (vs.tdi) This package is up to date.
[INFO] (vs.zopeskel.diazo) This package is up to date.
[INFO] (vsadmin) This package is up to date.
[ERROR] (vsajip-testdist) Could not get a response from API for this package. See below for details.
Traceback (most recent call last):
  File "/usr/local/lib/python3.5/dist-packages/pypicontents/api/pypi.py", line 264, in get_pkgdata
    timeout=10).read()
  File "/usr/lib/python3.5/urllib/request.py", line 163, in urlopen
    return opener.open(url, data, timeout)
  File "/usr/lib/python3.5/urllib/request.py", line 472, in open
    response = meth(req, response)
  File "/usr/lib/python3.5/urllib/request.py", line 582, in http_response
    'http', request, response, code, msg, hdrs)
  File "/usr/lib/python3.5/urllib/request.py", line 504, in error
    result = self._call_chain(*args)
  File "/usr/lib/python3.5/urllib/request.py", line 444, in _call_chain
    result = func(*args)
  File "/usr/lib/python3.5/urllib/request.py", line 696, in http_error_302
    return self.parent.open(new, timeout=req.timeout)
  File "/usr/lib/python3.5/urllib/request.py", line 472, in open
    response = meth(req, response)
  File "/usr/lib/python3.5/urllib/request.py", line 582, in http_response
    'http', request, response, code, msg, hdrs)
  File "/usr/lib/python3.5/urllib/request.py", line 510, in error
    return self._call_chain(*args)
  File "/usr/lib/python3.5/urllib/request.py", line 444, in _call_chain
    result = func(*args)
  File "/usr/lib/python3.5/urllib/request.py", line 590, in http_error_default
    raise HTTPError(req.full_url, code, msg, hdrs, fp)
urllib.error.HTTPError: HTTP Error 404: Not Found

[INFO] (vsat) This package is up to date.
[INFO] (vsc-base) This package is up to date.
[INFO] (vsc-install) This package is up to date.
[INFO] (vsc-utils) This package is up to date.
[INFO] (vsc-zk) This package is up to date.
[INFO] (vscy-nester) This package is up to date.
[INFO] (vsdcli) This package is up to date.
[ERROR] (vsdk) This package does not have downloadable releases.
[INFO] (vse) This package is up to date.
[INFO] (vserver) This package is up to date.
[INFO] (vsgen) This package is up to date.
[INFO] (vsgen-ptvs) This package is up to date.
[INFO] (vsgui) This package is up to date.
[INFO] (vsi) This package is up to date.
[INFO] (vsieve) This package is up to date.
[INFO] (vsl) This package is up to date.
[INFO] (vsm) Data has been updated for this package.
[INFO] (vsm-dashboard) This package is up to date.
[INFO] (vsmrfs) This package is up to date.
[ERROR] (vspecs) Could not get a response from API for this package. See below for details.
Traceback (most recent call last):
  File "/usr/local/lib/python3.5/dist-packages/pypicontents/api/pypi.py", line 264, in get_pkgdata
    timeout=10).read()
  File "/usr/lib/python3.5/urllib/request.py", line 163, in urlopen
    return opener.open(url, data, timeout)
  File "/usr/lib/python3.5/urllib/request.py", line 472, in open
    response = meth(req, response)
  File "/usr/lib/python3.5/urllib/request.py", line 582, in http_response
    'http', request, response, code, msg, hdrs)
  File "/usr/lib/python3.5/urllib/request.py", line 504, in error
    result = self._call_chain(*args)
  File "/usr/lib/python3.5/urllib/request.py", line 444, in _call_chain
    result = func(*args)
  File "/usr/lib/python3.5/urllib/request.py", line 696, in http_error_302
    return self.parent.open(new, timeout=req.timeout)
  File "/usr/lib/python3.5/urllib/request.py", line 472, in open
    response = meth(req, response)
  File "/usr/lib/python3.5/urllib/request.py", line 582, in http_response
    'http', request, response, code, msg, hdrs)
  File "/usr/lib/python3.5/urllib/request.py", line 510, in error
    return self._call_chain(*args)
  File "/usr/lib/python3.5/urllib/request.py", line 444, in _call_chain
    result = func(*args)
  File "/usr/lib/python3.5/urllib/request.py", line 590, in http_error_default
    raise HTTPError(req.full_url, code, msg, hdrs, fp)
urllib.error.HTTPError: HTTP Error 404: Not Found

[INFO] (vspk) This package is up to date.
[INFO] (vspkgenerator) This package is up to date.
[INFO] (vsptd) This package is up to date.
[INFO] (vsqs) This package is up to date.
[INFO] (vsrc) This package is up to date.
[INFO] (vsscli) This package is up to date.
[INFO] (vstat) This package is up to date.
[INFO] (vstruct) This package is up to date.
[INFO] (vstruct2) This package is up to date.
[INFO] (vsts-cd-manager) This package is up to date.
[INFO] (vsummarize) This package is up to date.
[INFO] (vsure) Data has been updated for this package.
[INFO] (vsut) This package is up to date.
[INFO] (vt) This package is up to date.
[INFO] (vt100) This package is up to date.
[INFO] (vt102) This package is up to date.
[INFO] (vtapi) This package is up to date.
[INFO] (vtc-scrypt) This package is up to date.
[INFO] (vtem) This package is up to date.
[INFO] (vtex-client) This package is up to date.
[INFO] (vtfunc) This package is up to date.
[INFO] (vtixypayment-assist) This package is up to date.
[INFO] (vtixyproxy) This package is up to date.
[INFO] (vtixytemplate) This package is up to date.
[INFO] (vtjp) This package is up to date.
[INFO] (vtk-visualizer) This package is up to date.
[INFO] (vtm) This package is up to date.
[INFO] (vtools) This package is up to date.
[INFO] (vtr-storages) This package is up to date.
[INFO] (vtr-utils) This package is up to date.
[INFO] (vtrie) This package is up to date.
[INFO] (vtrtool) This package is up to date.
[INFO] (vtscreatesend) This package is up to date.
[INFO] (vtsmdl) This package is up to date.
[INFO] (vtt) This package is up to date.
[INFO] (vturesults) This package is up to date.
[INFO] (vturra) This package is up to date.
[INFO] (vtwt) This package is up to date.
[INFO] (vu) This package is up to date.
[INFO] (vucli) This package is up to date.
[INFO] (vudo.cmf) This package is up to date.
[INFO] (vudo.skinsetup) This package is up to date.
[INFO] (vue4j) This package is up to date.
[INFO] (vulcan) This package is up to date.
[INFO] (vulcanize) This package is up to date.
[INFO] (vulk) This package is up to date.
[INFO] (vulkan) This package is up to date.
[INFO] (vulkbare) This package is up to date.
[INFO] (vulndb) This package is up to date.
[ERROR] (vulnerable) This package does not have downloadable releases.
[INFO] (vulnix) This package is up to date.
[INFO] (vultr) This package is up to date.
[INFO] (vulture) This package is up to date.
[INFO] (vulturebear) This package is up to date.
[INFO] (vumi) This package is up to date.
[INFO] (vumi-go) This package is up to date.
[INFO] (vumi-http-api) This package is up to date.
[INFO] (vumi-http-proxy) This package is up to date.
[INFO] (vumi-http-retry-api) This package is up to date.
[INFO] (vumi-message-store) This package is up to date.
[INFO] (vumi-msisdn-normalize-middleware) This package is up to date.
[INFO] (vumi-wikipedia) This package is up to date.
[INFO] (vunit) This package is up to date.
[INFO] (vunit-hdl) This package is up to date.
[INFO] (vupy) This package is up to date.
[INFO] (vuse) This package is up to date.
[INFO] (vutr) This package is up to date.
[INFO] (vutwifi) This package is up to date.
[ERROR] (vuuvv) This package does not have downloadable releases.
[INFO] (vvs) This package is up to date.
[INFO] (vvv) This package is up to date.
[INFO] (vvveb) This package is up to date.
[INFO] (vvvv) This package is up to date.
[INFO] (vw-gstore-adapter) This package is up to date.
[INFO] (vweb) This package is up to date.
[INFO] (vwoptimize) This package is up to date.
[INFO] (vworker) This package is up to date.
[INFO] (vwr) This package is up to date.
[ERROR] (vx2008) This package does not have downloadable releases.
[INFO] (vxaat) This package is up to date.
[INFO] (vxapi) This package is up to date.
[INFO] (vxapprouter) This package is up to date.
[INFO] (vxblastsms) This package is up to date.
[INFO] (vxdata) This package is up to date.
[INFO] (vxfreeswitch) This package is up to date.
[INFO] (vxghpages) This package is up to date.
[INFO] (vxmessenger) This package is up to date.
[INFO] (vxpolls) This package is up to date.
[ERROR] (vxqd) This package does not have downloadable releases.
[INFO] (vxrpc) This package is up to date.
[INFO] (vxsandbox) This package is up to date.
[INFO] (vxscreenshots) This package is up to date.
[INFO] (vxtrader) This package is up to date.
[INFO] (vxtwinio) This package is up to date.
[INFO] (vxtwitter) This package is up to date.
[INFO] (vxutils) This package is up to date.
[INFO] (vxvas2nets) This package is up to date.
[INFO] (vxyowsup) This package is up to date.
[INFO] (vy) This package is up to date.
[INFO] (vyattaconfparser) This package is up to date.
[INFO] (vycro) This package is up to date.
[INFO] (vyked) This package is up to date.
[INFO] (vyked-orm) This package is up to date.
[INFO] (vymgmt) This package is up to date.
[INFO] (vyper) This package is up to date.
[INFO] (vyper-bot) Data has been updated for this package.
[ERROR] (vyperlogixpyaxlib) Could not extract data from this package. See below for details.
This package download URL does not point to a valid file: "http://code.google.com/p/sfpyax/"
[ERROR] (vyrsion) This package does not have downloadable releases.
[INFO] (vysotskii) This package is up to date.
[INFO] (vzaar) This package is up to date.
[INFO] (vzlog) This package is up to date.
[INFO] (vzzual) This package is up to date.
[INFO] 
[INFO] 
[INFO] Total packages: 1326
[INFO]     Packages processed: 1326
[INFO]         Packages updated: 5
[INFO]         Packages up-to-date: 1187
[INFO]         Packages without response: 9
[INFO]         Packages without urls: 0
[INFO]         Packages without downloads: 113
[INFO]         Packages with data errors: 12
[INFO]     Packages not processed: 0
[INFO] 
[INFO] 
[INFO] Ending execution.
