[INFO] Starting execution.
[INFO] Downloading package list from PyPI ...
[ERROR] (u) This package does not have downloadable releases.
[ERROR] (u-cli) This package does not have downloadable releases.
[INFO] (u-msgpack-python) This package is up to date.
[INFO] (u1-test-utils) This package is up to date.
[INFO] (u1db) This package is up to date.
[INFO] (u2fval) This package is up to date.
[INFO] (u2fval-client) This package is up to date.
[INFO] (u2parser) This package is up to date.
[ERROR] (ua) This package does not have downloadable releases.
[INFO] (ua-api-utils) This package is up to date.
[INFO] (ua-parser) This package is up to date.
[INFO] (ua2.ajax) This package is up to date.
[INFO] (ua2.carbon) This package is up to date.
[INFO] (ua2.celery) This package is up to date.
[INFO] (ua2.djfab) This package is up to date.
[INFO] (ua2.fabdep) This package is up to date.
[INFO] (ua2.forms) This package is up to date.
[INFO] (ua2.jsondoc) This package is up to date.
[INFO] (ua2.mongolog) This package is up to date.
[INFO] (ua2.otl) This package is up to date.
[INFO] (ua2.patch) This package is up to date.
[INFO] (ua2.redis) This package is up to date.
[INFO] (ua2.table3) This package is up to date.
[INFO] (ua2.table3a) This package is up to date.
[INFO] (uaconnect) This package is up to date.
[ERROR] (uacs1) Could not get a response from API for this package. See below for details.
Traceback (most recent call last):
  File "/usr/local/lib/python3.5/dist-packages/pypicontents/api/pypi.py", line 264, in get_pkgdata
    timeout=10).read()
  File "/usr/lib/python3.5/urllib/request.py", line 163, in urlopen
    return opener.open(url, data, timeout)
  File "/usr/lib/python3.5/urllib/request.py", line 472, in open
    response = meth(req, response)
  File "/usr/lib/python3.5/urllib/request.py", line 582, in http_response
    'http', request, response, code, msg, hdrs)
  File "/usr/lib/python3.5/urllib/request.py", line 510, in error
    return self._call_chain(*args)
  File "/usr/lib/python3.5/urllib/request.py", line 444, in _call_chain
    result = func(*args)
  File "/usr/lib/python3.5/urllib/request.py", line 590, in http_error_default
    raise HTTPError(req.full_url, code, msg, hdrs, fp)
urllib.error.HTTPError: HTTP Error 404: Not Found

[INFO] (uadm) This package is up to date.
[INFO] (uagent) This package is up to date.
[INFO] (uamconfig-cli) This package is up to date.
[INFO] (uamd) This package is up to date.
[INFO] (uamobile) This package is up to date.
[INFO] (uaparser) This package is up to date.
[INFO] (uapycon) This package is up to date.
[INFO] (uarango) This package is up to date.
[INFO] (uareach) This package is up to date.
[ERROR] (uarm) Could not get a response from API for this package. See below for details.
Traceback (most recent call last):
  File "/usr/local/lib/python3.5/dist-packages/pypicontents/api/pypi.py", line 264, in get_pkgdata
    timeout=10).read()
  File "/usr/lib/python3.5/urllib/request.py", line 163, in urlopen
    return opener.open(url, data, timeout)
  File "/usr/lib/python3.5/urllib/request.py", line 472, in open
    response = meth(req, response)
  File "/usr/lib/python3.5/urllib/request.py", line 582, in http_response
    'http', request, response, code, msg, hdrs)
  File "/usr/lib/python3.5/urllib/request.py", line 510, in error
    return self._call_chain(*args)
  File "/usr/lib/python3.5/urllib/request.py", line 444, in _call_chain
    result = func(*args)
  File "/usr/lib/python3.5/urllib/request.py", line 590, in http_error_default
    raise HTTPError(req.full_url, code, msg, hdrs, fp)
urllib.error.HTTPError: HTTP Error 404: Not Found

[INFO] (uarm4py) This package is up to date.
[INFO] (uartis) This package is up to date.
[INFO] (uasparser2) This package is up to date.
[INFO] (uavcan) This package is up to date.
[INFO] (uavcan-gui-tool) This package is up to date.
[INFO] (uaverify) This package is up to date.
[INFO] (ub-split-map) This package is up to date.
[INFO] (ubackup) This package is up to date.
[INFO] (ubcd) This package is up to date.
[INFO] (ubcpi-xblock) This package is up to date.
[INFO] (ube) This package is up to date.
[INFO] (ubelt) This package is up to date.
[INFO] (uber-cli) This package is up to date.
[INFO] (uber-rides) This package is up to date.
[INFO] (uber.py) This package is up to date.
[INFO] (uberapi) This package is up to date.
[INFO] (uberdoc) This package is up to date.
[INFO] (uberlogs) This package is up to date.
[INFO] (uberpong) This package is up to date.
[INFO] (uberpy) This package is up to date.
[INFO] (ubersmith) This package is up to date.
[INFO] (ubersmith-remote-module-server) This package is up to date.
[INFO] (ubi-reader) This package is up to date.
[INFO] (ubidots) This package is up to date.
[INFO] (ubik) This package is up to date.
[INFO] (ubiome) This package is up to date.
[INFO] (ubit-kernel) This package is up to date.
[INFO] (ubjsonstream) This package is up to date.
[ERROR] (ubjspy) This package does not have downloadable releases.
[ERROR] (ubl) This package does not have downloadable releases.
[ERROR] (ubrew) This package does not have downloadable releases.
[ERROR] (ubuntu) This package does not have downloadable releases.
[INFO] (ubuntuami) This package is up to date.
[INFO] (ubuntudesign-asset-mapper) This package is up to date.
[INFO] (ubuntudesign.documentation-builder) This package is up to date.
[INFO] (ubuntudesign.gsa) This package is up to date.
[INFO] (ubuntufinder) This package is up to date.
[INFO] (ubuntui) This package is up to date.
[INFO] (ubuntupaste) This package is up to date.
[INFO] (uc-chalk-rip) This package is up to date.
[INFO] (ucasort) This package is up to date.
[INFO] (ucf-options-base) This package is up to date.
[INFO] (ucflib) This package is up to date.
[INFO] (ucg) This package is up to date.
[ERROR] (ucgc-commons) This package does not have downloadable releases.
[INFO] (uchicago-cs-setup-script) This package is up to date.
[INFO] (uciconfig) This package is up to date.
[INFO] (ucitests) This package is up to date.
[INFO] (ucivms) This package is up to date.
[INFO] (ucl) This package is up to date.
[INFO] (ucla-cs118) This package is up to date.
[INFO] (uclassify) This package is up to date.
[INFO] (uclassify-sc) This package is up to date.
[ERROR] (ucli) Could not extract data from this package. See below for details.
This package download URL does not point to a valid file: "http://pypi.python.org/pypi/ucloud-cli"
[INFO] (uclime) This package is up to date.
[INFO] (ucloud) This package is up to date.
[INFO] (ucloud-cli) This package is up to date.
[INFO] (ucloud-client) This package is up to date.
[INFO] (ucloud-py) This package is up to date.
[INFO] (ucloud-storage-python-wrapper) This package is up to date.
[ERROR] (ucloud-ufile) Could not get a response from API for this package. See below for details.
Traceback (most recent call last):
  File "/usr/local/lib/python3.5/dist-packages/pypicontents/api/pypi.py", line 264, in get_pkgdata
    timeout=10).read()
  File "/usr/lib/python3.5/urllib/request.py", line 163, in urlopen
    return opener.open(url, data, timeout)
  File "/usr/lib/python3.5/urllib/request.py", line 472, in open
    response = meth(req, response)
  File "/usr/lib/python3.5/urllib/request.py", line 582, in http_response
    'http', request, response, code, msg, hdrs)
  File "/usr/lib/python3.5/urllib/request.py", line 504, in error
    result = self._call_chain(*args)
  File "/usr/lib/python3.5/urllib/request.py", line 444, in _call_chain
    result = func(*args)
  File "/usr/lib/python3.5/urllib/request.py", line 696, in http_error_302
    return self.parent.open(new, timeout=req.timeout)
  File "/usr/lib/python3.5/urllib/request.py", line 472, in open
    response = meth(req, response)
  File "/usr/lib/python3.5/urllib/request.py", line 582, in http_response
    'http', request, response, code, msg, hdrs)
  File "/usr/lib/python3.5/urllib/request.py", line 510, in error
    return self._call_chain(*args)
  File "/usr/lib/python3.5/urllib/request.py", line 444, in _call_chain
    result = func(*args)
  File "/usr/lib/python3.5/urllib/request.py", line 590, in http_error_default
    raise HTTPError(req.full_url, code, msg, hdrs, fp)
urllib.error.HTTPError: HTTP Error 404: Not Found

[INFO] (ucloudbiz) This package is up to date.
[INFO] (ucloudclient) This package is up to date.
[INFO] (ucltip) This package is up to date.
[INFO] (ucmclient) This package is up to date.
[ERROR] (ucnum) This package does not have downloadable releases.
[INFO] (ucnumber) This package is up to date.
[INFO] (ucoinpy) This package is up to date.
[INFO] (uconf) This package is up to date.
[INFO] (uconfig) This package is up to date.
[INFO] (uconnrcmpy) This package is up to date.
[INFO] (ucp) This package is up to date.
[INFO] (ucrdtw) This package is up to date.
[INFO] (ucrypt) This package is up to date.
[INFO] (ucs) This package is up to date.
[INFO] (ucsc-snapshots) This package is up to date.
[INFO] (ucscgenome) This package is up to date.
[INFO] (ucscsdk) This package is up to date.
[INFO] (ucscsession) This package is up to date.
[ERROR] (ucsctools) Could not get a response from API for this package. See below for details.
Traceback (most recent call last):
  File "/usr/local/lib/python3.5/dist-packages/pypicontents/api/pypi.py", line 264, in get_pkgdata
    timeout=10).read()
  File "/usr/lib/python3.5/urllib/request.py", line 163, in urlopen
    return opener.open(url, data, timeout)
  File "/usr/lib/python3.5/urllib/request.py", line 472, in open
    response = meth(req, response)
  File "/usr/lib/python3.5/urllib/request.py", line 582, in http_response
    'http', request, response, code, msg, hdrs)
  File "/usr/lib/python3.5/urllib/request.py", line 510, in error
    return self._call_chain(*args)
  File "/usr/lib/python3.5/urllib/request.py", line 444, in _call_chain
    result = func(*args)
  File "/usr/lib/python3.5/urllib/request.py", line 590, in http_error_default
    raise HTTPError(req.full_url, code, msg, hdrs, fp)
urllib.error.HTTPError: HTTP Error 404: Not Found

[INFO] (ucsdyelpdata) This package is up to date.
[INFO] (ucsmsdk) This package is up to date.
[INFO] (ucsmsdk-samples) This package is up to date.
[INFO] (ucssdk) This package is up to date.
[INFO] (ucsv) This package is up to date.
[INFO] (ucuenca) This package is up to date.
[INFO] (ucwa) This package is up to date.
[INFO] (ud-django-activity-stream) This package is up to date.
[INFO] (ud-django-meta) This package is up to date.
[INFO] (ud-py-moneyed) This package is up to date.
[INFO] (udacity) This package is up to date.
[INFO] (udacity-chiron) This package is up to date.
[INFO] (udacity-dl) This package is up to date.
[INFO] (udacity-pa) This package is up to date.
[INFO] (udata) This package is up to date.
[INFO] (udata-gouvfr) This package is up to date.
[ERROR] (udata-harvest) Could not get a response from API for this package. See below for details.
Traceback (most recent call last):
  File "/usr/local/lib/python3.5/dist-packages/pypicontents/api/pypi.py", line 264, in get_pkgdata
    timeout=10).read()
  File "/usr/lib/python3.5/urllib/request.py", line 163, in urlopen
    return opener.open(url, data, timeout)
  File "/usr/lib/python3.5/urllib/request.py", line 472, in open
    response = meth(req, response)
  File "/usr/lib/python3.5/urllib/request.py", line 582, in http_response
    'http', request, response, code, msg, hdrs)
  File "/usr/lib/python3.5/urllib/request.py", line 510, in error
    return self._call_chain(*args)
  File "/usr/lib/python3.5/urllib/request.py", line 444, in _call_chain
    result = func(*args)
  File "/usr/lib/python3.5/urllib/request.py", line 590, in http_error_default
    raise HTTPError(req.full_url, code, msg, hdrs, fp)
urllib.error.HTTPError: HTTP Error 404: Not Found

[INFO] (udata-piwik) This package is up to date.
[INFO] (udata-youckan) This package is up to date.
[INFO] (udatetime) This package is up to date.
[ERROR] (udemy-django-pygments) Could not get a response from API for this package. See below for details.
Traceback (most recent call last):
  File "/usr/local/lib/python3.5/dist-packages/pypicontents/api/pypi.py", line 264, in get_pkgdata
    timeout=10).read()
  File "/usr/lib/python3.5/urllib/request.py", line 163, in urlopen
    return opener.open(url, data, timeout)
  File "/usr/lib/python3.5/urllib/request.py", line 472, in open
    response = meth(req, response)
  File "/usr/lib/python3.5/urllib/request.py", line 582, in http_response
    'http', request, response, code, msg, hdrs)
  File "/usr/lib/python3.5/urllib/request.py", line 510, in error
    return self._call_chain(*args)
  File "/usr/lib/python3.5/urllib/request.py", line 444, in _call_chain
    result = func(*args)
  File "/usr/lib/python3.5/urllib/request.py", line 590, in http_error_default
    raise HTTPError(req.full_url, code, msg, hdrs, fp)
urllib.error.HTTPError: HTTP Error 404: Not Found

[INFO] (udemy-dl) This package is up to date.
[INFO] (udger) This package is up to date.
[INFO] (udiskie) This package is up to date.
[ERROR] (udl) Could not extract data from this package. See below for details.
"https://github.com/Arpitbhawar/Udacity-Course-Downloader.git/tarball/master" file could not be downloaded. See below for details.
Traceback (most recent call last):
  File "/usr/local/lib/python3.5/dist-packages/pypicontents/api/pypi.py", line 107, in download_tar
    f.write(urlopen(url=urlesc(pkgurl), timeout=10).read())
  File "/usr/lib/python3.5/urllib/request.py", line 163, in urlopen
    return opener.open(url, data, timeout)
  File "/usr/lib/python3.5/urllib/request.py", line 472, in open
    response = meth(req, response)
  File "/usr/lib/python3.5/urllib/request.py", line 582, in http_response
    'http', request, response, code, msg, hdrs)
  File "/usr/lib/python3.5/urllib/request.py", line 510, in error
    return self._call_chain(*args)
  File "/usr/lib/python3.5/urllib/request.py", line 444, in _call_chain
    result = func(*args)
  File "/usr/lib/python3.5/urllib/request.py", line 590, in http_error_default
    raise HTTPError(req.full_url, code, msg, hdrs, fp)
urllib.error.HTTPError: HTTP Error 404: Not Found

[INFO] (udm) This package is up to date.
[INFO] (udns) This package is up to date.
[INFO] (udo) This package is up to date.
[INFO] (udon) This package is up to date.
[ERROR] (udoolib) This package does not have downloadable releases.
[INFO] (udplog) This package is up to date.
[INFO] (udplogviewer) This package is up to date.
[INFO] (udprecv) This package is up to date.
[INFO] (udr) This package is up to date.
[INFO] (udt4py) This package is up to date.
[INFO] (udt4twisted) This package is up to date.
[INFO] (udunitspy) This package is up to date.
[INFO] (ueditor4tornado) This package is up to date.
[INFO] (uefi-firmware) This package is up to date.
[INFO] (ufal.morphodita) This package is up to date.
[INFO] (ufal.nametag) This package is up to date.
[INFO] (ufal.parsito) This package is up to date.
[INFO] (ufal.udpipe) This package is up to date.
[ERROR] (ufc) Could not extract data from this package. See below for details.
"https://bitbucket.org/fenics-project/ufc/downloads/ufc-2.3.0.tar.gz" file could not be downloaded. See below for details.
Traceback (most recent call last):
  File "/usr/local/lib/python3.5/dist-packages/pypicontents/api/pypi.py", line 107, in download_tar
    f.write(urlopen(url=urlesc(pkgurl), timeout=10).read())
  File "/usr/lib/python3.5/urllib/request.py", line 163, in urlopen
    return opener.open(url, data, timeout)
  File "/usr/lib/python3.5/urllib/request.py", line 472, in open
    response = meth(req, response)
  File "/usr/lib/python3.5/urllib/request.py", line 582, in http_response
    'http', request, response, code, msg, hdrs)
  File "/usr/lib/python3.5/urllib/request.py", line 510, in error
    return self._call_chain(*args)
  File "/usr/lib/python3.5/urllib/request.py", line 444, in _call_chain
    result = func(*args)
  File "/usr/lib/python3.5/urllib/request.py", line 590, in http_error_default
    raise HTTPError(req.full_url, code, msg, hdrs, fp)
urllib.error.HTTPError: HTTP Error 404: Not Found

[INFO] (ufinance) This package is up to date.
[INFO] (ufit) This package is up to date.
[ERROR] (ufji) Could not extract data from this package. See below for details.

[INFO] (ufl) This package is up to date.
[ERROR] (uflacs) This package does not have downloadable releases.
[INFO] (uflash) This package is up to date.
[INFO] (ufload) This package is up to date.
[INFO] (ufo-extractor) This package is up to date.
[INFO] (ufo2ft) This package is up to date.
[INFO] (ufo2otf) This package is up to date.
[INFO] (ufolib) This package is up to date.
[INFO] (uforge-marketplace-python-sdk) This package is up to date.
[INFO] (uforge-python-sdk) This package is up to date.
[INFO] (uforgecli) This package is up to date.
[INFO] (ufork) This package is up to date.
[INFO] (ufp) This package is up to date.
[INFO] (ufs-tools) This package is up to date.
[INFO] (uftlib) This package is up to date.
[INFO] (ufx) This package is up to date.
[INFO] (ugali) This package is up to date.
[INFO] (ugentbiblio) This package is up to date.
[INFO] (uglipyjs) This package is up to date.
[INFO] (ugly) This package is up to date.
[INFO] (ugoira) This package is up to date.
[INFO] (ugravatar) This package is up to date.
[ERROR] (uguese) This package does not have downloadable releases.
[INFO] (uguu) This package is up to date.
[ERROR] (uguu-api) This package does not have downloadable releases.
[INFO] (uguuapi) This package is up to date.
[INFO] (uh) This package is up to date.
[INFO] (uhashring) This package is up to date.
[INFO] (uhcx) This package is up to date.
[ERROR] (uhdl) Could not get a response from API for this package. See below for details.
Traceback (most recent call last):
  File "/usr/local/lib/python3.5/dist-packages/pypicontents/api/pypi.py", line 264, in get_pkgdata
    timeout=10).read()
  File "/usr/lib/python3.5/urllib/request.py", line 163, in urlopen
    return opener.open(url, data, timeout)
  File "/usr/lib/python3.5/urllib/request.py", line 472, in open
    response = meth(req, response)
  File "/usr/lib/python3.5/urllib/request.py", line 582, in http_response
    'http', request, response, code, msg, hdrs)
  File "/usr/lib/python3.5/urllib/request.py", line 510, in error
    return self._call_chain(*args)
  File "/usr/lib/python3.5/urllib/request.py", line 444, in _call_chain
    result = func(*args)
  File "/usr/lib/python3.5/urllib/request.py", line 590, in http_error_default
    raise HTTPError(req.full_url, code, msg, hdrs, fp)
urllib.error.HTTPError: HTTP Error 404: Not Found

[ERROR] (uhdvna) This package does not have downloadable releases.
[INFO] (uheprng) This package is up to date.
[ERROR] (uhh-cs294) This package does not have downloadable releases.
[ERROR] (uhhcs294) This package does not have downloadable releases.
[INFO] (uhttplib) This package is up to date.
[INFO] (uhu) This package is up to date.
[INFO] (ui-navigate) This package is up to date.
[ERROR] (ui57) This package does not have downloadable releases.
[INFO] (uiautomation) This package is up to date.
[INFO] (uiautomator) This package is up to date.
[INFO] (uiautomatorplug) This package is up to date.
[INFO] (uic920) This package is up to date.
[INFO] (uilayer) This package is up to date.
[INFO] (uimap) This package is up to date.
[INFO] (uinfo) This package is up to date.
[INFO] (uip) This package is up to date.
[INFO] (uipcalc) This package is up to date.
[INFO] (uiro) This package is up to date.
[INFO] (uiset) This package is up to date.
[INFO] (uiside) This package is up to date.
[INFO] (uisoup) This package is up to date.
[INFO] (uitdatabank) This package is up to date.
[INFO] (uiutil) This package is up to date.
[INFO] (uji-ship) This package is up to date.
[INFO] (ujs-jsonsyntax) This package is up to date.
[INFO] (ujs-jsonvalidate) This package is up to date.
[INFO] (ujs-safefile) This package is up to date.
[INFO] (ujson) This package is up to date.
[INFO] (ujson-bedframe) This package is up to date.
[INFO] (ujson-delta) This package is up to date.
[INFO] (ujson-drf) This package is up to date.
[INFO] (ujsondb) This package is up to date.
[INFO] (ujsonpath) This package is up to date.
[ERROR] (uk) This package does not have downloadable releases.
[INFO] (uk-postcode-utils) This package is up to date.
[ERROR] (ukgov-treasury-cra) This package does not have downloadable releases.
[INFO] (ukmdb-amqp) This package is up to date.
[INFO] (ukmdb-audit) This package is up to date.
[INFO] (ukmdb-checkmk) This package is up to date.
[INFO] (ukmdb-cli) This package is up to date.
[INFO] (ukmdb-db) This package is up to date.
[INFO] (ukmdb-graph) This package is up to date.
[INFO] (ukmdb-itop) This package is up to date.
[INFO] (ukmdb-settings) This package is up to date.
[INFO] (ukmdb-uuid) This package is up to date.
[INFO] (ukmdb-worker) This package is up to date.
[INFO] (ukmodulus) This package is up to date.
[INFO] (ukonline.pyds) This package is up to date.
[INFO] (ukparliament) This package is up to date.
[INFO] (ukpcode) This package is up to date.
[INFO] (ukpol-cli) This package is up to date.
[INFO] (ukpolice) This package is up to date.
[INFO] (ukpostcode) This package is up to date.
[INFO] (ukpostcodeparser) This package is up to date.
[INFO] (ukpostcodevalidator) This package is up to date.
[ERROR] (ukvsclient) This package does not have downloadable releases.
[INFO] (ulakbus) This package is up to date.
[INFO] (ulawwave) This package is up to date.
[INFO] (ulianov) This package is up to date.
[INFO] (ulib) This package is up to date.
[INFO] (ulid) This package is up to date.
[INFO] (ulid2) This package is up to date.
[INFO] (ulif.loghandlers) This package is up to date.
[INFO] (ulif.openoffice) This package is up to date.
[INFO] (ulif.plone.testsetup) This package is up to date.
[INFO] (ulif.pynotify) This package is up to date.
[INFO] (ulif.rest) This package is up to date.
[INFO] (ulint) This package is up to date.
[INFO] (ulint-pep8) This package is up to date.
[ERROR] (ulipad) Could not extract data from this package. See below for details.
"http://ulipad.googlecode.com/files/ulipad.4.1.zip" file could not be downloaded. See below for details.
Traceback (most recent call last):
  File "/usr/local/lib/python3.5/dist-packages/pypicontents/api/pypi.py", line 107, in download_tar
    f.write(urlopen(url=urlesc(pkgurl), timeout=10).read())
  File "/usr/lib/python3.5/urllib/request.py", line 163, in urlopen
    return opener.open(url, data, timeout)
  File "/usr/lib/python3.5/urllib/request.py", line 472, in open
    response = meth(req, response)
  File "/usr/lib/python3.5/urllib/request.py", line 582, in http_response
    'http', request, response, code, msg, hdrs)
  File "/usr/lib/python3.5/urllib/request.py", line 510, in error
    return self._call_chain(*args)
  File "/usr/lib/python3.5/urllib/request.py", line 444, in _call_chain
    result = func(*args)
  File "/usr/lib/python3.5/urllib/request.py", line 590, in http_error_default
    raise HTTPError(req.full_url, code, msg, hdrs, fp)
urllib.error.HTTPError: HTTP Error 404: Not Found

[INFO] (ulit) This package is up to date.
[INFO] (uliweb) This package is up to date.
[INFO] (uliweb-alembic) This package is up to date.
[INFO] (ulka) This package is up to date.
[INFO] (ulmo) This package is up to date.
[INFO] (ulo) This package is up to date.
[INFO] (ulog) This package is up to date.
[INFO] (ulp) Data has been updated for this package.
[INFO] (ult) This package is up to date.
[ERROR] (ultimate-smash-friends) This package does not have downloadable releases.
[INFO] (ultimate-ttt) This package is up to date.
[ERROR] (ultimate-webshots-converter-for-kde) Could not extract data from this package. See below for details.
".php" extension not supported.
[INFO] (ultimatum) This package is up to date.
[INFO] (ultra-config) This package is up to date.
[INFO] (ultra-config-kms-cli) This package is up to date.
[INFO] (ultra-rest-client) This package is up to date.
[INFO] (ultrachronic) This package is up to date.
[INFO] (ultraconfig) This package is up to date.
[INFO] (ultracup-nester) This package is up to date.
[INFO] (ultralite) This package is up to date.
[INFO] (ultramarine) This package is up to date.
[ERROR] (ultrasound) This package does not have downloadable releases.
[INFO] (ultratransmission) This package is up to date.
[INFO] (ultrello) This package is up to date.
[INFO] (ulutil) This package is up to date.
[INFO] (ulvl) This package is up to date.
[INFO] (um7) This package is up to date.
[INFO] (umadevi-nester) This package is up to date.
[INFO] (umakaviewer) This package is up to date.
[INFO] (umalqurra) This package is up to date.
[INFO] (umansysprop) This package is up to date.
[INFO] (umap) This package is up to date.
[INFO] (umap-project) This package is up to date.
[INFO] (umapi-client) This package is up to date.
[INFO] (umat) This package is up to date.
[INFO] (umbra) This package is up to date.
[ERROR] (umbrella) This package does not have downloadable releases.
[ERROR] (umclient) This package does not have downloadable releases.
[INFO] (umdh) This package is up to date.
[INFO] (umemcache) This package is up to date.
[INFO] (umeng-push) This package is up to date.
[INFO] (umi-tools) This package is up to date.
[INFO] (umich-projkit) This package is up to date.
[INFO] (umilandez) This package is up to date.
[INFO] (umimbutil) This package is up to date.
[INFO] (umis) This package is up to date.
[ERROR] (umit) Could not extract data from this package. See below for details.
This package download URL does not point to a valid file: "http://www.umitproject.org"
[INFO] (umitools) This package is up to date.
[INFO] (uml2orm) This package is up to date.
[INFO] (umls-auth) This package is up to date.
[INFO] (umls-request-manager) This package is up to date.
[INFO] (ummodulomaluco344234) This package is up to date.
[INFO] (umnester) This package is up to date.
[ERROR] (umnomequalquer) This package does not have downloadable releases.
[INFO] (umobj) This package is up to date.
[INFO] (umodbus) This package is up to date.
[INFO] (umodules) This package is up to date.
[INFO] (umongo) This package is up to date.
[INFO] (umorpheme) This package is up to date.
[INFO] (umpire) This package is up to date.
[INFO] (umpy) This package is up to date.
[INFO] (umsgpack) This package is up to date.
[INFO] (umtools) This package is up to date.
[INFO] (umysql) This package is up to date.
[INFO] (umysql3) This package is up to date.
[INFO] (umysqldb) This package is up to date.
[INFO] (un-iife-ize) This package is up to date.
[ERROR] (un-nester) This package does not have downloadable releases.
[INFO] (un-xtab) This package is up to date.
[INFO] (una-django-cassandra-engine) This package is up to date.
[INFO] (unach-photo) This package is up to date.
[INFO] (unach-photo-server) This package is up to date.
[ERROR] (unagi.py) Could not extract data from this package. See below for details.
".html" extension not supported.
[ERROR] (unalog-python) This package does not have downloadable releases.
[INFO] (unbabel-py) This package is up to date.
[INFO] (unbound-ec2) This package is up to date.
[INFO] (unboxftpd) This package is up to date.
[INFO] (unbroken-pyobjc) This package is up to date.
[INFO] (uncatchable-exception) This package is up to date.
[INFO] (uncertainties) This package is up to date.
[INFO] (uncertainty-wrapper) This package is up to date.
[INFO] (uncertaintywrapper) This package is up to date.
[INFO] (unchain) This package is up to date.
[INFO] (unchaindjango) This package is up to date.
[ERROR] (unchained) This package does not have downloadable releases.
[INFO] (uncle) This package is up to date.
[INFO] (uncle-nester) This package is up to date.
[INFO] (unclebob) This package is up to date.
[INFO] (unclegabe) This package is up to date.
[INFO] (uncommitted) This package is up to date.
[INFO] (uncompyle) This package is up to date.
[INFO] (uncompyle2) This package is up to date.
[INFO] (uncompyle6) This package is up to date.
[INFO] (uncrumpled-async-gui) This package is up to date.
[INFO] (uncrumpled-kivy) This package is up to date.
[INFO] (uncrumpled-kivygui) This package is up to date.
[INFO] (uncrumpled-xpybutil) This package is up to date.
[INFO] (uncsom.recipe.ploneupdater) This package is up to date.
[INFO] (uncurl) This package is up to date.
[INFO] (undaqtools) This package is up to date.
[INFO] (undead) This package is up to date.
[INFO] (undebt) This package is up to date.
[INFO] (undecorate) This package is up to date.
[INFO] (undecorated) This package is up to date.
[INFO] (undefined) This package is up to date.
[INFO] (underarmour) This package is up to date.
[INFO] (underpy) This package is up to date.
[INFO] (underscode) This package is up to date.
[INFO] (underscore) This package is up to date.
[INFO] (underscore.py) This package is up to date.
[INFO] (underscorepy) This package is up to date.
[ERROR] (underscorex) Could not extract data from this package. See below for details.
Unsupported package directory structure.
[INFO] (understate) This package is up to date.
[INFO] (underthesea) This package is up to date.
[INFO] (underverse) This package is up to date.
[INFO] (underwear) This package is up to date.
[INFO] (undict) This package is up to date.
[ERROR] (undo) Could not extract data from this package. See below for details.
This package download URL does not point to a valid file: "http://bitbucket.org/aquavitae/undo/downloads"
[INFO] (undoable) This package is up to date.
[INFO] (undocker) This package is up to date.
[INFO] (undoredo) This package is up to date.
[INFO] (undrp) This package is up to date.
[INFO] (unebus) This package is up to date.
[INFO] (unf) This package is up to date.
[INFO] (unfluff) This package is up to date.
[INFO] (unfold-protein) This package is up to date.
[INFO] (unforward) This package is up to date.
[INFO] (unfromm) This package is up to date.
[INFO] (ungog) This package is up to date.
[INFO] (unholster.django-lookup) This package is up to date.
[INFO] (unholster.milieu) This package is up to date.
[INFO] (uni) This package is up to date.
[INFO] (uniauth) This package is up to date.
[ERROR] (unicampi) This package does not have downloadable releases.
[INFO] (unicards) This package is up to date.
[INFO] (unicategories) This package is up to date.
[INFO] (unice.mosaique) This package is up to date.
[INFO] (unice.portlet.boutique) This package is up to date.
[INFO] (unice.portlet.coordonnees) This package is up to date.
[INFO] (unice.portlet.evenementiels) This package is up to date.
[INFO] (unice.portlet.flickr) This package is up to date.
[INFO] (unice.portlet.focus) This package is up to date.
[INFO] (unice.portlet.imagelegendee) This package is up to date.
[INFO] (unice.portlet.lettre) This package is up to date.
[INFO] (unice.portlet.mosaique) This package is up to date.
[INFO] (unice.portlet.mot) This package is up to date.
[INFO] (unice.portlet.profil) This package is up to date.
[INFO] (unice.portlet.slider) This package is up to date.
[INFO] (unice.portlet.stories) This package is up to date.
[INFO] (unice.portlet.telechargement) This package is up to date.
[INFO] (unice.portlet.vimeo) This package is up to date.
[ERROR] (unico) This package does not have downloadable releases.
[INFO] (unicode-ids) This package is up to date.
[INFO] (unicode-mayo) This package is up to date.
[INFO] (unicode-nazi) This package is up to date.
[ERROR] (unicode-please) This package does not have downloadable releases.
[INFO] (unicode-slugify) This package is up to date.
[INFO] (unicode-slugify-latin) This package is up to date.
[INFO] (unicode-string-literal) This package is up to date.
[INFO] (unicode-tex) This package is up to date.
[INFO] (unicode-tr) This package is up to date.
[INFO] (unicode2utf8) This package is up to date.
[INFO] (unicodeblock) This package is up to date.
[INFO] (unicodeblocks) This package is up to date.
[ERROR] (unicodeblocktokenizer) This package does not have downloadable releases.
[INFO] (unicodecsv) This package is up to date.
[INFO] (unicodedata2) This package is up to date.
[INFO] (unicodemoticon) This package is up to date.
[INFO] (unicodescript) This package is up to date.
[INFO] (unicodeset) This package is up to date.
[ERROR] (unicoding) This package does not have downloadable releases.
[INFO] (unicontent) This package is up to date.
[INFO] (unicore-cms) This package is up to date.
[INFO] (unicore-cms-django) This package is up to date.
[INFO] (unicore-gitmodels) This package is up to date.
[INFO] (unicore.ask) This package is up to date.
[INFO] (unicore.comments.client) This package is up to date.
[INFO] (unicore.content) This package is up to date.
[INFO] (unicore.distribute) This package is up to date.
[INFO] (unicore.google) This package is up to date.
[INFO] (unicore.hub.client) This package is up to date.
[INFO] (unicore.languages) This package is up to date.
[INFO] (unicore.webhooks) This package is up to date.
[INFO] (unicorn) This package is up to date.
[ERROR] (unicorn-engine) Could not extract data from this package. See below for details.
This package download URL does not point to a valid file: "http://unicorn-engine.org"
[INFO] (unicornhat) This package is up to date.
[INFO] (unicornherder) This package is up to date.
[INFO] (unicover) This package is up to date.
[INFO] (unicsv) This package is up to date.
[ERROR] (unicurses) Could not extract data from this package. See below for details.
This package download URL does not point to a valid file: "https://sourceforge.net/projects/pyunicurses/"
[ERROR] (unicurses-for-python) Could not extract data from this package. See below for details.
This package download URL does not point to a valid file: "https://sourceforge.net/projects/pyunicurses/"
[INFO] (unidbm) This package is up to date.
[INFO] (unidecode) This package is up to date.
[INFO] (unidiff) This package is up to date.
[INFO] (unidist) This package is up to date.
[INFO] (unidump) This package is up to date.
[INFO] (unifi) This package is up to date.
[INFO] (unifi-sh) This package is up to date.
[INFO] (unification) This package is up to date.
[INFO] (unified2) This package is up to date.
[ERROR] (uniform) This package does not have downloadable releases.
[INFO] (unify) This package is up to date.
[INFO] (unihan-tabular) Data has been updated for this package.
[INFO] (unihandecode) This package is up to date.
[INFO] (unilint) This package is up to date.
[INFO] (unilog) This package is up to date.
[INFO] (unimate) This package is up to date.
[INFO] (unimod) This package is up to date.
[INFO] (unimr.compositeindex) This package is up to date.
[INFO] (unimr.memcachedlock) This package is up to date.
[INFO] (unimr.red5.protectedvod) This package is up to date.
[INFO] (uninhibited) This package is up to date.
[INFO] (uninstall-app) This package is up to date.
[INFO] (union) This package is up to date.
[INFO] (unionfind) This package is up to date.
[INFO] (uniontypes) This package is up to date.
[INFO] (uniopen) This package is up to date.
[INFO] (uniout) This package is up to date.
[INFO] (unipag) This package is up to date.
[INFO] (unipath) This package is up to date.
[INFO] (unipdgest.portlet.navigation) This package is up to date.
[INFO] (uniphy) This package is up to date.
[INFO] (uniplaces-aws-scheduler) This package is up to date.
[INFO] (uniplate) This package is up to date.
[INFO] (uniprop) This package is up to date.
[INFO] (uniprot) This package is up to date.
[INFO] (uniprot-mapper) This package is up to date.
[INFO] (uniprot-tools) This package is up to date.
[INFO] (uniprotkbserver) This package is up to date.
[INFO] (uniprotmapper) This package is up to date.
[INFO] (unipy) This package is up to date.
[INFO] (uniq) This package is up to date.
[INFO] (uniqid) This package is up to date.
[INFO] (uniqtoken) This package is up to date.
[INFO] (unique) This package is up to date.
[INFO] (unique-id-gen) This package is up to date.
[INFO] (unique-sam) This package is up to date.
[INFO] (uniquepath) This package is up to date.
[INFO] (uniquepwd) This package is up to date.
[INFO] (uniquewords) This package is up to date.
[INFO] (uniquify) This package is up to date.
[INFO] (unireedsolomon) This package is up to date.
[INFO] (unirest) This package is up to date.
[INFO] (unirio-api) This package is up to date.
[INFO] (unirio-sie) This package is up to date.
[INFO] (unirw) This package is up to date.
[INFO] (uniscripts) This package is up to date.
[INFO] (uniseg) This package is up to date.
[INFO] (unishark) This package is up to date.
[ERROR] (unison) This package does not have downloadable releases.
[INFO] (unisquid) This package is up to date.
[ERROR] (unit) This package does not have downloadable releases.
[INFO] (unit-conversion) This package is up to date.
[INFO] (unit.py) This package is up to date.
[INFO] (unitbench) This package is up to date.
[ERROR] (unitdox) This package does not have downloadable releases.
[ERROR] (unite) This package does not have downloadable releases.
[INFO] (united-states-congress) This package is up to date.
[INFO] (unitexlemmatizer) This package is up to date.
[INFO] (unitils) This package is up to date.
[INFO] (units) This package is up to date.
[INFO] (unitspec) This package is up to date.
[INFO] (unitstorm) This package is up to date.
[INFO] (unitstyle) This package is up to date.
[INFO] (unittest) This package is up to date.
[INFO] (unittest-asserts) This package is up to date.
[INFO] (unittest-continuous) This package is up to date.
[INFO] (unittest-data-provider) This package is up to date.
[INFO] (unittest-expander) This package is up to date.
[INFO] (unittest-jasmine) This package is up to date.
[INFO] (unittest-jshint) This package is up to date.
[INFO] (unittest-mixins) This package is up to date.
[INFO] (unittest-onerror) This package is up to date.
[INFO] (unittest-tap-reporting) This package is up to date.
[INFO] (unittest-utils) This package is up to date.
[INFO] (unittest-xml) This package is up to date.
[INFO] (unittest-xml-reporting) This package is up to date.
[INFO] (unittest2) This package is up to date.
[INFO] (unittest2canopsis) This package is up to date.
[INFO] (unittest2py3k) This package is up to date.
[INFO] (unittest2pytest) This package is up to date.
[INFO] (unittest2six) This package is up to date.
[INFO] (unittester) This package is up to date.
[INFO] (unittestextras) This package is up to date.
[INFO] (unittestone) This package is up to date.
[INFO] (unittestrandgenstate) This package is up to date.
[INFO] (unittestzero) This package is up to date.
[INFO] (unitth) This package is up to date.
[ERROR] (unitvalue) This package does not have downloadable releases.
[INFO] (unity) This package is up to date.
[INFO] (unity-avindicator) This package is up to date.
[INFO] (unityapiclient) This package is up to date.
[INFO] (unitypack) This package is up to date.
[INFO] (uniutils) This package is up to date.
[INFO] (universal) This package is up to date.
[INFO] (universal-analytics-python) This package is up to date.
[INFO] (universal-divergence) This package is up to date.
[INFO] (universal-notifications) This package is up to date.
[INFO] (universal-portfolios) This package is up to date.
[INFO] (universal-schema) This package is up to date.
[INFO] (universal-usbtmc) This package is up to date.
[INFO] (universalbus) This package is up to date.
[INFO] (universalclient) This package is up to date.
[INFO] (universalwebscraping) This package is up to date.
[INFO] (universe) This package is up to date.
[ERROR] (universvideo) Could not extract data from this package. See below for details.
Could not extract tarball. See below for details.
Traceback (most recent call last):
  File "/usr/lib/python3.5/tarfile.py", line 1631, in gzopen
    t = cls.taropen(name, mode, fileobj, **kwargs)
  File "/usr/lib/python3.5/tarfile.py", line 1607, in taropen
    return cls(name, mode, fileobj, **kwargs)
  File "/usr/lib/python3.5/tarfile.py", line 1470, in __init__
    self.firstmember = self.next()
  File "/usr/lib/python3.5/tarfile.py", line 2281, in next
    tarinfo = self.tarinfo.fromtarfile(self)
  File "/usr/lib/python3.5/tarfile.py", line 1082, in fromtarfile
    buf = tarfile.fileobj.read(BLOCKSIZE)
  File "/usr/lib/python3.5/gzip.py", line 274, in read
    return self._buffer.read(size)
  File "/usr/lib/python3.5/_compression.py", line 68, in readinto
    data = self.read(len(byte_view))
  File "/usr/lib/python3.5/gzip.py", line 461, in read
    if not self._read_gzip_header():
  File "/usr/lib/python3.5/gzip.py", line 409, in _read_gzip_header
    raise OSError('Not a gzipped file (%r)' % magic)
OSError: Not a gzipped file (b'<!')

During handling of the above exception, another exception occurred:

Traceback (most recent call last):
  File "/usr/local/lib/python3.5/dist-packages/pypicontents/api/pypi.py", line 131, in get_tar_topdir
    with closing(compressed(tarpath, tarmode)) as tar:
  File "/usr/lib/python3.5/tarfile.py", line 1577, in open
    return func(name, filemode, fileobj, **kwargs)
  File "/usr/lib/python3.5/tarfile.py", line 1635, in gzopen
    raise ReadError("not a gzip file")
tarfile.ReadError: not a gzip file

[INFO] (univider) This package is up to date.
[INFO] (unix) This package is up to date.
[INFO] (unix-daemon) This package is up to date.
[INFO] (unix-dates) This package is up to date.
[INFO] (unixaccount) This package is up to date.
[INFO] (unixpackage) This package is up to date.
[ERROR] (unknown) This package does not have downloadable releases.
[INFO] (unleash) This package is up to date.
[INFO] (unleash-potential) This package is up to date.
[INFO] (unlock) This package is up to date.
[ERROR] (unlp) This package does not have downloadable releases.
[INFO] (unmatcher) This package is up to date.
[INFO] (unmessage) This package is up to date.
[INFO] (unn) This package is up to date.
[INFO] (unnest.py) This package is up to date.
[INFO] (unnester) This package is up to date.
[INFO] (uno) This package is up to date.
[ERROR] (uno-deprecated) This package does not have downloadable releases.
[INFO] (unoconv) This package is up to date.
[INFO] (unofficial-googleplay-api) This package is up to date.
[INFO] (unormalize) This package is up to date.
[INFO] (unotools) This package is up to date.
[INFO] (unp) This package is up to date.
[INFO] (unpacklist) This package is up to date.
[INFO] (unpaddedbase64) This package is up to date.
[INFO] (unparse) This package is up to date.
[INFO] (unpdfer) This package is up to date.
[INFO] (unplag) This package is up to date.
[INFO] (unpushed) This package is up to date.
[INFO] (unpy2exe) This package is up to date.
[INFO] (unpyclib) This package is up to date.
[INFO] (unqlite) This package is up to date.
[INFO] (unqlitepy) This package is up to date.
[INFO] (unrar) This package is up to date.
[INFO] (unread-decorator) This package is up to date.
[INFO] (unrealcv) This package is up to date.
[INFO] (unreferenced) This package is up to date.
[INFO] (unrest) This package is up to date.
[INFO] (unroll) This package is up to date.
[INFO] (unrtf) This package is up to date.
[INFO] (unscramble-me) This package is up to date.
[INFO] (unsettings) This package is up to date.
[INFO] (unsh) This package is up to date.
[ERROR] (unshortener) This package does not have downloadable releases.
[INFO] (unshortenit) This package is up to date.
[INFO] (unshred) This package is up to date.
[INFO] (unsonic) This package is up to date.
[INFO] (unsplash-download) This package is up to date.
[INFO] (unsplash-python) This package is up to date.
[INFO] (unsplashdownloader) This package is up to date.
[INFO] (unstable) This package is up to date.
[INFO] (unstack) This package is up to date.
[INFO] (unstats-rdf) This package is up to date.
[INFO] (unstdlib) This package is up to date.
[INFO] (untangle) This package is up to date.
[INFO] (untappd) This package is up to date.
[INFO] (untdl) This package is up to date.
[INFO] (untestable) This package is up to date.
[INFO] (unties) This package is up to date.
[INFO] (untiler) This package is up to date.
[INFO] (untimely) This package is up to date.
[INFO] (untinyurl) This package is up to date.
[INFO] (untitled) This package is up to date.
[INFO] (untitled-xj) This package is up to date.
[INFO] (untokenize) This package is up to date.
[INFO] (untp) This package is up to date.
[INFO] (untrendy) This package is up to date.
[INFO] (untt) This package is up to date.
[INFO] (untwisted) This package is up to date.
[INFO] (unu) This package is up to date.
[INFO] (unum) This package is up to date.
[ERROR] (unveil) This package does not have downloadable releases.
[INFO] (unweb.iptc) This package is up to date.
[INFO] (unweb.recipe.ploneftp) This package is up to date.
[INFO] (unweb.recipe.uwsgi) This package is up to date.
[INFO] (unweb.shareit) This package is up to date.
[INFO] (unweb.watermark) This package is up to date.
[ERROR] (unwheel) This package does not have downloadable releases.
[INFO] (unwind) This package is up to date.
[INFO] (unwiredlabs) This package is up to date.
[INFO] (unwrap) This package is up to date.
[INFO] (unwrapper) This package is up to date.
[INFO] (unxml) This package is up to date.
[INFO] (unzipbomb) This package is up to date.
[ERROR] (unzipmbcs) This package does not have downloadable releases.
[INFO] (unzipper) This package is up to date.
[ERROR] (uofl.dztheme.simplesite) This package does not have downloadable releases.
[INFO] (uoftscrapers) This package is up to date.
[INFO] (uorm) This package is up to date.
[INFO] (uos.cli) This package is up to date.
[INFO] (up) This package is up to date.
[INFO] (up-manager) This package is up to date.
[INFO] (up7marks) This package is up to date.
[INFO] (upaas-admin) This package is up to date.
[INFO] (upaas-client) This package is up to date.
[INFO] (upaas-common) This package is up to date.
[INFO] (upack) This package is up to date.
[INFO] (upapi) This package is up to date.
[INFO] (uparse-python) This package is up to date.
[INFO] (upass) This package is up to date.
[INFO] (upc) This package is up to date.
[INFO] (upc-item-db-api) This package is up to date.
[INFO] (upc.remotecontrol) This package is up to date.
[INFO] (upcdb) This package is up to date.
[INFO] (upcloud) This package is up to date.
[INFO] (upcloud-api) This package is up to date.
[INFO] (upcloud-api-python) This package is up to date.
[INFO] (upctools) This package is up to date.
[INFO] (upd89) This package is up to date.
[INFO] (updatable-zipfile) This package is up to date.
[INFO] (update) This package is up to date.
[INFO] (update-checker) This package is up to date.
[INFO] (update-checker-app) This package is up to date.
[INFO] (update-conf.py) This package is up to date.
[INFO] (update-copyright) This package is up to date.
[INFO] (update-dotdee) This package is up to date.
[INFO] (update-he-dns) This package is up to date.
[INFO] (update-ip) This package is up to date.
[INFO] (update-plex) This package is up to date.
[INFO] (update-wrapper) This package is up to date.
[INFO] (updatecheck) This package is up to date.
[INFO] (updatedir) This package is up to date.
[INFO] (updatehub-package-schema) This package is up to date.
[INFO] (updater4pyi) This package is up to date.
[INFO] (updates) This package is up to date.
[INFO] (updatesystem) This package is up to date.
[INFO] (updatorr) This package is up to date.
[INFO] (updian) This package is up to date.
[INFO] (updoc) This package is up to date.
[INFO] (updog) This package is up to date.
[INFO] (updown) This package is up to date.
[INFO] (upfluence-thrift) This package is up to date.
[INFO] (upfluence-utils) This package is up to date.
[ERROR] (upfront.cognitivelevelpredictor) This package does not have downloadable releases.
[INFO] (upfront.foldercontents) This package is up to date.
[INFO] (upfront.navportlet) This package is up to date.
[INFO] (upfront.simplereferencefield) This package is up to date.
[ERROR] (upgrade) This package does not have downloadable releases.
[INFO] (upgrade-requirements) This package is up to date.
[INFO] (upicasa) This package is up to date.
[ERROR] (upipe) This package does not have downloadable releases.
[INFO] (upkg) This package is up to date.
[INFO] (upld-tester-1) This package is up to date.
[INFO] (uplift) This package is up to date.
[INFO] (uplink) This package is up to date.
[INFO] (upload-file-s3) This package is up to date.
[INFO] (upload-haddocks) This package is up to date.
[INFO] (uploader) This package is up to date.
[INFO] (uploadfu) This package is up to date.
[INFO] (uploadview) This package is up to date.
[INFO] (uploadwithus) This package is up to date.
[INFO] (uplook) This package is up to date.
[ERROR] (upm) This package does not have downloadable releases.
[INFO] (upme) This package is up to date.
[INFO] (upnp-inspector) This package is up to date.
[INFO] (upodder) This package is up to date.
[INFO] (upoints) This package is up to date.
[INFO] (upper-50) This package is up to date.
[INFO] (uppsell) This package is up to date.
[INFO] (upr) This package is up to date.
[ERROR] (upraise) This package does not have downloadable releases.
[INFO] (uprefix) This package is up to date.
[INFO] (uproxy) This package is up to date.
[INFO] (ups) This package is up to date.
[INFO] (ups-utils) This package is up to date.
[INFO] (upscrot) This package is up to date.
[INFO] (upsearch) This package is up to date.
[INFO] (upsert) This package is up to date.
[INFO] (upsidedown) This package is up to date.
[INFO] (upsilon) This package is up to date.
[INFO] (upsmychoice) This package is up to date.
[INFO] (upstart) This package is up to date.
[INFO] (upstart-dev) This package is up to date.
[INFO] (upstart-new) This package is up to date.
[INFO] (upstox) This package is up to date.
[INFO] (uptick) This package is up to date.
[INFO] (uptide) This package is up to date.
[INFO] (uptime) This package is up to date.
[INFO] (upy) This package is up to date.
[ERROR] (upyflashed) This package does not have downloadable releases.
[INFO] (upython) This package is up to date.
[INFO] (upyun) This package is up to date.
[INFO] (upyun-cli) This package is up to date.
[INFO] (upyun-django) This package is up to date.
[INFO] (uq) This package is up to date.
[INFO] (uqid) This package is up to date.
[INFO] (uqtoolbox) This package is up to date.
[INFO] (ur-cb2) This package is up to date.
[INFO] (ur1) This package is up to date.
[INFO] (uranium) This package is up to date.
[INFO] (urbackup-server-web-api-wrapper) This package is up to date.
[INFO] (urban) This package is up to date.
[INFO] (urbanairship) This package is up to date.
[INFO] (urbanairship3) This package is up to date.
[INFO] (urbandefinition) This package is up to date.
[INFO] (urbandict) This package is up to date.
[INFO] (urbandictionary) This package is up to date.
[INFO] (urbanmediator) This package is up to date.
[INFO] (urbanpyctionary) This package is up to date.
[INFO] (urbansim) This package is up to date.
[INFO] (urcalc) This package is up to date.
[INFO] (urconf) This package is up to date.
[INFO] (ureactme) This package is up to date.
[INFO] (urecord) This package is up to date.
[INFO] (urequests) This package is up to date.
[INFO] (urest) This package is up to date.
[INFO] (urh) This package is up to date.
[INFO] (uri) This package is up to date.
[INFO] (uriah-nester) This package is up to date.
[INFO] (uriah-print) This package is up to date.
[INFO] (uricore) This package is up to date.
[INFO] (urihandler) This package is up to date.
[INFO] (urilib) This package is up to date.
[INFO] (uriref) This package is up to date.
[INFO] (uriregistry) This package is up to date.
[INFO] (uritemplate) This package is up to date.
[INFO] (uritemplate.py) This package is up to date.
[INFO] (uritool) This package is up to date.
[INFO] (uritools) This package is up to date.
[INFO] (uriutil) This package is up to date.
[INFO] (url) This package is up to date.
[INFO] (url-check) This package is up to date.
[INFO] (url-checker) This package is up to date.
[INFO] (url-extract) This package is up to date.
[INFO] (url-extractor) This package is up to date.
[INFO] (url-for-s3) This package is up to date.
[INFO] (url-matchers) This package is up to date.
[INFO] (url-mon) This package is up to date.
[INFO] (url-normalize) This package is up to date.
[INFO] (url-obfuscate) This package is up to date.
[INFO] (url-shortener) This package is up to date.
[INFO] (url-summary) This package is up to date.
[INFO] (url2feed) This package is up to date.
[INFO] (url2markdown-cli) This package is up to date.
[INFO] (url2word) This package is up to date.
[INFO] (urlarchiver) This package is up to date.
[INFO] (urlblocks) This package is up to date.
[INFO] (urlcan) This package is up to date.
[INFO] (urlcanon) This package is up to date.
[INFO] (urlclean) This package is up to date.
[INFO] (urlclustering) This package is up to date.
[INFO] (urlconvert) This package is up to date.
[INFO] (urldecode) This package is up to date.
[INFO] (urledit) This package is up to date.
[INFO] (urler) This package is up to date.
[INFO] (urlextract) This package is up to date.
[INFO] (urlfetch) This package is up to date.
[INFO] (urlfinder) This package is up to date.
[INFO] (urlfit) This package is up to date.
[INFO] (urlgrabber) This package is up to date.
[INFO] (urlhelp) This package is up to date.
[INFO] (urlhmac) This package is up to date.
[INFO] (urlimport) This package is up to date.
[ERROR] (urlimport.py) Could not get a response from API for this package. See below for details.
Traceback (most recent call last):
  File "/usr/local/lib/python3.5/dist-packages/pypicontents/api/pypi.py", line 264, in get_pkgdata
    timeout=10).read()
  File "/usr/lib/python3.5/urllib/request.py", line 163, in urlopen
    return opener.open(url, data, timeout)
  File "/usr/lib/python3.5/urllib/request.py", line 472, in open
    response = meth(req, response)
  File "/usr/lib/python3.5/urllib/request.py", line 582, in http_response
    'http', request, response, code, msg, hdrs)
  File "/usr/lib/python3.5/urllib/request.py", line 510, in error
    return self._call_chain(*args)
  File "/usr/lib/python3.5/urllib/request.py", line 444, in _call_chain
    result = func(*args)
  File "/usr/lib/python3.5/urllib/request.py", line 590, in http_error_default
    raise HTTPError(req.full_url, code, msg, hdrs, fp)
urllib.error.HTTPError: HTTP Error 404: Not Found

[INFO] (urlinfo) This package is up to date.
[INFO] (urljects) This package is up to date.
[INFO] (urlkit) This package is up to date.
[INFO] (urllib-kerberos) This package is up to date.
[INFO] (urllib2-file) This package is up to date.
[INFO] (urllib2-kerberos) This package is up to date.
[INFO] (urllib2-prior-auth) This package is up to date.
[INFO] (urllib3) This package is up to date.
[INFO] (urllib3-mock) This package is up to date.
[ERROR] (urllib4) Could not extract data from this package. See below for details.
This package download URL does not point to a valid file: "http://code.google.com/p/urllib4/downloads/list"
[INFO] (urllib5) This package is up to date.
[INFO] (urllibcache) This package is up to date.
[INFO] (urlman) This package is up to date.
[ERROR] (urlmap) Could not extract data from this package. See below for details.
This package download URL does not point to a valid file: "https://nodeload.github.com/0wls/urlmap/zipball/master"
[INFO] (urlmark) This package is up to date.
[INFO] (urlmatch) This package is up to date.
[INFO] (urlminer) This package is up to date.
[INFO] (urlmon) This package is up to date.
[INFO] (urlnorm) This package is up to date.
[INFO] (urlobject) This package is up to date.
[INFO] (urlopen) This package is up to date.
[INFO] (urlparse2) This package is up to date.
[INFO] (urlparse3) This package is up to date.
[INFO] (urlparse4) This package is up to date.
[INFO] (urlpath) This package is up to date.
[INFO] (urlprase) This package is up to date.
[INFO] (urlquery) This package is up to date.
[INFO] (urlquick) This package is up to date.
[INFO] (urlrap) This package is up to date.
[INFO] (urlreader) This package is up to date.
[INFO] (urlrelay) This package is up to date.
[INFO] (urlreplacer) This package is up to date.
[ERROR] (urls) Could not get a response from API for this package. See below for details.
Traceback (most recent call last):
  File "/usr/local/lib/python3.5/dist-packages/pypicontents/api/pypi.py", line 264, in get_pkgdata
    timeout=10).read()
  File "/usr/lib/python3.5/urllib/request.py", line 163, in urlopen
    return opener.open(url, data, timeout)
  File "/usr/lib/python3.5/urllib/request.py", line 472, in open
    response = meth(req, response)
  File "/usr/lib/python3.5/urllib/request.py", line 582, in http_response
    'http', request, response, code, msg, hdrs)
  File "/usr/lib/python3.5/urllib/request.py", line 510, in error
    return self._call_chain(*args)
  File "/usr/lib/python3.5/urllib/request.py", line 444, in _call_chain
    result = func(*args)
  File "/usr/lib/python3.5/urllib/request.py", line 590, in http_error_default
    raise HTTPError(req.full_url, code, msg, hdrs, fp)
urllib.error.HTTPError: HTTP Error 404: Not Found

[INFO] (urlsafecrypt) This package is up to date.
[INFO] (urlscan) This package is up to date.
[INFO] (urlsearch) This package is up to date.
[INFO] (urlshots-api) This package is up to date.
[INFO] (urlsresolver) This package is up to date.
[INFO] (urlstore) This package is up to date.
[INFO] (urlstring) This package is up to date.
[INFO] (urltest) This package is up to date.
[INFO] (urltomd) This package is up to date.
[INFO] (urltools) This package is up to date.
[INFO] (urltree) This package is up to date.
[INFO] (urlunshort) This package is up to date.
[INFO] (urlwait) This package is up to date.
[INFO] (urlwatch) This package is up to date.
[INFO] (urly) This package is up to date.
[INFO] (urp) This package is up to date.
[INFO] (urpc) This package is up to date.
[ERROR] (ursa) This package does not have downloadable releases.
[INFO] (ursa2) This package is up to date.
[INFO] (urssus) This package is up to date.
[INFO] (urt) This package is up to date.
[INFO] (urtc) This package is up to date.
[INFO] (urtimer) This package is up to date.
[INFO] (urubu) This package is up to date.
[ERROR] (urutu) This package does not have downloadable releases.
[INFO] (urwid) This package is up to date.
[INFO] (urwid-geventloop) This package is up to date.
[INFO] (urwid-pydux) This package is up to date.
[INFO] (urwid-readline) This package is up to date.
[INFO] (urwid-satext) This package is up to date.
[INFO] (urwid-stackedwidget) This package is up to date.
[INFO] (urwid-timed-progress) This package is up to date.
[INFO] (urwid-todos) This package is up to date.
[INFO] (urwid-utils) This package is up to date.
[INFO] (urwidtrees) This package is up to date.
[INFO] (urx) This package is up to date.
[INFO] (urxui) This package is up to date.
[INFO] (urxvt-tabbed) This package is up to date.
[INFO] (us) This package is up to date.
[INFO] (us-census) This package is up to date.
[INFO] (us3) This package is up to date.
[ERROR] (usa) This package does not have downloadable releases.
[INFO] (usa-spending) This package is up to date.
[INFO] (usa-today) This package is up to date.
[INFO] (usabilla-api) This package is up to date.
[INFO] (usable) This package is up to date.
[INFO] (usace-public-notices) This package is up to date.
[INFO] (usaddress) This package is up to date.
[INFO] (usage) This package is up to date.
[INFO] (usageapi) This package is up to date.
[INFO] (usagestats) This package is up to date.
[INFO] (usagi) This package is up to date.
[INFO] (usajobs) This package is up to date.
[INFO] (usbarm) This package is up to date.
[INFO] (usbdev) This package is up to date.
[INFO] (usbgen) This package is up to date.
[INFO] (usbid) This package is up to date.
[INFO] (usbinfo) This package is up to date.
[INFO] (usblamp) This package is up to date.
[INFO] (usblock) This package is up to date.
[INFO] (uscpi) This package is up to date.
[INFO] (uscrape) This package is up to date.
[INFO] (usdt) This package is up to date.
[INFO] (use0mk) This package is up to date.
[INFO] (usedef) This package is up to date.
[INFO] (useful) This package is up to date.
[INFO] (useful-collections) This package is up to date.
[INFO] (useful-inkleby) This package is up to date.
[ERROR] (usefulutil) This package does not have downloadable releases.
[INFO] (usefulutils) This package is up to date.
[INFO] (useless) This package is up to date.
[INFO] (useless-py) This package is up to date.
[INFO] (useless-utils) This package is up to date.
[INFO] (useless.pipes) This package is up to date.
[INFO] (usementionerror) This package is up to date.
[INFO] (usemoduleprint) This package is up to date.
[ERROR] (useppm) This package does not have downloadable releases.
[INFO] (useppy) This package is up to date.
[ERROR] (user) This package does not have downloadable releases.
[INFO] (user-agent) This package is up to date.
[INFO] (user-agents) This package is up to date.
[INFO] (user-behavior) This package is up to date.
[INFO] (user-config) This package is up to date.
[INFO] (user-messages) This package is up to date.
[INFO] (user-profile) This package is up to date.
[INFO] (useragent) This package is up to date.
[INFO] (useragentutils) This package is up to date.
[INFO] (userapp) This package is up to date.
[INFO] (userapp-cli) This package is up to date.
[INFO] (userapp.tornado) This package is up to date.
[ERROR] (userbackup) Could not extract data from this package. See below for details.
Could not extract tarball. See below for details.
Traceback (most recent call last):
  File "/usr/lib/python3.5/tarfile.py", line 1631, in gzopen
    t = cls.taropen(name, mode, fileobj, **kwargs)
  File "/usr/lib/python3.5/tarfile.py", line 1607, in taropen
    return cls(name, mode, fileobj, **kwargs)
  File "/usr/lib/python3.5/tarfile.py", line 1470, in __init__
    self.firstmember = self.next()
  File "/usr/lib/python3.5/tarfile.py", line 2281, in next
    tarinfo = self.tarinfo.fromtarfile(self)
  File "/usr/lib/python3.5/tarfile.py", line 1082, in fromtarfile
    buf = tarfile.fileobj.read(BLOCKSIZE)
  File "/usr/lib/python3.5/gzip.py", line 274, in read
    return self._buffer.read(size)
  File "/usr/lib/python3.5/_compression.py", line 68, in readinto
    data = self.read(len(byte_view))
  File "/usr/lib/python3.5/gzip.py", line 461, in read
    if not self._read_gzip_header():
  File "/usr/lib/python3.5/gzip.py", line 409, in _read_gzip_header
    raise OSError('Not a gzipped file (%r)' % magic)
OSError: Not a gzipped file (b'<!')

During handling of the above exception, another exception occurred:

Traceback (most recent call last):
  File "/usr/local/lib/python3.5/dist-packages/pypicontents/api/pypi.py", line 131, in get_tar_topdir
    with closing(compressed(tarpath, tarmode)) as tar:
  File "/usr/lib/python3.5/tarfile.py", line 1577, in open
    return func(name, filemode, fileobj, **kwargs)
  File "/usr/lib/python3.5/tarfile.py", line 1635, in gzopen
    raise ReadError("not a gzip file")
tarfile.ReadError: not a gzip file

[INFO] (userbase) This package is up to date.
[ERROR] (userconfig) Could not extract data from this package. See below for details.
"http://userconfig.googlecode.com/files/userconfig-1.0.9-py2.5.egg" file could not be downloaded. See below for details.
Traceback (most recent call last):
  File "/usr/local/lib/python3.5/dist-packages/pypicontents/api/pypi.py", line 107, in download_tar
    f.write(urlopen(url=urlesc(pkgurl), timeout=10).read())
  File "/usr/lib/python3.5/urllib/request.py", line 163, in urlopen
    return opener.open(url, data, timeout)
  File "/usr/lib/python3.5/urllib/request.py", line 472, in open
    response = meth(req, response)
  File "/usr/lib/python3.5/urllib/request.py", line 582, in http_response
    'http', request, response, code, msg, hdrs)
  File "/usr/lib/python3.5/urllib/request.py", line 510, in error
    return self._call_chain(*args)
  File "/usr/lib/python3.5/urllib/request.py", line 444, in _call_chain
    result = func(*args)
  File "/usr/lib/python3.5/urllib/request.py", line 590, in http_error_default
    raise HTTPError(req.full_url, code, msg, hdrs, fp)
urllib.error.HTTPError: HTTP Error 404: Not Found

[INFO] (usercustomize3264) This package is up to date.
[ERROR] (userdefaults) This package does not have downloadable releases.
[ERROR] (userdock) Could not get a response from API for this package. See below for details.
Traceback (most recent call last):
  File "/usr/local/lib/python3.5/dist-packages/pypicontents/api/pypi.py", line 264, in get_pkgdata
    timeout=10).read()
  File "/usr/lib/python3.5/urllib/request.py", line 163, in urlopen
    return opener.open(url, data, timeout)
  File "/usr/lib/python3.5/urllib/request.py", line 472, in open
    response = meth(req, response)
  File "/usr/lib/python3.5/urllib/request.py", line 582, in http_response
    'http', request, response, code, msg, hdrs)
  File "/usr/lib/python3.5/urllib/request.py", line 510, in error
    return self._call_chain(*args)
  File "/usr/lib/python3.5/urllib/request.py", line 444, in _call_chain
    result = func(*args)
  File "/usr/lib/python3.5/urllib/request.py", line 590, in http_error_default
    raise HTTPError(req.full_url, code, msg, hdrs, fp)
urllib.error.HTTPError: HTTP Error 404: Not Found

[INFO] (userdocker) This package is up to date.
[INFO] (userexit) This package is up to date.
[INFO] (usergrid) This package is up to date.
[INFO] (usergrid-tools) This package is up to date.
[ERROR] (usergrid-util) Could not extract data from this package. See below for details.
".0.2" extension not supported.
[INFO] (usergrid-utils) This package is up to date.
[INFO] (usermanager) This package is up to date.
[INFO] (usernameccplugin) This package is up to date.
[INFO] (usernamegen) This package is up to date.
[INFO] (userpath) This package is up to date.
[INFO] (userprofile) This package is up to date.
[INFO] (users) This package is up to date.
[INFO] (userschema) This package is up to date.
[INFO] (usersettings) This package is up to date.
[INFO] (usersgithub) This package is up to date.
[INFO] (usertrue) This package is up to date.
[INFO] (uservice-logging) This package is up to date.
[INFO] (uservice-utils) This package is up to date.
[INFO] (uservoice) This package is up to date.
[INFO] (usethis-django-bootstrap) This package is up to date.
[INFO] (usexif) This package is up to date.
[INFO] (usfm) This package is up to date.
[INFO] (usfm-tools) This package is up to date.
[INFO] (usfm-utils) This package is up to date.
[INFO] (usfm2osis) This package is up to date.
[INFO] (usginmodels) This package is up to date.
[INFO] (usgs) This package is up to date.
[INFO] (usgs-api) This package is up to date.
[ERROR] (usgsdata-citiesx020) This package does not have downloadable releases.
[INFO] (usgsdownload) This package is up to date.
[INFO] (ushahidi-sphinx-rtd-theme) This package is up to date.
[INFO] (ushakov) This package is up to date.
[INFO] (ushapy) This package is up to date.
[INFO] (usher) This package is up to date.
[INFO] (ushlex) This package is up to date.
[INFO] (usig-normalizador-amba) This package is up to date.
[INFO] (usigtreatment) This package is up to date.
[ERROR] (usingnamespace) This package does not have downloadable releases.
[INFO] (usncarve) Data has been updated for this package.
[INFO] (usnparser) Data has been updated for this package.
[INFO] (usolitaire) This package is up to date.
[INFO] (usonic) This package is up to date.
[INFO] (usov) This package is up to date.
[INFO] (uspech) This package is up to date.
[INFO] (uspenskii) This package is up to date.
[ERROR] (usphinx) This package does not have downloadable releases.
[INFO] (uspp-universal-serial-port-python-library) This package is up to date.
[INFO] (usrsvc) This package is up to date.
[INFO] (ussclicore) This package is up to date.
[INFO] (ussd-airflow) This package is up to date.
[INFO] (usshapes) This package is up to date.
[INFO] (ustack-logging) This package is up to date.
[INFO] (ustcecardscv) This package is up to date.
[INFO] (ustclnk) This package is up to date.
[INFO] (ustcnlp) This package is up to date.
[INFO] (ustinov) This package is up to date.
[INFO] (ustudio-hmac-tornado) This package is up to date.
[INFO] (usuarioapppackagegeo) This package is up to date.
[ERROR] (usufy) This package does not have downloadable releases.
[ERROR] (usurp) This package does not have downloadable releases.
[INFO] (usurper) This package is up to date.
[INFO] (usury) This package is up to date.
[INFO] (uszipcode) This package is up to date.
[INFO] (ut-nester) This package is up to date.
[INFO] (ut61e) This package is up to date.
[INFO] (uta) This package is up to date.
[INFO] (uta-align) This package is up to date.
[INFO] (utaskweb) This package is up to date.
[INFO] (utaw) This package is up to date.
[INFO] (utc) This package is up to date.
[INFO] (utcdatetime) This package is up to date.
[INFO] (utcondor) This package is up to date.
[INFO] (utemplate) This package is up to date.
[INFO] (utensils) This package is up to date.
[INFO] (uterm) This package is up to date.
[INFO] (utest) This package is up to date.
[INFO] (utf7) This package is up to date.
[ERROR] (utf8) Could not get a response from API for this package. See below for details.
Traceback (most recent call last):
  File "/usr/local/lib/python3.5/dist-packages/pypicontents/api/pypi.py", line 264, in get_pkgdata
    timeout=10).read()
  File "/usr/lib/python3.5/urllib/request.py", line 163, in urlopen
    return opener.open(url, data, timeout)
  File "/usr/lib/python3.5/urllib/request.py", line 472, in open
    response = meth(req, response)
  File "/usr/lib/python3.5/urllib/request.py", line 582, in http_response
    'http', request, response, code, msg, hdrs)
  File "/usr/lib/python3.5/urllib/request.py", line 510, in error
    return self._call_chain(*args)
  File "/usr/lib/python3.5/urllib/request.py", line 444, in _call_chain
    result = func(*args)
  File "/usr/lib/python3.5/urllib/request.py", line 590, in http_error_default
    raise HTTPError(req.full_url, code, msg, hdrs, fp)
urllib.error.HTTPError: HTTP Error 404: Not Found

[INFO] (utf8-codepoint) This package is up to date.
[INFO] (utf8config) This package is up to date.
[INFO] (utf8forgood) This package is up to date.
[INFO] (utf8proc) This package is up to date.
[INFO] (utf8tobibtex) This package is up to date.
[INFO] (utf9) This package is up to date.
[INFO] (utfhate) This package is up to date.
[INFO] (utg) This package is up to date.
[INFO] (uthreads) This package is up to date.
[INFO] (utide) This package is up to date.
[ERROR] (utidylib) This package does not have downloadable releases.
[ERROR] (util) This package does not have downloadable releases.
[INFO] (util-random) This package is up to date.
[INFO] (utile) This package is up to date.
[INFO] (utilex) This package is up to date.
[INFO] (utilinaut) This package is up to date.
[INFO] (utilis) This package is up to date.
[ERROR] (utilities) This package does not have downloadable releases.
[INFO] (utility) This package is up to date.
[INFO] (utilitybelt) This package is up to date.
[INFO] (utilkit) This package is up to date.
[INFO] (utillib) This package is up to date.
[INFO] (utilofies) This package is up to date.
[INFO] (utils) This package is up to date.
[INFO] (utils-py) This package is up to date.
[INFO] (utils2) This package is up to date.
[INFO] (utilspie) This package is up to date.
[INFO] (utilspy) This package is up to date.
[INFO] (utilz) This package is up to date.
[INFO] (utinypass) This package is up to date.
[INFO] (utipy) This package is up to date.
[INFO] (utkin) This package is up to date.
[INFO] (utknows) This package is up to date.
[INFO] (utl) This package is up to date.
[ERROR] (utlimate-webshots-converter-for-kde) Could not extract data from this package. See below for details.
".php" extension not supported.
[INFO] (utlts) This package is up to date.
[INFO] (utlz) This package is up to date.
[INFO] (utm) This package is up to date.
[INFO] (utmp) This package is up to date.
[INFO] (utool) This package is up to date.
[INFO] (utools) This package is up to date.
[ERROR] (utopia) This package does not have downloadable releases.
[INFO] (utorrent.py) This package is up to date.
[INFO] (utrunner) This package is up to date.
[INFO] (uts) This package is up to date.
[INFO] (utsessions) This package is up to date.
[INFO] (utt) Data has been updated for this package.
[INFO] (utter) This package is up to date.
[INFO] (utterson) This package is up to date.
[INFO] (uttt) This package is up to date.
[INFO] (uttt-irc) This package is up to date.
[INFO] (utvsapitoken) This package is up to date.
[INFO] (utwist) This package is up to date.
[INFO] (uu-fibonacci) This package is up to date.
[ERROR] (uudelens) Could not extract data from this package. See below for details.
This package download URL does not point to a valid file: "http://www.florian-diesch.de/software/uudelens/"
[INFO] (uuid) This package is up to date.
[INFO] (uuid1) This package is up to date.
[INFO] (uuid64) This package is up to date.
[INFO] (uulm-mensa) This package is up to date.
[ERROR] (uv) This package does not have downloadable releases.
[INFO] (uvarov) This package is up to date.
[INFO] (uvc) This package is up to date.
[INFO] (uvc.content) This package is up to date.
[INFO] (uvcclient) This package is up to date.
[INFO] (uvio) This package is up to date.
[INFO] (uvloop) This package is up to date.
[INFO] (uvp-adb) This package is up to date.
[ERROR] (uvs-utils) Could not get a response from API for this package. See below for details.
Traceback (most recent call last):
  File "/usr/local/lib/python3.5/dist-packages/pypicontents/api/pypi.py", line 264, in get_pkgdata
    timeout=10).read()
  File "/usr/lib/python3.5/urllib/request.py", line 163, in urlopen
    return opener.open(url, data, timeout)
  File "/usr/lib/python3.5/urllib/request.py", line 472, in open
    response = meth(req, response)
  File "/usr/lib/python3.5/urllib/request.py", line 582, in http_response
    'http', request, response, code, msg, hdrs)
  File "/usr/lib/python3.5/urllib/request.py", line 504, in error
    result = self._call_chain(*args)
  File "/usr/lib/python3.5/urllib/request.py", line 444, in _call_chain
    result = func(*args)
  File "/usr/lib/python3.5/urllib/request.py", line 696, in http_error_302
    return self.parent.open(new, timeout=req.timeout)
  File "/usr/lib/python3.5/urllib/request.py", line 472, in open
    response = meth(req, response)
  File "/usr/lib/python3.5/urllib/request.py", line 582, in http_response
    'http', request, response, code, msg, hdrs)
  File "/usr/lib/python3.5/urllib/request.py", line 510, in error
    return self._call_chain(*args)
  File "/usr/lib/python3.5/urllib/request.py", line 444, in _call_chain
    result = func(*args)
  File "/usr/lib/python3.5/urllib/request.py", line 590, in http_error_default
    raise HTTPError(req.full_url, code, msg, hdrs, fp)
urllib.error.HTTPError: HTTP Error 404: Not Found

[INFO] (uvsnap) This package is up to date.
[INFO] (uvsq.theme) This package is up to date.
[INFO] (uvwsgi) This package is up to date.
[INFO] (uvwxyz) This package is up to date.
[INFO] (uw-atg-wx) This package is up to date.
[INFO] (uw-canvas-users-lti) This package is up to date.
[INFO] (uw-course-roster-lti) This package is up to date.
[INFO] (uw-grade-conversion-calculator) This package is up to date.
[INFO] (uw-grading-standard-lti) This package is up to date.
[INFO] (uw-groups-lti) This package is up to date.
[INFO] (uw-library-guides-lti) This package is up to date.
[INFO] (uw-restclients) This package is up to date.
[INFO] (uw-restclients-canvas) This package is up to date.
[INFO] (uw-restclients-catalyst) This package is up to date.
[INFO] (uw-restclients-core) This package is up to date.
[INFO] (uw-restclients-django-utils) This package is up to date.
[INFO] (uw-restclients-gradepage) This package is up to date.
[INFO] (uw-restclients-graderoster) This package is up to date.
[INFO] (uw-restclients-gws) This package is up to date.
[INFO] (uw-restclients-hfs) This package is up to date.
[INFO] (uw-restclients-kws) This package is up to date.
[INFO] (uw-restclients-libraries) This package is up to date.
[INFO] (uw-restclients-nws) This package is up to date.
[INFO] (uw-restclients-pws) This package is up to date.
[INFO] (uw-restclients-sws) This package is up to date.
[INFO] (uw-tools) This package is up to date.
[INFO] (uwaterloo-addcourse) This package is up to date.
[INFO] (uwaterlooapi) This package is up to date.
[INFO] (uweb) This package is up to date.
[INFO] (uwhoisd) This package is up to date.
[INFO] (uwkm-streamfields) This package is up to date.
[INFO] (uwl) This package is up to date.
[INFO] (uwocalendar) This package is up to date.
[INFO] (uwosh.atimageeditor) This package is up to date.
[INFO] (uwosh.default) This package is up to date.
[INFO] (uwosh.double-blind-review) This package is up to date.
[INFO] (uwosh.meeting) This package is up to date.
[INFO] (uwosh.northstar) This package is up to date.
[INFO] (uwosh.pfg.d2c) This package is up to date.
[INFO] (uwosh.portaltabssearchbox) This package is up to date.
[INFO] (uwosh.simpleemergency) This package is up to date.
[INFO] (uwosh.snippets) This package is up to date.
[INFO] (uwosh.timeslot) This package is up to date.
[INFO] (uwosh.transitionbuttons) This package is up to date.
[INFO] (uws-client) This package is up to date.
[INFO] (uwsgi) This package is up to date.
[INFO] (uwsgi-cache) This package is up to date.
[INFO] (uwsgi-cli) This package is up to date.
[INFO] (uwsgi-cloudwatch) This package is up to date.
[INFO] (uwsgi-exporter) This package is up to date.
[INFO] (uwsgi-manager) This package is up to date.
[INFO] (uwsgi-metrics) This package is up to date.
[INFO] (uwsgi-metrics3) This package is up to date.
[INFO] (uwsgi-sloth) This package is up to date.
[INFO] (uwsgi-stub) This package is up to date.
[INFO] (uwsgi-tasks) This package is up to date.
[INFO] (uwsgi-tools) This package is up to date.
[INFO] (uwsgicachetop) This package is up to date.
[INFO] (uwsgidecorators) This package is up to date.
[INFO] (uwsgidecorators-fallback) This package is up to date.
[INFO] (uwsgidns) This package is up to date.
[INFO] (uwsgifouine) This package is up to date.
[INFO] (uwsgiit-console) This package is up to date.
[INFO] (uwsgiit-py) This package is up to date.
[INFO] (uwsgitop) This package is up to date.
[INFO] (uwsgiwebtop) This package is up to date.
[INFO] (uwu) This package is up to date.
[INFO] (uwz) This package is up to date.
[INFO] (uxadt) This package is up to date.
[INFO] (uxbgtk) This package is up to date.
[INFO] (uz) This package is up to date.
[INFO] (uzmq) This package is up to date.
[INFO] 
[INFO] 
[INFO] Total packages: 1170
[INFO]     Packages processed: 1170
[INFO]         Packages updated: 5
[INFO]         Packages up-to-date: 1062
[INFO]         Packages without response: 12
[INFO]         Packages without urls: 0
[INFO]         Packages without downloads: 70
[INFO]         Packages with data errors: 21
[INFO]     Packages not processed: 0
[INFO] 
[INFO] 
[INFO] Ending execution.
